@@@@@@@@@@@@@@@@@@@@@@@@@@@@@@@@@@@@@@@@@@@@@@@@@@@@@@@@@@@@@@@@@@@@@@@@@@@@@@@@@@@
3o JAN
@@@@@@@@@@@@@@@@@@@@@@@@@@@@@@@@@@@@@@@@@@@@@@@@@@@@@@@@@@@@@@@@@@@@@@@@@@@@@@@@@@@
(C:\ProgramData\Anaconda2) C:\Users\faceb>cd C:\Users\faceb\OneDrive - Nanyang Technological University\FYP\3d-recon\packages

(C:\ProgramData\Anaconda2) C:\Users\faceb\OneDrive - Nanyang Technological University\FYP\3d-recon\packages>conda install --file exported_packages
Fetching package metadata .............

PackageNotFoundError: Packages missing in current channels:

  - flask-bootstrap 3.2.0.2 py27_0

We have searched for the packages in the following channels:

  - https://repo.continuum.io/pkgs/main/win-64
  - https://repo.continuum.io/pkgs/main/noarch
  - https://repo.continuum.io/pkgs/free/win-64
  - https://repo.continuum.io/pkgs/free/noarch
  - https://repo.continuum.io/pkgs/r/win-64
  - https://repo.continuum.io/pkgs/r/noarch
  - https://repo.continuum.io/pkgs/pro/win-64
  - https://repo.continuum.io/pkgs/pro/noarch
  - https://repo.continuum.io/pkgs/msys2/win-64
  - https://repo.continuum.io/pkgs/msys2/noarch


(C:\ProgramData\Anaconda2) C:\Users\faceb\OneDrive - Nanyang Technological University\FYP\3d-recon\packages>conda install -c hugo flask-bootstrap
Fetching package metadata ...............
Solving package specifications: .

Package plan for installation in environment C:\ProgramData\Anaconda2:

The following NEW packages will be INSTALLED:

    flask-bootstrap: 3.2.0.2-py27_0        hugo

The following packages will be UPDATED:

    anaconda:        5.0.1-py27hdb50712_1       --> custom-py27h689e5c3_0
    conda:           4.3.30-py27he817781_0      --> 4.4.8-py27_0
    pycosat:         0.6.2-py27h96ae2ec_1       --> 0.6.3-py27hcd410c5_0

Proceed ([y]/n)? y


CondaIOError: Missing write permissions in: C:\ProgramData\Anaconda2
#
# You don't appear to have the necessary permissions to install packages
# into the install area 'C:\ProgramData\Anaconda2'.
# However you can clone this environment into your home directory and
# then make changes to it.
# This may be done using the command:
#
# $ conda create -n my_root --clone="C:\ProgramData\Anaconda2"


(C:\ProgramData\Anaconda2) C:\Users\faceb\OneDrive - Nanyang Technological University\FYP\3d-recon\packages>conda create -n my_root --clone="C:\ProgramData\Anaconda2"
Source:      C:\ProgramData\Anaconda2
Destination: C:\Users\faceb\AppData\Local\conda\conda\envs\my_root
The following packages cannot be cloned out of the root environment:
 - conda-4.3.30-py27he817781_0
 - conda-build-3.0.27-py27hdc961ca_0
 - conda-env-2.6.0-h36134e3_1
Packages: 229
Files: 14
ERROR conda.core.link:_execute_actions(337): An error occurred while installing package 'defaults::werkzeug-0.12.2-py27h822ccf9_0'.
CondaSignalInterrupt: Signal interrupt SIGINT
Attempting to roll back.

WARNING conda.gateways.disk.permissions:make_writable(39): Error making path writable: C:\Users\faceb\AppData\Local\conda\conda\envs\my_root\Lib\site-packages\wcwidth\tests\__init__.pyc
CondaSignalInterrupt: Signal interrupt SIGINT
WARNING conda.gateways.disk.permissions:make_writable(39): Error making path writable: C:\Users\faceb\AppData\Local\conda\conda\envs\my_root\Lib\site-packages\numpy\tests\test_matlib.pyc
CondaSignalInterrupt: Signal interrupt SIGINT
WARNING conda.gateways.disk.permissions:make_writable(39): Error making path writable: C:\Users\faceb\AppData\Local\conda\conda\envs\my_root\Lib\site-packages\dask\dataframe\tseries\resample.pyc
CondaSignalInterrupt: Signal interrupt SIGINT
WARNING conda.gateways.disk.permissions:make_writable(39): Error making path writable: C:\Users\faceb\AppData\Local\conda\conda\envs\my_root\tcl\tix8.4.3\bitmaps\srcfile.xpm
CondaSignalInterrupt: Signal interrupt SIGINT
WARNING conda.gateways.disk.permissions:make_writable(39): Error making path writable: C:\Users\faceb\AppData\Local\conda\conda\envs\my_root\Lib\runpy.py
CondaSignalInterrupt: Signal interrupt SIGINT
WARNING conda.gateways.disk.permissions:make_writable(39): Error making path writable: C:\Users\faceb\AppData\Local\conda\conda\envs\my_root\Lib\idlelib\__init__.pyc
CondaSignalInterrupt: Signal interrupt SIGINT

Traceback (most recent call last):
  File "C:\ProgramData\Anaconda2\lib\logging\__init__.py", line 872, in emit
    stream.write(ufs % msg)
IOError: [Errno 0] Error
Logged from file exceptions.py, line 567

(C:\ProgramData\Anaconda2) C:\Users\faceb\OneDrive - Nanyang Technological University\FYP\3d-recon\packages>conda install -c hugo flask-bootstrapsdasdasdasddddsadasdasdddddccccccccchhdasdsassdsssssssconda install -c joschka_zj pyexiv2
usage: conda [-h] [-V] command ...
conda: error: unrecognized arguments: pyexiv2

(C:\ProgramData\Anaconda2) C:\Users\faceb\OneDrive - Nanyang Technological University\FYP\3d-recon\packages>conda install -c joschka_zj pyexiv2
Fetching package metadata ...............
Solving package specifications: .

Package plan for installation in environment C:\ProgramData\Anaconda2:

The following NEW packages will be INSTALLED:

    pyexiv2:  0.3.2-py27_0          joschka_zj

The following packages will be UPDATED:

    anaconda: 5.0.1-py27hdb50712_1             --> custom-py27h689e5c3_0
    conda:    4.3.30-py27he817781_0            --> 4.4.8-py27_0
    pycosat:  0.6.2-py27h96ae2ec_1             --> 0.6.3-py27hcd410c5_0

Proceed ([y]/n)? y


CondaIOError: Missing write permissions in: C:\ProgramData\Anaconda2
#
# You don't appear to have the necessary permissions to install packages
# into the install area 'C:\ProgramData\Anaconda2'.
# However you can clone this environment into your home directory and
# then make changes to it.
# This may be done using the command:
#
# $ conda create -n my_root --clone="C:\ProgramData\Anaconda2"

@@@@@@@@@@@@@@@@@@@@@@@@@@@@@@@@@@@@@@@@@@@@@@@@@@@@@@@@@@@@@@@@@@@@@@@@@@@@@@@@@@@@@@@@
31 JAN
@@@@@@@@@@@@@@@@@@@@@@@@@@@@@@@@@@@@@@@@@@@@@@@@@@@@@@@@@@@@@@@@@@@@@@@@@@@@@@@@@@@@@@@@

(C:\ProgramData\Anaconda2) C:\>d:

(C:\ProgramData\Anaconda2) D:\FYP\3D_Virtualisation\packages>conda install --file exported_packages
Fetching package metadata .............

PackageNotFoundError: Packages missing in current channels:

  - flask-bootstrap 3.2.0.2 py27_0

We have searched for the packages in the following channels:

  - https://repo.continuum.io/pkgs/main/win-64
  - https://repo.continuum.io/pkgs/main/noarch
  - https://repo.continuum.io/pkgs/free/win-64
  - https://repo.continuum.io/pkgs/free/noarch
  - https://repo.continuum.io/pkgs/r/win-64
  - https://repo.continuum.io/pkgs/r/noarch
  - https://repo.continuum.io/pkgs/pro/win-64
  - https://repo.continuum.io/pkgs/pro/noarch
  - https://repo.continuum.io/pkgs/msys2/win-64
  - https://repo.continuum.io/pkgs/msys2/noarch

(C:\ProgramData\Anaconda2) D:\FYP\3D_Virtualisation\packages>install  -r requirements.txt
'install' is not recognized as an internal or external command,
operable program or batch file.

(C:\ProgramData\Anaconda2) D:\FYP\3D_Virtualisation\packages>conda install -r requirements.txt
usage: conda [-h] [-V] command ...
conda: error: unrecognized arguments: -r

(C:\ProgramData\Anaconda2) D:\FYP\3D_Virtualisation\packages>pip install -r requirements.txt
Requirement already satisfied: alabaster==0.7.10 in c:\programdata\anaconda2\lib\site-packages (from -r requirements.txt (line 1))
Requirement already satisfied: anaconda-client==1.6.8 in c:\programdata\anaconda2\lib\site-packages (from -r requirements.txt (line 2))
Requirement already satisfied: anaconda-navigator==1.6.12 in c:\programdata\anaconda2\lib\site-packages (from -r requirements.txt (line 3))
Requirement already satisfied: anaconda-project==0.8.0 in c:\programdata\anaconda2\lib\site-packages (from -r requirements.txt (line 4))
Requirement already satisfied: asn1crypto==0.22.0 in c:\programdata\anaconda2\lib\site-packages (from -r requirements.txt (line 5))
Collecting astroid==1.4.9 (from -r requirements.txt (line 6))
  Using cached astroid-1.4.9-py2.py3-none-any.whl
Collecting astropy==1.3.2 (from -r requirements.txt (line 7))
  Using cached astropy-1.3.2-cp27-cp27m-win_amd64.whl
Collecting Babel==2.4.0 (from -r requirements.txt (line 8))
  Using cached Babel-2.4.0-py2.py3-none-any.whl
Requirement already satisfied: backports-abc==0.5 in c:\programdata\anaconda2\lib\site-packages (from -r requirements.txt (line 9))
Requirement already satisfied: backports.shutil-get-terminal-size==1.0.0 in c:\programdata\anaconda2\lib\site-packages (from -r requirements.txt (line 10))
Collecting backports.ssl-match-hostname==3.4.0.2 (from -r requirements.txt (line 11))
  Using cached backports.ssl_match_hostname-3.4.0.2.tar.gz
Requirement already satisfied: beautifulsoup4==4.6.0 in c:\programdata\anaconda2\lib\site-packages (from -r requirements.txt (line 12))
Requirement already satisfied: bitarray==0.8.1 in c:\programdata\anaconda2\lib\site-packages (from -r requirements.txt (line 13))
Collecting blaze==0.10.1 (from -r requirements.txt (line 14))
  Using cached blaze-0.10.1.tar.gz
Collecting bleach==1.5.0 (from -r requirements.txt (line 15))
  Using cached bleach-1.5.0-py2.py3-none-any.whl
Collecting blinker==1.4 (from -r requirements.txt (line 16))
  Using cached blinker-1.4.tar.gz
Collecting bokeh==0.12.5 (from -r requirements.txt (line 17))
  Using cached bokeh-0.12.5.tar.gz
Collecting boto==2.46.1 (from -r requirements.txt (line 18))
  Using cached boto-2.46.1-py2.py3-none-any.whl
Requirement already satisfied: Bottleneck==1.2.1 in c:\programdata\anaconda2\lib\site-packages (from -r requirements.txt (line 19))
Requirement already satisfied: cdecimal==2.3 in c:\programdata\anaconda2\lib\site-packages (from -r requirements.txt (line 20))
Requirement already satisfied: cffi==1.10.0 in c:\programdata\anaconda2\lib\site-packages (from -r requirements.txt (line 21))
Collecting chardet==3.0.3 (from -r requirements.txt (line 22))
  Using cached chardet-3.0.3-py2.py3-none-any.whl
Requirement already satisfied: click==6.7 in c:\programdata\anaconda2\lib\site-packages (from -r requirements.txt (line 23))
Collecting cloudpickle==0.2.2 (from -r requirements.txt (line 24))
  Using cached cloudpickle-0.2.2-py2.py3-none-any.whl
Requirement already satisfied: clyent==1.2.2 in c:\programdata\anaconda2\lib\site-packages (from -r requirements.txt (line 25))
Requirement already satisfied: colorama==0.3.9 in c:\programdata\anaconda2\lib\site-packages (from -r requirements.txt (line 26))
Requirement already satisfied: comtypes==1.1.2 in c:\programdata\anaconda2\lib\site-packages (from -r requirements.txt (line 27))
Requirement already satisfied: conda==4.4.8 in c:\programdata\anaconda2\lib\site-packages (from -r requirements.txt (line 28))
Requirement already satisfied: configparser==3.5.0 in c:\programdata\anaconda2\lib\site-packages (from -r requirements.txt (line 29))
Requirement already satisfied: contextlib2==0.5.5 in c:\programdata\anaconda2\lib\site-packages (from -r requirements.txt (line 30))
Collecting cryptography==1.8.1 (from -r requirements.txt (line 31))
  Using cached cryptography-1.8.1-cp27-cp27m-win_amd64.whl
Requirement already satisfied: cycler==0.10.0 in c:\programdata\anaconda2\lib\site-packages (from -r requirements.txt (line 32))
Collecting Cython==0.25.2 (from -r requirements.txt (line 33))
  Using cached Cython-0.25.2-cp27-none-win_amd64.whl
Requirement already satisfied: cytoolz==0.8.2 in c:\programdata\anaconda2\lib\site-packages (from -r requirements.txt (line 34))
Collecting dask==0.14.3 (from -r requirements.txt (line 35))
  Using cached dask-0.14.3-py2.py3-none-any.whl
Requirement already satisfied: datashape==0.5.4 in c:\programdata\anaconda2\lib\site-packages (from -r requirements.txt (line 36))
Collecting decorator==4.0.11 (from -r requirements.txt (line 37))
  Using cached decorator-4.0.11-py2.py3-none-any.whl
Collecting distributed==1.16.3 (from -r requirements.txt (line 38))
  Using cached distributed-1.16.3-py2.py3-none-any.whl
Collecting docutils==0.13.1 (from -r requirements.txt (line 39))
  Using cached docutils-0.13.1-py2-none-any.whl
Collecting entrypoints==0.2.2 (from -r requirements.txt (line 40))
  Using cached entrypoints-0.2.2-py2.py3-none-any.whl
Requirement already satisfied: enum34==1.1.6 in c:\programdata\anaconda2\lib\site-packages (from -r requirements.txt (line 41))
Requirement already satisfied: et-xmlfile==1.0.1 in c:\programdata\anaconda2\lib\site-packages (from -r requirements.txt (line 42))
Requirement already satisfied: fastcache==1.0.2 in c:\programdata\anaconda2\lib\site-packages (from -r requirements.txt (line 43))
Requirement already satisfied: Flask==0.12.2 in c:\programdata\anaconda2\lib\site-packages (from -r requirements.txt (line 44))
Collecting Flask-Bootstrap==3.2.0.2 (from -r requirements.txt (line 45))
  Using cached Flask-Bootstrap-3.2.0.2.tar.gz
Collecting Flask-Cors==3.0.2 (from -r requirements.txt (line 46))
  Using cached Flask_Cors-3.0.2-py2.py3-none-any.whl
Collecting Flask-DebugToolbar==0.10.1 (from -r requirements.txt (line 47))
  Using cached Flask_DebugToolbar-0.10.1-py2.py3-none-any.whl
Requirement already satisfied: funcsigs==1.0.2 in c:\programdata\anaconda2\lib\site-packages (from -r requirements.txt (line 48))
Requirement already satisfied: functools32==3.2.3.post2 in c:\programdata\anaconda2\lib\site-packages (from -r requirements.txt (line 49))
Requirement already satisfied: futures==3.1.1 in c:\programdata\anaconda2\lib\site-packages (from -r requirements.txt (line 50))
Collecting gevent==1.2.1 (from -r requirements.txt (line 51))
  Using cached gevent-1.2.1-cp27-cp27m-win_amd64.whl
Requirement already satisfied: greenlet==0.4.12 in c:\programdata\anaconda2\lib\site-packages (from -r requirements.txt (line 52))
Requirement already satisfied: grin==1.2.1 in c:\programdata\anaconda2\lib\site-packages (from -r requirements.txt (line 53))
Requirement already satisfied: h5py==2.7.0 in c:\programdata\anaconda2\lib\site-packages (from -r requirements.txt (line 54))
Requirement already satisfied: HeapDict==1.0.0 in c:\programdata\anaconda2\lib\site-packages (from -r requirements.txt (line 55))
Collecting html5lib==0.999 (from -r requirements.txt (line 56))
  Using cached html5lib-0.999.tar.gz
Collecting idna==2.5 (from -r requirements.txt (line 57))
  Using cached idna-2.5-py2.py3-none-any.whl
Requirement already satisfied: imagesize==0.7.1 in c:\programdata\anaconda2\lib\site-packages (from -r requirements.txt (line 58))
Requirement already satisfied: ipaddress==1.0.18 in c:\programdata\anaconda2\lib\site-packages (from -r requirements.txt (line 59))
Requirement already satisfied: ipykernel==4.6.1 in c:\programdata\anaconda2\lib\site-packages (from -r requirements.txt (line 60))
Collecting ipython==5.3.0 (from -r requirements.txt (line 61))
  Using cached ipython-5.3.0-py2-none-any.whl
Requirement already satisfied: ipython-genutils==0.2.0 in c:\programdata\anaconda2\lib\site-packages (from -r requirements.txt (line 62))
Collecting ipywidgets==6.0.0 (from -r requirements.txt (line 63))
  Using cached ipywidgets-6.0.0-py2.py3-none-any.whl
Collecting isort==4.2.5 (from -r requirements.txt (line 64))
  Using cached isort-4.2.5-py2.py3-none-any.whl
Requirement already satisfied: itsdangerous==0.24 in c:\programdata\anaconda2\lib\site-packages (from -r requirements.txt (line 65))
Requirement already satisfied: jdcal==1.3 in c:\programdata\anaconda2\lib\site-packages (from -r requirements.txt (line 66))
Requirement already satisfied: jedi==0.10.2 in c:\programdata\anaconda2\lib\site-packages (from -r requirements.txt (line 67))
Requirement already satisfied: Jinja2==2.9.6 in c:\programdata\anaconda2\lib\site-packages (from -r requirements.txt (line 68))
Requirement already satisfied: jsonschema==2.6.0 in c:\programdata\anaconda2\lib\site-packages (from -r requirements.txt (line 69))
Collecting jupyter==1.0.0 (from -r requirements.txt (line 70))
  Using cached jupyter-1.0.0-py2.py3-none-any.whl
Collecting jupyter-client==5.0.1 (from -r requirements.txt (line 71))
  Using cached jupyter_client-5.0.1-py2.py3-none-any.whl
Collecting jupyter-console==5.1.0 (from -r requirements.txt (line 72))
  Using cached jupyter_console-5.1.0-py2.py3-none-any.whl
Requirement already satisfied: jupyter-core==4.3.0 in c:\programdata\anaconda2\lib\site-packages (from -r requirements.txt (line 73))
Collecting lazy-object-proxy==1.2.2 (from -r requirements.txt (line 74))
  Using cached lazy_object_proxy-1.2.2-cp27-cp27m-win_amd64.whl
Collecting llvmlite==0.18.0 (from -r requirements.txt (line 75))
  Using cached llvmlite-0.18.0.tar.gz
Requirement already satisfied: locket==0.2.0 in c:\programdata\anaconda2\lib\site-packages (from -r requirements.txt (line 76))
Collecting lxml==3.7.3 (from -r requirements.txt (line 77))
  Using cached lxml-3.7.3-cp27-none-win_amd64.whl
Collecting MarkupSafe==0.23 (from -r requirements.txt (line 78))
  Using cached MarkupSafe-0.23.tar.gz
Collecting matplotlib==2.0.2 (from -r requirements.txt (line 79))
  Using cached matplotlib-2.0.2-cp27-cp27m-win_amd64.whl
Requirement already satisfied: menuinst==1.4.10 in c:\programdata\anaconda2\lib\site-packages (from -r requirements.txt (line 80))
Requirement already satisfied: mistune==0.7.4 in c:\programdata\anaconda2\lib\site-packages (from -r requirements.txt (line 81))
Requirement already satisfied: mpmath==0.19 in c:\programdata\anaconda2\lib\site-packages (from -r requirements.txt (line 82))
Requirement already satisfied: msgpack-python==0.4.8 in c:\programdata\anaconda2\lib\site-packages (from -r requirements.txt (line 83))
Requirement already satisfied: multipledispatch==0.4.9 in c:\programdata\anaconda2\lib\site-packages (from -r requirements.txt (line 84))
Requirement already satisfied: navigator-updater==0.1.0 in c:\programdata\anaconda2\lib\site-packages (from -r requirements.txt (line 85))
Collecting nbconvert==5.1.1 (from -r requirements.txt (line 86))
  Using cached nbconvert-5.1.1-py2.py3-none-any.whl
Collecting nbformat==4.3.0 (from -r requirements.txt (line 87))
  Using cached nbformat-4.3.0-py2.py3-none-any.whl
Collecting networkx==1.11 (from -r requirements.txt (line 88))
  Using cached networkx-1.11-py2.py3-none-any.whl
Collecting nltk==3.2.3 (from -r requirements.txt (line 89))
  Using cached nltk-3.2.3.tar.gz
Requirement already satisfied: nose==1.3.7 in c:\programdata\anaconda2\lib\site-packages (from -r requirements.txt (line 90))
Requirement already satisfied: notebook==5.0.0 in c:\programdata\anaconda2\lib\site-packages (from -r requirements.txt (line 91))
Collecting numba==0.35.0+0.ge79330a.dirty (from -r requirements.txt (line 92))
  Could not find a version that satisfies the requirement numba==0.35.0+0.ge79330a.dirty (from -r requirements.txt (line 92)) (from versions: 0.1, 0.2, 0.3, 0.5.0, 0.6.0, 0.7.0, 0.7.1, 0.7.2, 0.8.0, 0.8.1, 0.9.0, 0.10.0, 0.10.1, 0.11.0, 0.12.0, 0.12.1, 0.12.2, 0.13.0, 0.13.2, 0.13.3, 0.13.4, 0.14.0, 0.15.1, 0.16.0, 0.17.0, 0.18.1, 0.18.2, 0.19.1, 0.19.2, 0.20.0, 0.21.0, 0.22.0, 0.22.1, 0.23.0, 0.23.1, 0.24.0, 0.25.0, 0.26.0, 0.27.0, 0.28.1, 0.29.0, 0.30.0, 0.30.1, 0.31.0, 0.32.0, 0.33.0, 0.34.0, 0.35.0, 0.36.1, 0.36.2)
No matching distribution found for numba==0.35.0+0.ge79330a.dirty (from -r requirements.txt (line 92))

@@@@@@@@@@@@@@@@@@@@@@@@@@@@@@@@@@@@@@@@@@@@@@@@@@@@@@@@@@@@@@@@@@@@@@@@@@@@@@@@@@@@@@@@@@@@
After checking numba==0.35.0+0.ge79330a.dirty error
@@@@@@@@@@@@@@@@@@@@@@@@@@@@@@@@@@@@@@@@@@@@@@@@@@@@@@@@@@@@@@@@@@@@@@@@@@@@@@@@@@@@@@@@@@@@

(base) C:\Users\faceb>d:

(base) D:\>cd D:\FYP\3D_Virtualisation\packages

(base) D:\FYP\3D_Virtualisation\packages>pip install -r requirements.txt
Requirement already satisfied: alabaster==0.7.10 in c:\programdata\anaconda2\lib\site-packages (from -r requirements.txt (line 1))
Requirement already satisfied: anaconda-client==1.6.8 in c:\programdata\anaconda2\lib\site-packages (from -r requirements.txt (line 2))
Requirement already satisfied: anaconda-navigator==1.6.12 in c:\programdata\anaconda2\lib\site-packages (from -r requirements.txt (line 3))
Requirement already satisfied: anaconda-project==0.8.0 in c:\programdata\anaconda2\lib\site-packages (from -r requirements.txt (line 4))
Requirement already satisfied: asn1crypto==0.22.0 in c:\programdata\anaconda2\lib\site-packages (from -r requirements.txt (line 5))
Collecting astroid==1.4.9 (from -r requirements.txt (line 6))
  Using cached astroid-1.4.9-py2.py3-none-any.whl
Collecting astropy==1.3.2 (from -r requirements.txt (line 7))
  Using cached astropy-1.3.2-cp27-cp27m-win_amd64.whl
Collecting Babel==2.4.0 (from -r requirements.txt (line 8))
  Using cached Babel-2.4.0-py2.py3-none-any.whl
Requirement already satisfied: backports-abc==0.5 in c:\programdata\anaconda2\lib\site-packages (from -r requirements.txt (line 9))
Requirement already satisfied: backports.shutil-get-terminal-size==1.0.0 in c:\programdata\anaconda2\lib\site-packages (from -r requirements.txt (line 10))
Collecting backports.ssl-match-hostname==3.4.0.2 (from -r requirements.txt (line 11))
  Using cached backports.ssl_match_hostname-3.4.0.2.tar.gz
Requirement already satisfied: beautifulsoup4==4.6.0 in c:\programdata\anaconda2\lib\site-packages (from -r requirements.txt (line 12))
Requirement already satisfied: bitarray==0.8.1 in c:\programdata\anaconda2\lib\site-packages (from -r requirements.txt (line 13))
Collecting blaze==0.10.1 (from -r requirements.txt (line 14))
  Using cached blaze-0.10.1.tar.gz
Collecting bleach==1.5.0 (from -r requirements.txt (line 15))
  Using cached bleach-1.5.0-py2.py3-none-any.whl
Collecting blinker==1.4 (from -r requirements.txt (line 16))
  Using cached blinker-1.4.tar.gz
Collecting bokeh==0.12.5 (from -r requirements.txt (line 17))
  Using cached bokeh-0.12.5.tar.gz
Collecting boto==2.46.1 (from -r requirements.txt (line 18))
  Using cached boto-2.46.1-py2.py3-none-any.whl
Requirement already satisfied: Bottleneck==1.2.1 in c:\programdata\anaconda2\lib\site-packages (from -r requirements.txt (line 19))
Requirement already satisfied: cdecimal==2.3 in c:\programdata\anaconda2\lib\site-packages (from -r requirements.txt (line 20))
Requirement already satisfied: cffi==1.10.0 in c:\programdata\anaconda2\lib\site-packages (from -r requirements.txt (line 21))
Collecting chardet==3.0.3 (from -r requirements.txt (line 22))
  Using cached chardet-3.0.3-py2.py3-none-any.whl
Requirement already satisfied: click==6.7 in c:\programdata\anaconda2\lib\site-packages (from -r requirements.txt (line 23))
Collecting cloudpickle==0.2.2 (from -r requirements.txt (line 24))
  Using cached cloudpickle-0.2.2-py2.py3-none-any.whl
Requirement already satisfied: clyent==1.2.2 in c:\programdata\anaconda2\lib\site-packages (from -r requirements.txt (line 25))
Requirement already satisfied: colorama==0.3.9 in c:\programdata\anaconda2\lib\site-packages (from -r requirements.txt (line 26))
Requirement already satisfied: comtypes==1.1.2 in c:\programdata\anaconda2\lib\site-packages (from -r requirements.txt (line 27))
Requirement already satisfied: conda==4.4.8 in c:\programdata\anaconda2\lib\site-packages (from -r requirements.txt (line 28))
Requirement already satisfied: configparser==3.5.0 in c:\programdata\anaconda2\lib\site-packages (from -r requirements.txt (line 29))
Requirement already satisfied: contextlib2==0.5.5 in c:\programdata\anaconda2\lib\site-packages (from -r requirements.txt (line 30))
Collecting cryptography==1.8.1 (from -r requirements.txt (line 31))
  Using cached cryptography-1.8.1-cp27-cp27m-win_amd64.whl
Requirement already satisfied: cycler==0.10.0 in c:\programdata\anaconda2\lib\site-packages (from -r requirements.txt (line 32))
Collecting Cython==0.25.2 (from -r requirements.txt (line 33))
  Using cached Cython-0.25.2-cp27-none-win_amd64.whl
Requirement already satisfied: cytoolz==0.8.2 in c:\programdata\anaconda2\lib\site-packages (from -r requirements.txt (line 34))
Collecting dask==0.14.3 (from -r requirements.txt (line 35))
  Using cached dask-0.14.3-py2.py3-none-any.whl
Requirement already satisfied: datashape==0.5.4 in c:\programdata\anaconda2\lib\site-packages (from -r requirements.txt (line 36))
Collecting decorator==4.0.11 (from -r requirements.txt (line 37))
  Using cached decorator-4.0.11-py2.py3-none-any.whl
Collecting distributed==1.16.3 (from -r requirements.txt (line 38))
  Using cached distributed-1.16.3-py2.py3-none-any.whl
Collecting docutils==0.13.1 (from -r requirements.txt (line 39))
  Using cached docutils-0.13.1-py2-none-any.whl
Collecting entrypoints==0.2.2 (from -r requirements.txt (line 40))
  Using cached entrypoints-0.2.2-py2.py3-none-any.whl
Requirement already satisfied: enum34==1.1.6 in c:\programdata\anaconda2\lib\site-packages (from -r requirements.txt (line 41))
Requirement already satisfied: et-xmlfile==1.0.1 in c:\programdata\anaconda2\lib\site-packages (from -r requirements.txt (line 42))
Requirement already satisfied: fastcache==1.0.2 in c:\programdata\anaconda2\lib\site-packages (from -r requirements.txt (line 43))
Requirement already satisfied: Flask==0.12.2 in c:\programdata\anaconda2\lib\site-packages (from -r requirements.txt (line 44))
Collecting Flask-Bootstrap==3.2.0.2 (from -r requirements.txt (line 45))
  Using cached Flask-Bootstrap-3.2.0.2.tar.gz
Collecting Flask-Cors==3.0.2 (from -r requirements.txt (line 46))
  Using cached Flask_Cors-3.0.2-py2.py3-none-any.whl
Collecting Flask-DebugToolbar==0.10.1 (from -r requirements.txt (line 47))
  Using cached Flask_DebugToolbar-0.10.1-py2.py3-none-any.whl
Requirement already satisfied: funcsigs==1.0.2 in c:\programdata\anaconda2\lib\site-packages (from -r requirements.txt (line 48))
Requirement already satisfied: functools32==3.2.3.post2 in c:\programdata\anaconda2\lib\site-packages (from -r requirements.txt (line 49))
Requirement already satisfied: futures==3.1.1 in c:\programdata\anaconda2\lib\site-packages (from -r requirements.txt (line 50))
Collecting gevent==1.2.1 (from -r requirements.txt (line 51))
  Using cached gevent-1.2.1-cp27-cp27m-win_amd64.whl
Requirement already satisfied: greenlet==0.4.12 in c:\programdata\anaconda2\lib\site-packages (from -r requirements.txt (line 52))
Requirement already satisfied: grin==1.2.1 in c:\programdata\anaconda2\lib\site-packages (from -r requirements.txt (line 53))
Requirement already satisfied: h5py==2.7.0 in c:\programdata\anaconda2\lib\site-packages (from -r requirements.txt (line 54))
Requirement already satisfied: HeapDict==1.0.0 in c:\programdata\anaconda2\lib\site-packages (from -r requirements.txt (line 55))
Collecting html5lib==0.999 (from -r requirements.txt (line 56))
  Using cached html5lib-0.999.tar.gz
Collecting idna==2.5 (from -r requirements.txt (line 57))
  Using cached idna-2.5-py2.py3-none-any.whl
Requirement already satisfied: imagesize==0.7.1 in c:\programdata\anaconda2\lib\site-packages (from -r requirements.txt (line 58))
Requirement already satisfied: ipaddress==1.0.18 in c:\programdata\anaconda2\lib\site-packages (from -r requirements.txt (line 59))
Requirement already satisfied: ipykernel==4.6.1 in c:\programdata\anaconda2\lib\site-packages (from -r requirements.txt (line 60))
Collecting ipython==5.3.0 (from -r requirements.txt (line 61))
  Using cached ipython-5.3.0-py2-none-any.whl
Requirement already satisfied: ipython-genutils==0.2.0 in c:\programdata\anaconda2\lib\site-packages (from -r requirements.txt (line 62))
Collecting ipywidgets==6.0.0 (from -r requirements.txt (line 63))
  Using cached ipywidgets-6.0.0-py2.py3-none-any.whl
Collecting isort==4.2.5 (from -r requirements.txt (line 64))
  Using cached isort-4.2.5-py2.py3-none-any.whl
Requirement already satisfied: itsdangerous==0.24 in c:\programdata\anaconda2\lib\site-packages (from -r requirements.txt (line 65))
Requirement already satisfied: jdcal==1.3 in c:\programdata\anaconda2\lib\site-packages (from -r requirements.txt (line 66))
Requirement already satisfied: jedi==0.10.2 in c:\programdata\anaconda2\lib\site-packages (from -r requirements.txt (line 67))
Requirement already satisfied: Jinja2==2.9.6 in c:\programdata\anaconda2\lib\site-packages (from -r requirements.txt (line 68))
Requirement already satisfied: jsonschema==2.6.0 in c:\programdata\anaconda2\lib\site-packages (from -r requirements.txt (line 69))
Collecting jupyter==1.0.0 (from -r requirements.txt (line 70))
  Using cached jupyter-1.0.0-py2.py3-none-any.whl
Collecting jupyter-client==5.0.1 (from -r requirements.txt (line 71))
  Using cached jupyter_client-5.0.1-py2.py3-none-any.whl
Collecting jupyter-console==5.1.0 (from -r requirements.txt (line 72))
  Using cached jupyter_console-5.1.0-py2.py3-none-any.whl
Requirement already satisfied: jupyter-core==4.3.0 in c:\programdata\anaconda2\lib\site-packages (from -r requirements.txt (line 73))
Collecting lazy-object-proxy==1.2.2 (from -r requirements.txt (line 74))
  Using cached lazy_object_proxy-1.2.2-cp27-cp27m-win_amd64.whl
Collecting llvmlite==0.18.0 (from -r requirements.txt (line 75))
  Using cached llvmlite-0.18.0.tar.gz
Requirement already satisfied: locket==0.2.0 in c:\programdata\anaconda2\lib\site-packages (from -r requirements.txt (line 76))
Collecting lxml==3.7.3 (from -r requirements.txt (line 77))
  Using cached lxml-3.7.3-cp27-none-win_amd64.whl
Collecting MarkupSafe==0.23 (from -r requirements.txt (line 78))
  Using cached MarkupSafe-0.23.tar.gz
Collecting matplotlib==2.0.2 (from -r requirements.txt (line 79))
  Using cached matplotlib-2.0.2-cp27-cp27m-win_amd64.whl
Requirement already satisfied: menuinst==1.4.10 in c:\programdata\anaconda2\lib\site-packages (from -r requirements.txt (line 80))
Requirement already satisfied: mistune==0.7.4 in c:\programdata\anaconda2\lib\site-packages (from -r requirements.txt (line 81))
Requirement already satisfied: mpmath==0.19 in c:\programdata\anaconda2\lib\site-packages (from -r requirements.txt (line 82))
Requirement already satisfied: msgpack-python==0.4.8 in c:\programdata\anaconda2\lib\site-packages (from -r requirements.txt (line 83))
Requirement already satisfied: multipledispatch==0.4.9 in c:\programdata\anaconda2\lib\site-packages (from -r requirements.txt (line 84))
Requirement already satisfied: navigator-updater==0.1.0 in c:\programdata\anaconda2\lib\site-packages (from -r requirements.txt (line 85))
Collecting nbconvert==5.1.1 (from -r requirements.txt (line 86))
  Using cached nbconvert-5.1.1-py2.py3-none-any.whl
Collecting nbformat==4.3.0 (from -r requirements.txt (line 87))
  Using cached nbformat-4.3.0-py2.py3-none-any.whl
Collecting networkx==1.11 (from -r requirements.txt (line 88))
  Using cached networkx-1.11-py2.py3-none-any.whl
Collecting nltk==3.2.3 (from -r requirements.txt (line 89))
  Using cached nltk-3.2.3.tar.gz
Requirement already satisfied: nose==1.3.7 in c:\programdata\anaconda2\lib\site-packages (from -r requirements.txt (line 90))
Requirement already satisfied: notebook==5.0.0 in c:\programdata\anaconda2\lib\site-packages (from -r requirements.txt (line 91))
Requirement already satisfied: numexpr==2.6.2 in c:\programdata\anaconda2\lib\site-packages (from -r requirements.txt (line 92))
Collecting numpy==1.12.1 (from -r requirements.txt (line 93))
  Downloading numpy-1.12.1-cp27-none-win_amd64.whl (7.5MB)
    100% |################################| 7.5MB 1.2MB/s
Collecting numpydoc==0.6.0 (from -r requirements.txt (line 94))
  Downloading numpydoc-0.6.0.tar.gz
Collecting odo==0.5.0 (from -r requirements.txt (line 95))
  Downloading odo-0.5.0.tar.gz (129kB)
    100% |################################| 133kB 2.4MB/s
Requirement already satisfied: olefile==0.44 in c:\programdata\anaconda2\lib\site-packages (from -r requirements.txt (line 96))
Collecting openpyxl==2.4.7 (from -r requirements.txt (line 97))
  Downloading openpyxl-2.4.7.tar.gz (156kB)
    100% |################################| 163kB 2.0MB/s
Requirement already satisfied: packaging==16.8 in c:\programdata\anaconda2\lib\site-packages (from -r requirements.txt (line 98))
Collecting pandas==0.20.1 (from -r requirements.txt (line 99))
  Downloading pandas-0.20.1-cp27-cp27m-win_amd64.whl (8.3MB)
    100% |################################| 8.3MB 1.0MB/s
Collecting pandocfilters==1.4.1 (from -r requirements.txt (line 100))
  Downloading pandocfilters-1.4.1.tar.gz
Requirement already satisfied: partd==0.3.8 in c:\programdata\anaconda2\lib\site-packages (from -r requirements.txt (line 101))
Requirement already satisfied: path.py==10.3.1 in c:\programdata\anaconda2\lib\site-packages (from -r requirements.txt (line 102))
Collecting pathlib2==2.2.1 (from -r requirements.txt (line 103))
  Downloading pathlib2-2.2.1-py2.py3-none-any.whl
Requirement already satisfied: patsy==0.4.1 in c:\programdata\anaconda2\lib\site-packages (from -r requirements.txt (line 104))
Requirement already satisfied: pep8==1.7.0 in c:\programdata\anaconda2\lib\site-packages (from -r requirements.txt (line 105))
Requirement already satisfied: pickleshare==0.7.4 in c:\programdata\anaconda2\lib\site-packages (from -r requirements.txt (line 106))
Collecting Pillow==4.1.1 (from -r requirements.txt (line 107))
  Downloading Pillow-4.1.1-cp27-cp27m-win_amd64.whl (1.4MB)
    100% |################################| 1.4MB 2.0MB/s
Requirement already satisfied: ply==3.10 in c:\programdata\anaconda2\lib\site-packages (from -r requirements.txt (line 108))
Collecting prompt-toolkit==1.0.14 (from -r requirements.txt (line 109))
  Downloading prompt_toolkit-1.0.14-py2-none-any.whl (248kB)
    100% |################################| 256kB 1.3MB/s
Collecting psutil==5.2.2 (from -r requirements.txt (line 110))
  Downloading psutil-5.2.2-cp27-none-win_amd64.whl (190kB)
    100% |################################| 194kB 2.4MB/s
Collecting py==1.4.33 (from -r requirements.txt (line 111))
  Downloading py-1.4.33-py2.py3-none-any.whl (83kB)
    100% |################################| 92kB 2.0MB/s
Collecting PyAutoGUI==0.9.36 (from -r requirements.txt (line 112))
  Downloading PyAutoGUI-0.9.36.tar.gz (46kB)
    100% |################################| 51kB 1.4MB/s
Collecting pycosat==0.6.2 (from -r requirements.txt (line 113))
  Could not find a version that satisfies the requirement pycosat==0.6.2 (from -r requirements.txt (line 113)) (from versions: 0.6.1, 0.6.3)
No matching distribution found for pycosat==0.6.2 (from -r requirements.txt (line 113))

(base) D:\FYP\3D_Virtualisation\packages>pip install -r requirements.txt
Requirement already satisfied: alabaster==0.7.10 in c:\programdata\anaconda2\lib\site-packages (from -r requirements.txt (line 1))
Requirement already satisfied: anaconda-client==1.6.8 in c:\programdata\anaconda2\lib\site-packages (from -r requirements.txt (line 2))
Requirement already satisfied: anaconda-navigator==1.6.12 in c:\programdata\anaconda2\lib\site-packages (from -r requirements.txt (line 3))
Requirement already satisfied: anaconda-project==0.8.0 in c:\programdata\anaconda2\lib\site-packages (from -r requirements.txt (line 4))
Requirement already satisfied: asn1crypto==0.22.0 in c:\programdata\anaconda2\lib\site-packages (from -r requirements.txt (line 5))
Collecting astroid==1.4.9 (from -r requirements.txt (line 6))
  Using cached astroid-1.4.9-py2.py3-none-any.whl
Collecting astropy==1.3.2 (from -r requirements.txt (line 7))
  Using cached astropy-1.3.2-cp27-cp27m-win_amd64.whl
Collecting Babel==2.4.0 (from -r requirements.txt (line 8))
  Using cached Babel-2.4.0-py2.py3-none-any.whl
Requirement already satisfied: backports-abc==0.5 in c:\programdata\anaconda2\lib\site-packages (from -r requirements.txt (line 9))
Requirement already satisfied: backports.shutil-get-terminal-size==1.0.0 in c:\programdata\anaconda2\lib\site-packages (from -r requirements.txt (line 10))
Collecting backports.ssl-match-hostname==3.4.0.2 (from -r requirements.txt (line 11))
  Using cached backports.ssl_match_hostname-3.4.0.2.tar.gz
Requirement already satisfied: beautifulsoup4==4.6.0 in c:\programdata\anaconda2\lib\site-packages (from -r requirements.txt (line 12))
Requirement already satisfied: bitarray==0.8.1 in c:\programdata\anaconda2\lib\site-packages (from -r requirements.txt (line 13))
Collecting blaze==0.10.1 (from -r requirements.txt (line 14))
  Using cached blaze-0.10.1.tar.gz
Collecting bleach==1.5.0 (from -r requirements.txt (line 15))
  Using cached bleach-1.5.0-py2.py3-none-any.whl
Collecting blinker==1.4 (from -r requirements.txt (line 16))
  Using cached blinker-1.4.tar.gz
Collecting bokeh==0.12.5 (from -r requirements.txt (line 17))
  Using cached bokeh-0.12.5.tar.gz
Collecting boto==2.46.1 (from -r requirements.txt (line 18))
  Using cached boto-2.46.1-py2.py3-none-any.whl
Requirement already satisfied: Bottleneck==1.2.1 in c:\programdata\anaconda2\lib\site-packages (from -r requirements.txt (line 19))
Requirement already satisfied: cdecimal==2.3 in c:\programdata\anaconda2\lib\site-packages (from -r requirements.txt (line 20))
Requirement already satisfied: cffi==1.10.0 in c:\programdata\anaconda2\lib\site-packages (from -r requirements.txt (line 21))
Collecting chardet==3.0.3 (from -r requirements.txt (line 22))
  Using cached chardet-3.0.3-py2.py3-none-any.whl
Requirement already satisfied: click==6.7 in c:\programdata\anaconda2\lib\site-packages (from -r requirements.txt (line 23))
Collecting cloudpickle==0.2.2 (from -r requirements.txt (line 24))
  Using cached cloudpickle-0.2.2-py2.py3-none-any.whl
Requirement already satisfied: clyent==1.2.2 in c:\programdata\anaconda2\lib\site-packages (from -r requirements.txt (line 25))
Requirement already satisfied: colorama==0.3.9 in c:\programdata\anaconda2\lib\site-packages (from -r requirements.txt (line 26))
Requirement already satisfied: comtypes==1.1.2 in c:\programdata\anaconda2\lib\site-packages (from -r requirements.txt (line 27))
Requirement already satisfied: conda==4.4.8 in c:\programdata\anaconda2\lib\site-packages (from -r requirements.txt (line 28))
Requirement already satisfied: configparser==3.5.0 in c:\programdata\anaconda2\lib\site-packages (from -r requirements.txt (line 29))
Requirement already satisfied: contextlib2==0.5.5 in c:\programdata\anaconda2\lib\site-packages (from -r requirements.txt (line 30))
Collecting cryptography==1.8.1 (from -r requirements.txt (line 31))
  Using cached cryptography-1.8.1-cp27-cp27m-win_amd64.whl
Requirement already satisfied: cycler==0.10.0 in c:\programdata\anaconda2\lib\site-packages (from -r requirements.txt (line 32))
Collecting Cython==0.25.2 (from -r requirements.txt (line 33))
  Using cached Cython-0.25.2-cp27-none-win_amd64.whl
Requirement already satisfied: cytoolz==0.8.2 in c:\programdata\anaconda2\lib\site-packages (from -r requirements.txt (line 34))
Collecting dask==0.14.3 (from -r requirements.txt (line 35))
  Using cached dask-0.14.3-py2.py3-none-any.whl
Requirement already satisfied: datashape==0.5.4 in c:\programdata\anaconda2\lib\site-packages (from -r requirements.txt (line 36))
Collecting decorator==4.0.11 (from -r requirements.txt (line 37))
  Using cached decorator-4.0.11-py2.py3-none-any.whl
Collecting distributed==1.16.3 (from -r requirements.txt (line 38))
  Using cached distributed-1.16.3-py2.py3-none-any.whl
Collecting docutils==0.13.1 (from -r requirements.txt (line 39))
  Using cached docutils-0.13.1-py2-none-any.whl
Collecting entrypoints==0.2.2 (from -r requirements.txt (line 40))
  Using cached entrypoints-0.2.2-py2.py3-none-any.whl
Requirement already satisfied: enum34==1.1.6 in c:\programdata\anaconda2\lib\site-packages (from -r requirements.txt (line 41))
Requirement already satisfied: et-xmlfile==1.0.1 in c:\programdata\anaconda2\lib\site-packages (from -r requirements.txt (line 42))
Requirement already satisfied: fastcache==1.0.2 in c:\programdata\anaconda2\lib\site-packages (from -r requirements.txt (line 43))
Requirement already satisfied: Flask==0.12.2 in c:\programdata\anaconda2\lib\site-packages (from -r requirements.txt (line 44))
Collecting Flask-Bootstrap==3.2.0.2 (from -r requirements.txt (line 45))
  Using cached Flask-Bootstrap-3.2.0.2.tar.gz
Collecting Flask-Cors==3.0.2 (from -r requirements.txt (line 46))
  Using cached Flask_Cors-3.0.2-py2.py3-none-any.whl
Collecting Flask-DebugToolbar==0.10.1 (from -r requirements.txt (line 47))
  Using cached Flask_DebugToolbar-0.10.1-py2.py3-none-any.whl
Requirement already satisfied: funcsigs==1.0.2 in c:\programdata\anaconda2\lib\site-packages (from -r requirements.txt (line 48))
Requirement already satisfied: functools32==3.2.3.post2 in c:\programdata\anaconda2\lib\site-packages (from -r requirements.txt (line 49))
Requirement already satisfied: futures==3.1.1 in c:\programdata\anaconda2\lib\site-packages (from -r requirements.txt (line 50))
Collecting gevent==1.2.1 (from -r requirements.txt (line 51))
  Using cached gevent-1.2.1-cp27-cp27m-win_amd64.whl
Requirement already satisfied: greenlet==0.4.12 in c:\programdata\anaconda2\lib\site-packages (from -r requirements.txt (line 52))
Requirement already satisfied: grin==1.2.1 in c:\programdata\anaconda2\lib\site-packages (from -r requirements.txt (line 53))
Requirement already satisfied: h5py==2.7.0 in c:\programdata\anaconda2\lib\site-packages (from -r requirements.txt (line 54))
Requirement already satisfied: HeapDict==1.0.0 in c:\programdata\anaconda2\lib\site-packages (from -r requirements.txt (line 55))
Collecting html5lib==0.999 (from -r requirements.txt (line 56))
  Using cached html5lib-0.999.tar.gz
Collecting idna==2.5 (from -r requirements.txt (line 57))
  Using cached idna-2.5-py2.py3-none-any.whl
Requirement already satisfied: imagesize==0.7.1 in c:\programdata\anaconda2\lib\site-packages (from -r requirements.txt (line 58))
Requirement already satisfied: ipaddress==1.0.18 in c:\programdata\anaconda2\lib\site-packages (from -r requirements.txt (line 59))
Requirement already satisfied: ipykernel==4.6.1 in c:\programdata\anaconda2\lib\site-packages (from -r requirements.txt (line 60))
Collecting ipython==5.3.0 (from -r requirements.txt (line 61))
  Using cached ipython-5.3.0-py2-none-any.whl
Requirement already satisfied: ipython-genutils==0.2.0 in c:\programdata\anaconda2\lib\site-packages (from -r requirements.txt (line 62))
Collecting ipywidgets==6.0.0 (from -r requirements.txt (line 63))
  Using cached ipywidgets-6.0.0-py2.py3-none-any.whl
Collecting isort==4.2.5 (from -r requirements.txt (line 64))
  Using cached isort-4.2.5-py2.py3-none-any.whl
Requirement already satisfied: itsdangerous==0.24 in c:\programdata\anaconda2\lib\site-packages (from -r requirements.txt (line 65))
Requirement already satisfied: jdcal==1.3 in c:\programdata\anaconda2\lib\site-packages (from -r requirements.txt (line 66))
Requirement already satisfied: jedi==0.10.2 in c:\programdata\anaconda2\lib\site-packages (from -r requirements.txt (line 67))
Requirement already satisfied: Jinja2==2.9.6 in c:\programdata\anaconda2\lib\site-packages (from -r requirements.txt (line 68))
Requirement already satisfied: jsonschema==2.6.0 in c:\programdata\anaconda2\lib\site-packages (from -r requirements.txt (line 69))
Collecting jupyter==1.0.0 (from -r requirements.txt (line 70))
  Using cached jupyter-1.0.0-py2.py3-none-any.whl
Collecting jupyter-client==5.0.1 (from -r requirements.txt (line 71))
  Using cached jupyter_client-5.0.1-py2.py3-none-any.whl
Collecting jupyter-console==5.1.0 (from -r requirements.txt (line 72))
  Using cached jupyter_console-5.1.0-py2.py3-none-any.whl
Requirement already satisfied: jupyter-core==4.3.0 in c:\programdata\anaconda2\lib\site-packages (from -r requirements.txt (line 73))
Collecting lazy-object-proxy==1.2.2 (from -r requirements.txt (line 74))
  Using cached lazy_object_proxy-1.2.2-cp27-cp27m-win_amd64.whl
Collecting llvmlite==0.18.0 (from -r requirements.txt (line 75))
  Using cached llvmlite-0.18.0.tar.gz
Requirement already satisfied: locket==0.2.0 in c:\programdata\anaconda2\lib\site-packages (from -r requirements.txt (line 76))
Collecting lxml==3.7.3 (from -r requirements.txt (line 77))
  Using cached lxml-3.7.3-cp27-none-win_amd64.whl
Collecting MarkupSafe==0.23 (from -r requirements.txt (line 78))
  Using cached MarkupSafe-0.23.tar.gz
Collecting matplotlib==2.0.2 (from -r requirements.txt (line 79))
  Using cached matplotlib-2.0.2-cp27-cp27m-win_amd64.whl
Requirement already satisfied: menuinst==1.4.10 in c:\programdata\anaconda2\lib\site-packages (from -r requirements.txt (line 80))
Requirement already satisfied: mistune==0.7.4 in c:\programdata\anaconda2\lib\site-packages (from -r requirements.txt (line 81))
Requirement already satisfied: mpmath==0.19 in c:\programdata\anaconda2\lib\site-packages (from -r requirements.txt (line 82))
Requirement already satisfied: msgpack-python==0.4.8 in c:\programdata\anaconda2\lib\site-packages (from -r requirements.txt (line 83))
Requirement already satisfied: multipledispatch==0.4.9 in c:\programdata\anaconda2\lib\site-packages (from -r requirements.txt (line 84))
Requirement already satisfied: navigator-updater==0.1.0 in c:\programdata\anaconda2\lib\site-packages (from -r requirements.txt (line 85))
Collecting nbconvert==5.1.1 (from -r requirements.txt (line 86))
  Using cached nbconvert-5.1.1-py2.py3-none-any.whl
Collecting nbformat==4.3.0 (from -r requirements.txt (line 87))
  Using cached nbformat-4.3.0-py2.py3-none-any.whl
Collecting networkx==1.11 (from -r requirements.txt (line 88))
  Using cached networkx-1.11-py2.py3-none-any.whl
Collecting nltk==3.2.3 (from -r requirements.txt (line 89))
  Using cached nltk-3.2.3.tar.gz
Requirement already satisfied: nose==1.3.7 in c:\programdata\anaconda2\lib\site-packages (from -r requirements.txt (line 90))
Requirement already satisfied: notebook==5.0.0 in c:\programdata\anaconda2\lib\site-packages (from -r requirements.txt (line 91))
Requirement already satisfied: numexpr==2.6.2 in c:\programdata\anaconda2\lib\site-packages (from -r requirements.txt (line 92))
Collecting numpy==1.12.1 (from -r requirements.txt (line 93))
  Using cached numpy-1.12.1-cp27-none-win_amd64.whl
Collecting numpydoc==0.6.0 (from -r requirements.txt (line 94))
  Using cached numpydoc-0.6.0.tar.gz
Collecting odo==0.5.0 (from -r requirements.txt (line 95))
  Using cached odo-0.5.0.tar.gz
Requirement already satisfied: olefile==0.44 in c:\programdata\anaconda2\lib\site-packages (from -r requirements.txt (line 96))
Collecting openpyxl==2.4.7 (from -r requirements.txt (line 97))
  Using cached openpyxl-2.4.7.tar.gz
Requirement already satisfied: packaging==16.8 in c:\programdata\anaconda2\lib\site-packages (from -r requirements.txt (line 98))
Collecting pandas==0.20.1 (from -r requirements.txt (line 99))
  Using cached pandas-0.20.1-cp27-cp27m-win_amd64.whl
Collecting pandocfilters==1.4.1 (from -r requirements.txt (line 100))
  Using cached pandocfilters-1.4.1.tar.gz
Requirement already satisfied: partd==0.3.8 in c:\programdata\anaconda2\lib\site-packages (from -r requirements.txt (line 101))
Requirement already satisfied: path.py==10.3.1 in c:\programdata\anaconda2\lib\site-packages (from -r requirements.txt (line 102))
Collecting pathlib2==2.2.1 (from -r requirements.txt (line 103))
  Using cached pathlib2-2.2.1-py2.py3-none-any.whl
Requirement already satisfied: patsy==0.4.1 in c:\programdata\anaconda2\lib\site-packages (from -r requirements.txt (line 104))
Requirement already satisfied: pep8==1.7.0 in c:\programdata\anaconda2\lib\site-packages (from -r requirements.txt (line 105))
Requirement already satisfied: pickleshare==0.7.4 in c:\programdata\anaconda2\lib\site-packages (from -r requirements.txt (line 106))
Collecting Pillow==4.1.1 (from -r requirements.txt (line 107))
  Using cached Pillow-4.1.1-cp27-cp27m-win_amd64.whl
Requirement already satisfied: ply==3.10 in c:\programdata\anaconda2\lib\site-packages (from -r requirements.txt (line 108))
Collecting prompt-toolkit==1.0.14 (from -r requirements.txt (line 109))
  Using cached prompt_toolkit-1.0.14-py2-none-any.whl
Collecting psutil==5.2.2 (from -r requirements.txt (line 110))
  Using cached psutil-5.2.2-cp27-none-win_amd64.whl
Collecting py==1.4.33 (from -r requirements.txt (line 111))
  Using cached py-1.4.33-py2.py3-none-any.whl
Collecting PyAutoGUI==0.9.36 (from -r requirements.txt (line 112))
  Using cached PyAutoGUI-0.9.36.tar.gz
Requirement already satisfied: pycosat==0.6.3 in c:\programdata\anaconda2\lib\site-packages (from -r requirements.txt (line 113))
Collecting pycparser==2.17 (from -r requirements.txt (line 114))
  Downloading pycparser-2.17.tar.gz (231kB)
    100% |################################| 235kB 3.4MB/s
Requirement already satisfied: pycrypto==2.6.1 in c:\programdata\anaconda2\lib\site-packages (from -r requirements.txt (line 115))
Requirement already satisfied: pycurl==7.43.0 in c:\programdata\anaconda2\lib\site-packages (from -r requirements.txt (line 116))
Collecting pyflakes==1.5.0 (from -r requirements.txt (line 117))
  Downloading pyflakes-1.5.0-py2.py3-none-any.whl (225kB)
    100% |################################| 225kB 2.0MB/s
Collecting pyglet==1.2.4 (from -r requirements.txt (line 118))
  Downloading pyglet-1.2.4-py2-none-any.whl (964kB)
    100% |################################| 972kB 2.3MB/s
Requirement already satisfied: Pygments==2.2.0 in c:\programdata\anaconda2\lib\site-packages (from -r requirements.txt (line 119))
Collecting pylint==1.6.4 (from -r requirements.txt (line 120))
  Downloading pylint-1.6.4-py2.py3-none-any.whl (569kB)
    100% |################################| 573kB 2.7MB/s
Collecting PyMsgBox==1.0.6 (from -r requirements.txt (line 121))
  Downloading PyMsgBox-1.0.6.zip
Collecting pyodbc==4.0.16 (from -r requirements.txt (line 122))
  Downloading pyodbc-4.0.16-cp27-cp27m-win_amd64.whl (50kB)
    100% |################################| 51kB 1.6MB/s
Collecting pyOpenSSL==17.0.0 (from -r requirements.txt (line 123))
  Downloading pyOpenSSL-17.0.0-py2.py3-none-any.whl (51kB)
    100% |################################| 61kB 2.8MB/s
Collecting pyparsing==2.1.4 (from -r requirements.txt (line 124))
  Downloading pyparsing-2.1.4-py2.py3-none-any.whl (40kB)
    100% |################################| 40kB 2.6MB/s
Collecting PyScreeze==0.1.13 (from -r requirements.txt (line 125))
  Downloading PyScreeze-0.1.13.tar.gz
Collecting pytest==3.0.7 (from -r requirements.txt (line 126))
  Downloading pytest-3.0.7-py2.py3-none-any.whl (172kB)
    100% |################################| 174kB 1.5MB/s
Collecting python-dateutil==2.6.0 (from -r requirements.txt (line 127))
  Downloading python_dateutil-2.6.0-py2.py3-none-any.whl (194kB)
    100% |################################| 194kB 1.2MB/s
Collecting PyTweening==1.0.3 (from -r requirements.txt (line 128))
  Downloading PyTweening-1.0.3.zip
Requirement already satisfied: pytz==2017.2 in c:\programdata\anaconda2\lib\site-packages (from -r requirements.txt (line 129))
Requirement already satisfied: PyWavelets==0.5.2 in c:\programdata\anaconda2\lib\site-packages (from -r requirements.txt (line 130))
Collecting pywin32==220 (from -r requirements.txt (line 131))
  Could not find a version that satisfies the requirement pywin32==220 (from -r requirements.txt (line 131)) (from versions: 222)
No matching distribution found for pywin32==220 (from -r requirements.txt (line 131))

(base) D:\FYP\3D_Virtualisation\packages>pip install -r requirements.txt
Requirement already satisfied: alabaster==0.7.10 in c:\programdata\anaconda2\lib\site-packages (from -r requirements.txt (line 1))
Requirement already satisfied: anaconda-client==1.6.8 in c:\programdata\anaconda2\lib\site-packages (from -r requirements.txt (line 2))
Requirement already satisfied: anaconda-navigator==1.6.12 in c:\programdata\anaconda2\lib\site-packages (from -r requirements.txt (line 3))
Requirement already satisfied: anaconda-project==0.8.0 in c:\programdata\anaconda2\lib\site-packages (from -r requirements.txt (line 4))
Requirement already satisfied: asn1crypto==0.22.0 in c:\programdata\anaconda2\lib\site-packages (from -r requirements.txt (line 5))
Collecting astroid==1.4.9 (from -r requirements.txt (line 6))
  Using cached astroid-1.4.9-py2.py3-none-any.whl
Collecting astropy==1.3.2 (from -r requirements.txt (line 7))
  Using cached astropy-1.3.2-cp27-cp27m-win_amd64.whl
Collecting Babel==2.4.0 (from -r requirements.txt (line 8))
  Using cached Babel-2.4.0-py2.py3-none-any.whl
Requirement already satisfied: backports-abc==0.5 in c:\programdata\anaconda2\lib\site-packages (from -r requirements.txt (line 9))
Requirement already satisfied: backports.shutil-get-terminal-size==1.0.0 in c:\programdata\anaconda2\lib\site-packages (from -r requirements.txt (line 10))
Collecting backports.ssl-match-hostname==3.4.0.2 (from -r requirements.txt (line 11))
  Using cached backports.ssl_match_hostname-3.4.0.2.tar.gz
Requirement already satisfied: beautifulsoup4==4.6.0 in c:\programdata\anaconda2\lib\site-packages (from -r requirements.txt (line 12))
Requirement already satisfied: bitarray==0.8.1 in c:\programdata\anaconda2\lib\site-packages (from -r requirements.txt (line 13))
Collecting blaze==0.10.1 (from -r requirements.txt (line 14))
  Using cached blaze-0.10.1.tar.gz
Collecting bleach==1.5.0 (from -r requirements.txt (line 15))
  Using cached bleach-1.5.0-py2.py3-none-any.whl
Collecting blinker==1.4 (from -r requirements.txt (line 16))
  Using cached blinker-1.4.tar.gz
Collecting bokeh==0.12.5 (from -r requirements.txt (line 17))
  Using cached bokeh-0.12.5.tar.gz
Collecting boto==2.46.1 (from -r requirements.txt (line 18))
  Using cached boto-2.46.1-py2.py3-none-any.whl
Requirement already satisfied: Bottleneck==1.2.1 in c:\programdata\anaconda2\lib\site-packages (from -r requirements.txt (line 19))
Requirement already satisfied: cdecimal==2.3 in c:\programdata\anaconda2\lib\site-packages (from -r requirements.txt (line 20))
Requirement already satisfied: cffi==1.10.0 in c:\programdata\anaconda2\lib\site-packages (from -r requirements.txt (line 21))
Collecting chardet==3.0.3 (from -r requirements.txt (line 22))
  Using cached chardet-3.0.3-py2.py3-none-any.whl
Requirement already satisfied: click==6.7 in c:\programdata\anaconda2\lib\site-packages (from -r requirements.txt (line 23))
Collecting cloudpickle==0.2.2 (from -r requirements.txt (line 24))
  Using cached cloudpickle-0.2.2-py2.py3-none-any.whl
Requirement already satisfied: clyent==1.2.2 in c:\programdata\anaconda2\lib\site-packages (from -r requirements.txt (line 25))
Requirement already satisfied: colorama==0.3.9 in c:\programdata\anaconda2\lib\site-packages (from -r requirements.txt (line 26))
Requirement already satisfied: comtypes==1.1.2 in c:\programdata\anaconda2\lib\site-packages (from -r requirements.txt (line 27))
Requirement already satisfied: conda==4.4.8 in c:\programdata\anaconda2\lib\site-packages (from -r requirements.txt (line 28))
Requirement already satisfied: configparser==3.5.0 in c:\programdata\anaconda2\lib\site-packages (from -r requirements.txt (line 29))
Requirement already satisfied: contextlib2==0.5.5 in c:\programdata\anaconda2\lib\site-packages (from -r requirements.txt (line 30))
Collecting cryptography==1.8.1 (from -r requirements.txt (line 31))
  Using cached cryptography-1.8.1-cp27-cp27m-win_amd64.whl
Requirement already satisfied: cycler==0.10.0 in c:\programdata\anaconda2\lib\site-packages (from -r requirements.txt (line 32))
Collecting Cython==0.25.2 (from -r requirements.txt (line 33))
  Using cached Cython-0.25.2-cp27-none-win_amd64.whl
Requirement already satisfied: cytoolz==0.8.2 in c:\programdata\anaconda2\lib\site-packages (from -r requirements.txt (line 34))
Collecting dask==0.14.3 (from -r requirements.txt (line 35))
  Using cached dask-0.14.3-py2.py3-none-any.whl
Requirement already satisfied: datashape==0.5.4 in c:\programdata\anaconda2\lib\site-packages (from -r requirements.txt (line 36))
Collecting decorator==4.0.11 (from -r requirements.txt (line 37))
  Using cached decorator-4.0.11-py2.py3-none-any.whl
Collecting distributed==1.16.3 (from -r requirements.txt (line 38))
  Using cached distributed-1.16.3-py2.py3-none-any.whl
Collecting docutils==0.13.1 (from -r requirements.txt (line 39))
  Using cached docutils-0.13.1-py2-none-any.whl
Collecting entrypoints==0.2.2 (from -r requirements.txt (line 40))
  Using cached entrypoints-0.2.2-py2.py3-none-any.whl
Requirement already satisfied: enum34==1.1.6 in c:\programdata\anaconda2\lib\site-packages (from -r requirements.txt (line 41))
Requirement already satisfied: et-xmlfile==1.0.1 in c:\programdata\anaconda2\lib\site-packages (from -r requirements.txt (line 42))
Requirement already satisfied: fastcache==1.0.2 in c:\programdata\anaconda2\lib\site-packages (from -r requirements.txt (line 43))
Requirement already satisfied: Flask==0.12.2 in c:\programdata\anaconda2\lib\site-packages (from -r requirements.txt (line 44))
Collecting Flask-Bootstrap==3.2.0.2 (from -r requirements.txt (line 45))
  Using cached Flask-Bootstrap-3.2.0.2.tar.gz
Collecting Flask-Cors==3.0.2 (from -r requirements.txt (line 46))
  Using cached Flask_Cors-3.0.2-py2.py3-none-any.whl
Collecting Flask-DebugToolbar==0.10.1 (from -r requirements.txt (line 47))
  Using cached Flask_DebugToolbar-0.10.1-py2.py3-none-any.whl
Requirement already satisfied: funcsigs==1.0.2 in c:\programdata\anaconda2\lib\site-packages (from -r requirements.txt (line 48))
Requirement already satisfied: functools32==3.2.3.post2 in c:\programdata\anaconda2\lib\site-packages (from -r requirements.txt (line 49))
Requirement already satisfied: futures==3.1.1 in c:\programdata\anaconda2\lib\site-packages (from -r requirements.txt (line 50))
Collecting gevent==1.2.1 (from -r requirements.txt (line 51))
  Using cached gevent-1.2.1-cp27-cp27m-win_amd64.whl
Requirement already satisfied: greenlet==0.4.12 in c:\programdata\anaconda2\lib\site-packages (from -r requirements.txt (line 52))
Requirement already satisfied: grin==1.2.1 in c:\programdata\anaconda2\lib\site-packages (from -r requirements.txt (line 53))
Requirement already satisfied: h5py==2.7.0 in c:\programdata\anaconda2\lib\site-packages (from -r requirements.txt (line 54))
Requirement already satisfied: HeapDict==1.0.0 in c:\programdata\anaconda2\lib\site-packages (from -r requirements.txt (line 55))
Collecting html5lib==0.999 (from -r requirements.txt (line 56))
  Using cached html5lib-0.999.tar.gz
Collecting idna==2.5 (from -r requirements.txt (line 57))
  Using cached idna-2.5-py2.py3-none-any.whl
Requirement already satisfied: imagesize==0.7.1 in c:\programdata\anaconda2\lib\site-packages (from -r requirements.txt (line 58))
Requirement already satisfied: ipaddress==1.0.18 in c:\programdata\anaconda2\lib\site-packages (from -r requirements.txt (line 59))
Requirement already satisfied: ipykernel==4.6.1 in c:\programdata\anaconda2\lib\site-packages (from -r requirements.txt (line 60))
Collecting ipython==5.3.0 (from -r requirements.txt (line 61))
  Using cached ipython-5.3.0-py2-none-any.whl
Requirement already satisfied: ipython-genutils==0.2.0 in c:\programdata\anaconda2\lib\site-packages (from -r requirements.txt (line 62))
Collecting ipywidgets==6.0.0 (from -r requirements.txt (line 63))
  Using cached ipywidgets-6.0.0-py2.py3-none-any.whl
Collecting isort==4.2.5 (from -r requirements.txt (line 64))
  Using cached isort-4.2.5-py2.py3-none-any.whl
Requirement already satisfied: itsdangerous==0.24 in c:\programdata\anaconda2\lib\site-packages (from -r requirements.txt (line 65))
Requirement already satisfied: jdcal==1.3 in c:\programdata\anaconda2\lib\site-packages (from -r requirements.txt (line 66))
Requirement already satisfied: jedi==0.10.2 in c:\programdata\anaconda2\lib\site-packages (from -r requirements.txt (line 67))
Requirement already satisfied: Jinja2==2.9.6 in c:\programdata\anaconda2\lib\site-packages (from -r requirements.txt (line 68))
Requirement already satisfied: jsonschema==2.6.0 in c:\programdata\anaconda2\lib\site-packages (from -r requirements.txt (line 69))
Collecting jupyter==1.0.0 (from -r requirements.txt (line 70))
  Using cached jupyter-1.0.0-py2.py3-none-any.whl
Collecting jupyter-client==5.0.1 (from -r requirements.txt (line 71))
  Using cached jupyter_client-5.0.1-py2.py3-none-any.whl
Collecting jupyter-console==5.1.0 (from -r requirements.txt (line 72))
  Using cached jupyter_console-5.1.0-py2.py3-none-any.whl
Requirement already satisfied: jupyter-core==4.3.0 in c:\programdata\anaconda2\lib\site-packages (from -r requirements.txt (line 73))
Collecting lazy-object-proxy==1.2.2 (from -r requirements.txt (line 74))
  Using cached lazy_object_proxy-1.2.2-cp27-cp27m-win_amd64.whl
Collecting llvmlite==0.18.0 (from -r requirements.txt (line 75))
  Using cached llvmlite-0.18.0.tar.gz
Requirement already satisfied: locket==0.2.0 in c:\programdata\anaconda2\lib\site-packages (from -r requirements.txt (line 76))
Collecting lxml==3.7.3 (from -r requirements.txt (line 77))
  Using cached lxml-3.7.3-cp27-none-win_amd64.whl
Collecting MarkupSafe==0.23 (from -r requirements.txt (line 78))
  Using cached MarkupSafe-0.23.tar.gz
Collecting matplotlib==2.0.2 (from -r requirements.txt (line 79))
  Using cached matplotlib-2.0.2-cp27-cp27m-win_amd64.whl
Requirement already satisfied: menuinst==1.4.10 in c:\programdata\anaconda2\lib\site-packages (from -r requirements.txt (line 80))
Requirement already satisfied: mistune==0.7.4 in c:\programdata\anaconda2\lib\site-packages (from -r requirements.txt (line 81))
Requirement already satisfied: mpmath==0.19 in c:\programdata\anaconda2\lib\site-packages (from -r requirements.txt (line 82))
Requirement already satisfied: msgpack-python==0.4.8 in c:\programdata\anaconda2\lib\site-packages (from -r requirements.txt (line 83))
Requirement already satisfied: multipledispatch==0.4.9 in c:\programdata\anaconda2\lib\site-packages (from -r requirements.txt (line 84))
Requirement already satisfied: navigator-updater==0.1.0 in c:\programdata\anaconda2\lib\site-packages (from -r requirements.txt (line 85))
Collecting nbconvert==5.1.1 (from -r requirements.txt (line 86))
  Using cached nbconvert-5.1.1-py2.py3-none-any.whl
Collecting nbformat==4.3.0 (from -r requirements.txt (line 87))
  Using cached nbformat-4.3.0-py2.py3-none-any.whl
Collecting networkx==1.11 (from -r requirements.txt (line 88))
  Using cached networkx-1.11-py2.py3-none-any.whl
Collecting nltk==3.2.3 (from -r requirements.txt (line 89))
  Using cached nltk-3.2.3.tar.gz
Requirement already satisfied: nose==1.3.7 in c:\programdata\anaconda2\lib\site-packages (from -r requirements.txt (line 90))
Requirement already satisfied: notebook==5.0.0 in c:\programdata\anaconda2\lib\site-packages (from -r requirements.txt (line 91))
Requirement already satisfied: numexpr==2.6.2 in c:\programdata\anaconda2\lib\site-packages (from -r requirements.txt (line 92))
Collecting numpy==1.12.1 (from -r requirements.txt (line 93))
  Using cached numpy-1.12.1-cp27-none-win_amd64.whl
Collecting numpydoc==0.6.0 (from -r requirements.txt (line 94))
  Using cached numpydoc-0.6.0.tar.gz
Collecting odo==0.5.0 (from -r requirements.txt (line 95))
  Using cached odo-0.5.0.tar.gz
Requirement already satisfied: olefile==0.44 in c:\programdata\anaconda2\lib\site-packages (from -r requirements.txt (line 96))
Collecting openpyxl==2.4.7 (from -r requirements.txt (line 97))
  Using cached openpyxl-2.4.7.tar.gz
Requirement already satisfied: packaging==16.8 in c:\programdata\anaconda2\lib\site-packages (from -r requirements.txt (line 98))
Collecting pandas==0.20.1 (from -r requirements.txt (line 99))
  Using cached pandas-0.20.1-cp27-cp27m-win_amd64.whl
Collecting pandocfilters==1.4.1 (from -r requirements.txt (line 100))
  Using cached pandocfilters-1.4.1.tar.gz
Requirement already satisfied: partd==0.3.8 in c:\programdata\anaconda2\lib\site-packages (from -r requirements.txt (line 101))
Requirement already satisfied: path.py==10.3.1 in c:\programdata\anaconda2\lib\site-packages (from -r requirements.txt (line 102))
Collecting pathlib2==2.2.1 (from -r requirements.txt (line 103))
  Using cached pathlib2-2.2.1-py2.py3-none-any.whl
Requirement already satisfied: patsy==0.4.1 in c:\programdata\anaconda2\lib\site-packages (from -r requirements.txt (line 104))
Requirement already satisfied: pep8==1.7.0 in c:\programdata\anaconda2\lib\site-packages (from -r requirements.txt (line 105))
Requirement already satisfied: pickleshare==0.7.4 in c:\programdata\anaconda2\lib\site-packages (from -r requirements.txt (line 106))
Collecting Pillow==4.1.1 (from -r requirements.txt (line 107))
  Using cached Pillow-4.1.1-cp27-cp27m-win_amd64.whl
Requirement already satisfied: ply==3.10 in c:\programdata\anaconda2\lib\site-packages (from -r requirements.txt (line 108))
Collecting prompt-toolkit==1.0.14 (from -r requirements.txt (line 109))
  Using cached prompt_toolkit-1.0.14-py2-none-any.whl
Collecting psutil==5.2.2 (from -r requirements.txt (line 110))
  Using cached psutil-5.2.2-cp27-none-win_amd64.whl
Collecting py==1.4.33 (from -r requirements.txt (line 111))
  Using cached py-1.4.33-py2.py3-none-any.whl
Collecting PyAutoGUI==0.9.36 (from -r requirements.txt (line 112))
  Using cached PyAutoGUI-0.9.36.tar.gz
Requirement already satisfied: pycosat==0.6.3 in c:\programdata\anaconda2\lib\site-packages (from -r requirements.txt (line 113))
Collecting pycparser==2.17 (from -r requirements.txt (line 114))
  Using cached pycparser-2.17.tar.gz
Requirement already satisfied: pycrypto==2.6.1 in c:\programdata\anaconda2\lib\site-packages (from -r requirements.txt (line 115))
Requirement already satisfied: pycurl==7.43.0 in c:\programdata\anaconda2\lib\site-packages (from -r requirements.txt (line 116))
Collecting pyflakes==1.5.0 (from -r requirements.txt (line 117))
  Using cached pyflakes-1.5.0-py2.py3-none-any.whl
Collecting pyglet==1.2.4 (from -r requirements.txt (line 118))
  Using cached pyglet-1.2.4-py2-none-any.whl
Requirement already satisfied: Pygments==2.2.0 in c:\programdata\anaconda2\lib\site-packages (from -r requirements.txt (line 119))
Collecting pylint==1.6.4 (from -r requirements.txt (line 120))
  Using cached pylint-1.6.4-py2.py3-none-any.whl
Collecting PyMsgBox==1.0.6 (from -r requirements.txt (line 121))
  Using cached PyMsgBox-1.0.6.zip
Collecting pyodbc==4.0.16 (from -r requirements.txt (line 122))
  Using cached pyodbc-4.0.16-cp27-cp27m-win_amd64.whl
Collecting pyOpenSSL==17.0.0 (from -r requirements.txt (line 123))
  Using cached pyOpenSSL-17.0.0-py2.py3-none-any.whl
Collecting pyparsing==2.1.4 (from -r requirements.txt (line 124))
  Using cached pyparsing-2.1.4-py2.py3-none-any.whl
Collecting PyScreeze==0.1.13 (from -r requirements.txt (line 125))
  Using cached PyScreeze-0.1.13.tar.gz
Collecting pytest==3.0.7 (from -r requirements.txt (line 126))
  Using cached pytest-3.0.7-py2.py3-none-any.whl
Collecting python-dateutil==2.6.0 (from -r requirements.txt (line 127))
  Using cached python_dateutil-2.6.0-py2.py3-none-any.whl
Collecting PyTweening==1.0.3 (from -r requirements.txt (line 128))
  Using cached PyTweening-1.0.3.zip
Requirement already satisfied: pytz==2017.2 in c:\programdata\anaconda2\lib\site-packages (from -r requirements.txt (line 129))
Requirement already satisfied: PyWavelets==0.5.2 in c:\programdata\anaconda2\lib\site-packages (from -r requirements.txt (line 130))
Requirement already satisfied: pywin32==221 in c:\programdata\anaconda2\lib\site-packages (from -r requirements.txt (line 131))
Requirement already satisfied: PyYAML==3.12 in c:\programdata\anaconda2\lib\site-packages (from -r requirements.txt (line 132))
Requirement already satisfied: pyzmq==16.0.2 in c:\programdata\anaconda2\lib\site-packages (from -r requirements.txt (line 133))
Requirement already satisfied: QtAwesome==0.4.4 in c:\programdata\anaconda2\lib\site-packages (from -r requirements.txt (line 134))
Collecting qtconsole==4.3.0 (from -r requirements.txt (line 135))
  Downloading qtconsole-4.3.0-py2.py3-none-any.whl (108kB)
    100% |################################| 112kB 3.4MB/s
Collecting QtPy==1.2.1 (from -r requirements.txt (line 136))
  Downloading QtPy-1.2.1-py2.py3-none-any.whl
Collecting requests==2.14.2 (from -r requirements.txt (line 137))
  Downloading requests-2.14.2-py2.py3-none-any.whl (560kB)
    100% |################################| 563kB 3.0MB/s
Collecting rope==0.9.4 (from -r requirements.txt (line 138))
  Downloading rope-0.9.4.tar.gz (221kB)
    100% |################################| 225kB 3.9MB/s
Collecting Rtree==0.8.3 (from -r requirements.txt (line 139))
  Downloading Rtree-0.8.3-py2-none-any.whl
Collecting scandir==1.5 (from -r requirements.txt (line 140))
  Downloading scandir-1.5.tar.gz
Requirement already satisfied: scikit-image==0.13.0 in c:\programdata\anaconda2\lib\site-packages (from -r requirements.txt (line 141))
Collecting scikit-learn==0.18.1 (from -r requirements.txt (line 142))
  Downloading scikit_learn-0.18.1-cp27-cp27m-win_amd64.whl (4.3MB)
    100% |################################| 4.3MB 2.0MB/s
Collecting scipy==0.19.0 (from -r requirements.txt (line 143))
  Downloading scipy-0.19.0.zip (15.3MB)
    100% |################################| 15.3MB 1.6MB/s
Collecting seaborn==0.7.1 (from -r requirements.txt (line 144))
  Downloading seaborn-0.7.1.tar.gz (158kB)
    100% |################################| 163kB 240kB/s
Collecting selenium==3.8.0 (from -r requirements.txt (line 145))
  Downloading selenium-3.8.0-py2.py3-none-any.whl (941kB)
    100% |################################| 942kB 3.8MB/s
Collecting Shapely==1.6.1 (from -r requirements.txt (line 146))
  Downloading Shapely-1.6.1.tar.gz (216kB)
    100% |################################| 225kB 3.9MB/s
    Complete output from command python setup.py egg_info:
    Traceback (most recent call last):
      File "<string>", line 1, in <module>
      File "c:\users\faceb\appdata\local\temp\pip-build-_jwpfx\Shapely\setup.py", line 80, in <module>
        from shapely._buildcfg import geos_version_string, geos_version, \
      File "shapely\_buildcfg.py", line 200, in <module>
        lgeos = CDLL("geos_c.dll")
      File "C:\ProgramData\Anaconda2\lib\ctypes\__init__.py", line 366, in __init__
        self._handle = _dlopen(self._name, mode)
    WindowsError: [Error 126] The specified module could not be found

    ----------------------------------------
Command "python setup.py egg_info" failed with error code 1 in c:\users\faceb\appdata\local\temp\pip-build-_jwpfx\Shapely\

(base) D:\FYP\3D_Virtualisation\packages>pip install --upgrade setuptools
Collecting setuptools
  Downloading setuptools-38.4.0-py2.py3-none-any.whl (489kB)
    100% |################################| 491kB 2.5MB/s
Installing collected packages: setuptools
  Found existing installation: setuptools 36.5.0.post20170921
    Uninstalling setuptools-36.5.0.post20170921:
      Successfully uninstalled setuptools-36.5.0.post20170921
Successfully installed setuptools-38.4.0

(base) D:\FYP\3D_Virtualisation\packages>pip install ez_setup
Collecting ez_setup
  Downloading ez_setup-0.9.tar.gz
Building wheels for collected packages: ez-setup
  Running setup.py bdist_wheel for ez-setup ... done
  Stored in directory: C:\Users\faceb\AppData\Local\pip\Cache\wheels\53\d6\8b\a2270e66cf5f68c038fffcc8b871de0c4326550fb187906bab
Successfully built ez-setup
Installing collected packages: ez-setup
Successfully installed ez-setup-0.9

(base) D:\FYP\3D_Virtualisation\packages>pip install ez_setup
Requirement already satisfied: ez_setup in c:\programdata\anaconda2\lib\site-packages

(base) D:\FYP\3D_Virtualisation\packages>pip install -r requirements.txt
Requirement already satisfied: alabaster==0.7.10 in c:\programdata\anaconda2\lib\site-packages (from -r requirements.txt (line 1))
Requirement already satisfied: anaconda-client==1.6.8 in c:\programdata\anaconda2\lib\site-packages (from -r requirements.txt (line 2))
Requirement already satisfied: anaconda-navigator==1.6.12 in c:\programdata\anaconda2\lib\site-packages (from -r requirements.txt (line 3))
Requirement already satisfied: anaconda-project==0.8.0 in c:\programdata\anaconda2\lib\site-packages (from -r requirements.txt (line 4))
Requirement already satisfied: asn1crypto==0.22.0 in c:\programdata\anaconda2\lib\site-packages (from -r requirements.txt (line 5))
Collecting astroid==1.4.9 (from -r requirements.txt (line 6))
  Using cached astroid-1.4.9-py2.py3-none-any.whl
Collecting astropy==1.3.2 (from -r requirements.txt (line 7))
  Using cached astropy-1.3.2-cp27-cp27m-win_amd64.whl
Collecting Babel==2.4.0 (from -r requirements.txt (line 8))
  Using cached Babel-2.4.0-py2.py3-none-any.whl
Requirement already satisfied: backports-abc==0.5 in c:\programdata\anaconda2\lib\site-packages (from -r requirements.txt (line 9))
Requirement already satisfied: backports.shutil-get-terminal-size==1.0.0 in c:\programdata\anaconda2\lib\site-packages (from -r requirements.txt (line 10))
Collecting backports.ssl-match-hostname==3.4.0.2 (from -r requirements.txt (line 11))
  Using cached backports.ssl_match_hostname-3.4.0.2.tar.gz
Requirement already satisfied: beautifulsoup4==4.6.0 in c:\programdata\anaconda2\lib\site-packages (from -r requirements.txt (line 12))
Requirement already satisfied: bitarray==0.8.1 in c:\programdata\anaconda2\lib\site-packages (from -r requirements.txt (line 13))
Collecting blaze==0.10.1 (from -r requirements.txt (line 14))
  Using cached blaze-0.10.1.tar.gz
Collecting bleach==1.5.0 (from -r requirements.txt (line 15))
  Using cached bleach-1.5.0-py2.py3-none-any.whl
Collecting blinker==1.4 (from -r requirements.txt (line 16))
  Using cached blinker-1.4.tar.gz
Collecting bokeh==0.12.5 (from -r requirements.txt (line 17))
  Using cached bokeh-0.12.5.tar.gz
Collecting boto==2.46.1 (from -r requirements.txt (line 18))
  Using cached boto-2.46.1-py2.py3-none-any.whl
Requirement already satisfied: Bottleneck==1.2.1 in c:\programdata\anaconda2\lib\site-packages (from -r requirements.txt (line 19))
Requirement already satisfied: cdecimal==2.3 in c:\programdata\anaconda2\lib\site-packages (from -r requirements.txt (line 20))
Requirement already satisfied: cffi==1.10.0 in c:\programdata\anaconda2\lib\site-packages (from -r requirements.txt (line 21))
Collecting chardet==3.0.3 (from -r requirements.txt (line 22))
  Using cached chardet-3.0.3-py2.py3-none-any.whl
Requirement already satisfied: click==6.7 in c:\programdata\anaconda2\lib\site-packages (from -r requirements.txt (line 23))
Collecting cloudpickle==0.2.2 (from -r requirements.txt (line 24))
  Using cached cloudpickle-0.2.2-py2.py3-none-any.whl
Requirement already satisfied: clyent==1.2.2 in c:\programdata\anaconda2\lib\site-packages (from -r requirements.txt (line 25))
Requirement already satisfied: colorama==0.3.9 in c:\programdata\anaconda2\lib\site-packages (from -r requirements.txt (line 26))
Requirement already satisfied: comtypes==1.1.2 in c:\programdata\anaconda2\lib\site-packages (from -r requirements.txt (line 27))
Requirement already satisfied: conda==4.4.8 in c:\programdata\anaconda2\lib\site-packages (from -r requirements.txt (line 28))
Requirement already satisfied: configparser==3.5.0 in c:\programdata\anaconda2\lib\site-packages (from -r requirements.txt (line 29))
Requirement already satisfied: contextlib2==0.5.5 in c:\programdata\anaconda2\lib\site-packages (from -r requirements.txt (line 30))
Collecting cryptography==1.8.1 (from -r requirements.txt (line 31))
  Using cached cryptography-1.8.1-cp27-cp27m-win_amd64.whl
Requirement already satisfied: cycler==0.10.0 in c:\programdata\anaconda2\lib\site-packages (from -r requirements.txt (line 32))
Collecting Cython==0.25.2 (from -r requirements.txt (line 33))
  Using cached Cython-0.25.2-cp27-none-win_amd64.whl
Requirement already satisfied: cytoolz==0.8.2 in c:\programdata\anaconda2\lib\site-packages (from -r requirements.txt (line 34))
Collecting dask==0.14.3 (from -r requirements.txt (line 35))
  Using cached dask-0.14.3-py2.py3-none-any.whl
Requirement already satisfied: datashape==0.5.4 in c:\programdata\anaconda2\lib\site-packages (from -r requirements.txt (line 36))
Collecting decorator==4.0.11 (from -r requirements.txt (line 37))
  Using cached decorator-4.0.11-py2.py3-none-any.whl
Collecting distributed==1.16.3 (from -r requirements.txt (line 38))
  Using cached distributed-1.16.3-py2.py3-none-any.whl
Collecting docutils==0.13.1 (from -r requirements.txt (line 39))
  Using cached docutils-0.13.1-py2-none-any.whl
Collecting entrypoints==0.2.2 (from -r requirements.txt (line 40))
  Using cached entrypoints-0.2.2-py2.py3-none-any.whl
Requirement already satisfied: enum34==1.1.6 in c:\programdata\anaconda2\lib\site-packages (from -r requirements.txt (line 41))
Requirement already satisfied: et-xmlfile==1.0.1 in c:\programdata\anaconda2\lib\site-packages (from -r requirements.txt (line 42))
Requirement already satisfied: fastcache==1.0.2 in c:\programdata\anaconda2\lib\site-packages (from -r requirements.txt (line 43))
Requirement already satisfied: Flask==0.12.2 in c:\programdata\anaconda2\lib\site-packages (from -r requirements.txt (line 44))
Collecting Flask-Bootstrap==3.2.0.2 (from -r requirements.txt (line 45))
  Using cached Flask-Bootstrap-3.2.0.2.tar.gz
Collecting Flask-Cors==3.0.2 (from -r requirements.txt (line 46))
  Using cached Flask_Cors-3.0.2-py2.py3-none-any.whl
Collecting Flask-DebugToolbar==0.10.1 (from -r requirements.txt (line 47))
  Using cached Flask_DebugToolbar-0.10.1-py2.py3-none-any.whl
Requirement already satisfied: funcsigs==1.0.2 in c:\programdata\anaconda2\lib\site-packages (from -r requirements.txt (line 48))
Requirement already satisfied: functools32==3.2.3.post2 in c:\programdata\anaconda2\lib\site-packages (from -r requirements.txt (line 49))
Requirement already satisfied: futures==3.1.1 in c:\programdata\anaconda2\lib\site-packages (from -r requirements.txt (line 50))
Collecting gevent==1.2.1 (from -r requirements.txt (line 51))
  Using cached gevent-1.2.1-cp27-cp27m-win_amd64.whl
Requirement already satisfied: greenlet==0.4.12 in c:\programdata\anaconda2\lib\site-packages (from -r requirements.txt (line 52))
Requirement already satisfied: grin==1.2.1 in c:\programdata\anaconda2\lib\site-packages (from -r requirements.txt (line 53))
Requirement already satisfied: h5py==2.7.0 in c:\programdata\anaconda2\lib\site-packages (from -r requirements.txt (line 54))
Requirement already satisfied: HeapDict==1.0.0 in c:\programdata\anaconda2\lib\site-packages (from -r requirements.txt (line 55))
Collecting html5lib==0.999 (from -r requirements.txt (line 56))
  Using cached html5lib-0.999.tar.gz
Collecting idna==2.5 (from -r requirements.txt (line 57))
  Using cached idna-2.5-py2.py3-none-any.whl
Requirement already satisfied: imagesize==0.7.1 in c:\programdata\anaconda2\lib\site-packages (from -r requirements.txt (line 58))
Requirement already satisfied: ipaddress==1.0.18 in c:\programdata\anaconda2\lib\site-packages (from -r requirements.txt (line 59))
Requirement already satisfied: ipykernel==4.6.1 in c:\programdata\anaconda2\lib\site-packages (from -r requirements.txt (line 60))
Collecting ipython==5.3.0 (from -r requirements.txt (line 61))
  Using cached ipython-5.3.0-py2-none-any.whl
Requirement already satisfied: ipython-genutils==0.2.0 in c:\programdata\anaconda2\lib\site-packages (from -r requirements.txt (line 62))
Collecting ipywidgets==6.0.0 (from -r requirements.txt (line 63))
  Using cached ipywidgets-6.0.0-py2.py3-none-any.whl
Collecting isort==4.2.5 (from -r requirements.txt (line 64))
  Using cached isort-4.2.5-py2.py3-none-any.whl
Requirement already satisfied: itsdangerous==0.24 in c:\programdata\anaconda2\lib\site-packages (from -r requirements.txt (line 65))
Requirement already satisfied: jdcal==1.3 in c:\programdata\anaconda2\lib\site-packages (from -r requirements.txt (line 66))
Requirement already satisfied: jedi==0.10.2 in c:\programdata\anaconda2\lib\site-packages (from -r requirements.txt (line 67))
Requirement already satisfied: Jinja2==2.9.6 in c:\programdata\anaconda2\lib\site-packages (from -r requirements.txt (line 68))
Requirement already satisfied: jsonschema==2.6.0 in c:\programdata\anaconda2\lib\site-packages (from -r requirements.txt (line 69))
Collecting jupyter==1.0.0 (from -r requirements.txt (line 70))
  Using cached jupyter-1.0.0-py2.py3-none-any.whl
Collecting jupyter-client==5.0.1 (from -r requirements.txt (line 71))
  Using cached jupyter_client-5.0.1-py2.py3-none-any.whl
Collecting jupyter-console==5.1.0 (from -r requirements.txt (line 72))
  Using cached jupyter_console-5.1.0-py2.py3-none-any.whl
Requirement already satisfied: jupyter-core==4.3.0 in c:\programdata\anaconda2\lib\site-packages (from -r requirements.txt (line 73))
Collecting lazy-object-proxy==1.2.2 (from -r requirements.txt (line 74))
  Using cached lazy_object_proxy-1.2.2-cp27-cp27m-win_amd64.whl
Collecting llvmlite==0.18.0 (from -r requirements.txt (line 75))
  Using cached llvmlite-0.18.0.tar.gz
Requirement already satisfied: locket==0.2.0 in c:\programdata\anaconda2\lib\site-packages (from -r requirements.txt (line 76))
Collecting lxml==3.7.3 (from -r requirements.txt (line 77))
  Using cached lxml-3.7.3-cp27-none-win_amd64.whl
Collecting MarkupSafe==0.23 (from -r requirements.txt (line 78))
  Using cached MarkupSafe-0.23.tar.gz
Collecting matplotlib==2.0.2 (from -r requirements.txt (line 79))
  Using cached matplotlib-2.0.2-cp27-cp27m-win_amd64.whl
Requirement already satisfied: menuinst==1.4.10 in c:\programdata\anaconda2\lib\site-packages (from -r requirements.txt (line 80))
Requirement already satisfied: mistune==0.7.4 in c:\programdata\anaconda2\lib\site-packages (from -r requirements.txt (line 81))
Requirement already satisfied: mpmath==0.19 in c:\programdata\anaconda2\lib\site-packages (from -r requirements.txt (line 82))
Requirement already satisfied: msgpack-python==0.4.8 in c:\programdata\anaconda2\lib\site-packages (from -r requirements.txt (line 83))
Requirement already satisfied: multipledispatch==0.4.9 in c:\programdata\anaconda2\lib\site-packages (from -r requirements.txt (line 84))
Requirement already satisfied: navigator-updater==0.1.0 in c:\programdata\anaconda2\lib\site-packages (from -r requirements.txt (line 85))
Collecting nbconvert==5.1.1 (from -r requirements.txt (line 86))
  Using cached nbconvert-5.1.1-py2.py3-none-any.whl
Collecting nbformat==4.3.0 (from -r requirements.txt (line 87))
  Using cached nbformat-4.3.0-py2.py3-none-any.whl
Collecting networkx==1.11 (from -r requirements.txt (line 88))
  Using cached networkx-1.11-py2.py3-none-any.whl
Collecting nltk==3.2.3 (from -r requirements.txt (line 89))
  Using cached nltk-3.2.3.tar.gz
Requirement already satisfied: nose==1.3.7 in c:\programdata\anaconda2\lib\site-packages (from -r requirements.txt (line 90))
Requirement already satisfied: notebook==5.0.0 in c:\programdata\anaconda2\lib\site-packages (from -r requirements.txt (line 91))
Requirement already satisfied: numexpr==2.6.2 in c:\programdata\anaconda2\lib\site-packages (from -r requirements.txt (line 92))
Collecting numpy==1.12.1 (from -r requirements.txt (line 93))
  Using cached numpy-1.12.1-cp27-none-win_amd64.whl
Collecting numpydoc==0.6.0 (from -r requirements.txt (line 94))
  Using cached numpydoc-0.6.0.tar.gz
Collecting odo==0.5.0 (from -r requirements.txt (line 95))
  Using cached odo-0.5.0.tar.gz
Requirement already satisfied: olefile==0.44 in c:\programdata\anaconda2\lib\site-packages (from -r requirements.txt (line 96))
Collecting openpyxl==2.4.7 (from -r requirements.txt (line 97))
  Using cached openpyxl-2.4.7.tar.gz
Requirement already satisfied: packaging==16.8 in c:\programdata\anaconda2\lib\site-packages (from -r requirements.txt (line 98))
Collecting pandas==0.20.1 (from -r requirements.txt (line 99))
  Using cached pandas-0.20.1-cp27-cp27m-win_amd64.whl
Collecting pandocfilters==1.4.1 (from -r requirements.txt (line 100))
  Using cached pandocfilters-1.4.1.tar.gz
Requirement already satisfied: partd==0.3.8 in c:\programdata\anaconda2\lib\site-packages (from -r requirements.txt (line 101))
Requirement already satisfied: path.py==10.3.1 in c:\programdata\anaconda2\lib\site-packages (from -r requirements.txt (line 102))
Collecting pathlib2==2.2.1 (from -r requirements.txt (line 103))
  Using cached pathlib2-2.2.1-py2.py3-none-any.whl
Requirement already satisfied: patsy==0.4.1 in c:\programdata\anaconda2\lib\site-packages (from -r requirements.txt (line 104))
Requirement already satisfied: pep8==1.7.0 in c:\programdata\anaconda2\lib\site-packages (from -r requirements.txt (line 105))
Requirement already satisfied: pickleshare==0.7.4 in c:\programdata\anaconda2\lib\site-packages (from -r requirements.txt (line 106))
Collecting Pillow==4.1.1 (from -r requirements.txt (line 107))
  Using cached Pillow-4.1.1-cp27-cp27m-win_amd64.whl
Requirement already satisfied: ply==3.10 in c:\programdata\anaconda2\lib\site-packages (from -r requirements.txt (line 108))
Collecting prompt-toolkit==1.0.14 (from -r requirements.txt (line 109))
  Using cached prompt_toolkit-1.0.14-py2-none-any.whl
Collecting psutil==5.2.2 (from -r requirements.txt (line 110))
  Using cached psutil-5.2.2-cp27-none-win_amd64.whl
Collecting py==1.4.33 (from -r requirements.txt (line 111))
  Using cached py-1.4.33-py2.py3-none-any.whl
Collecting PyAutoGUI==0.9.36 (from -r requirements.txt (line 112))
  Using cached PyAutoGUI-0.9.36.tar.gz
Requirement already satisfied: pycosat==0.6.3 in c:\programdata\anaconda2\lib\site-packages (from -r requirements.txt (line 113))
Collecting pycparser==2.17 (from -r requirements.txt (line 114))
  Using cached pycparser-2.17.tar.gz
Requirement already satisfied: pycrypto==2.6.1 in c:\programdata\anaconda2\lib\site-packages (from -r requirements.txt (line 115))
Requirement already satisfied: pycurl==7.43.0 in c:\programdata\anaconda2\lib\site-packages (from -r requirements.txt (line 116))
Collecting pyflakes==1.5.0 (from -r requirements.txt (line 117))
  Using cached pyflakes-1.5.0-py2.py3-none-any.whl
Collecting pyglet==1.2.4 (from -r requirements.txt (line 118))
  Using cached pyglet-1.2.4-py2-none-any.whl
Requirement already satisfied: Pygments==2.2.0 in c:\programdata\anaconda2\lib\site-packages (from -r requirements.txt (line 119))
Collecting pylint==1.6.4 (from -r requirements.txt (line 120))
  Using cached pylint-1.6.4-py2.py3-none-any.whl
Collecting PyMsgBox==1.0.6 (from -r requirements.txt (line 121))
  Using cached PyMsgBox-1.0.6.zip
Collecting pyodbc==4.0.16 (from -r requirements.txt (line 122))
  Using cached pyodbc-4.0.16-cp27-cp27m-win_amd64.whl
Collecting pyOpenSSL==17.0.0 (from -r requirements.txt (line 123))
  Using cached pyOpenSSL-17.0.0-py2.py3-none-any.whl
Collecting pyparsing==2.1.4 (from -r requirements.txt (line 124))
  Using cached pyparsing-2.1.4-py2.py3-none-any.whl
Collecting PyScreeze==0.1.13 (from -r requirements.txt (line 125))
  Using cached PyScreeze-0.1.13.tar.gz
Collecting pytest==3.0.7 (from -r requirements.txt (line 126))
  Using cached pytest-3.0.7-py2.py3-none-any.whl
Collecting python-dateutil==2.6.0 (from -r requirements.txt (line 127))
  Using cached python_dateutil-2.6.0-py2.py3-none-any.whl
Collecting PyTweening==1.0.3 (from -r requirements.txt (line 128))
  Using cached PyTweening-1.0.3.zip
Requirement already satisfied: pytz==2017.2 in c:\programdata\anaconda2\lib\site-packages (from -r requirements.txt (line 129))
Requirement already satisfied: PyWavelets==0.5.2 in c:\programdata\anaconda2\lib\site-packages (from -r requirements.txt (line 130))
Requirement already satisfied: pywin32==221 in c:\programdata\anaconda2\lib\site-packages (from -r requirements.txt (line 131))
Requirement already satisfied: PyYAML==3.12 in c:\programdata\anaconda2\lib\site-packages (from -r requirements.txt (line 132))
Requirement already satisfied: pyzmq==16.0.2 in c:\programdata\anaconda2\lib\site-packages (from -r requirements.txt (line 133))
Requirement already satisfied: QtAwesome==0.4.4 in c:\programdata\anaconda2\lib\site-packages (from -r requirements.txt (line 134))
Collecting qtconsole==4.3.0 (from -r requirements.txt (line 135))
  Using cached qtconsole-4.3.0-py2.py3-none-any.whl
Collecting QtPy==1.2.1 (from -r requirements.txt (line 136))
  Using cached QtPy-1.2.1-py2.py3-none-any.whl
Collecting requests==2.14.2 (from -r requirements.txt (line 137))
  Using cached requests-2.14.2-py2.py3-none-any.whl
Collecting rope==0.9.4 (from -r requirements.txt (line 138))
  Using cached rope-0.9.4.tar.gz
Collecting Rtree==0.8.3 (from -r requirements.txt (line 139))
  Using cached Rtree-0.8.3-py2-none-any.whl
Collecting scandir==1.5 (from -r requirements.txt (line 140))
  Using cached scandir-1.5.tar.gz
Requirement already satisfied: scikit-image==0.13.0 in c:\programdata\anaconda2\lib\site-packages (from -r requirements.txt (line 141))
Collecting scikit-learn==0.18.1 (from -r requirements.txt (line 142))
  Using cached scikit_learn-0.18.1-cp27-cp27m-win_amd64.whl
Collecting scipy==0.19.0 (from -r requirements.txt (line 143))
  Using cached scipy-0.19.0.zip
Collecting seaborn==0.7.1 (from -r requirements.txt (line 144))
  Using cached seaborn-0.7.1.tar.gz
Collecting selenium==3.8.0 (from -r requirements.txt (line 145))
  Using cached selenium-3.8.0-py2.py3-none-any.whl
Collecting Shapely==1.6.1 (from -r requirements.txt (line 146))
  Using cached Shapely-1.6.1.tar.gz
    Complete output from command python setup.py egg_info:
    Traceback (most recent call last):
      File "<string>", line 1, in <module>
      File "c:\users\faceb\appdata\local\temp\pip-build-tjpr4v\Shapely\setup.py", line 80, in <module>
        from shapely._buildcfg import geos_version_string, geos_version, \
      File "shapely\_buildcfg.py", line 200, in <module>
        lgeos = CDLL("geos_c.dll")
      File "C:\ProgramData\Anaconda2\lib\ctypes\__init__.py", line 366, in __init__
        self._handle = _dlopen(self._name, mode)
    WindowsError: [Error 126] The specified module could not be found

    ----------------------------------------
Command "python setup.py egg_info" failed with error code 1 in c:\users\faceb\appdata\local\temp\pip-build-tjpr4v\Shapely\

(base) D:\FYP\3D_Virtualisation\packages>easy_install -U setuptools
Searching for setuptools
Reading https://pypi.python.org/simple/setuptools/
c:\programdata\anaconda2\lib\site-packages\setuptools\pep425tags.py:89: RuntimeWarning: Config variable 'Py_DEBUG' is unset, Python ABI tag may be incorrect
  warn=(impl == 'cp')):
c:\programdata\anaconda2\lib\site-packages\setuptools\pep425tags.py:93: RuntimeWarning: Config variable 'WITH_PYMALLOC' is unset, Python ABI tag may be incorrect
  warn=(impl == 'cp')):
c:\programdata\anaconda2\lib\site-packages\setuptools\pep425tags.py:99: RuntimeWarning: Config variable 'Py_UNICODE_SIZE' is unset, Python ABI tag may be incorrect
  sys.version_info < (3, 3))) \
Downloading https://pypi.python.org/packages/75/d1/5abca4ccf61a7ab86c255dd315fb96e566fbf9b5d3a480e72c93e8ec2802/setuptools-38.4.0-py2.py3-none-any.whl#md5=a5c6620a59f19f2d5d32bdca18c7b47e
Best match: setuptools 38.4.0
Processing setuptools-38.4.0-py2.py3-none-any.whl
Installing setuptools-38.4.0-py2.py3-none-any.whl to c:\programdata\anaconda2\lib\site-packages
writing requirements to c:\programdata\anaconda2\lib\site-packages\setuptools-38.4.0-py2.7.egg\EGG-INFO\requires.txt
Adding setuptools 38.4.0 to easy-install.pth file
Installing easy_install-script.py script to c:\programdata\anaconda2\Scripts
Installing easy_install.exe script to c:\programdata\anaconda2\Scripts
error: [Error 5] Access is denied: 'c:\\programdata\\anaconda2\\Scripts\\easy_install.exe'

@@@@@@@@@@@@@@@@@@@@@@@@@@@@@@@@@@@@@@@@@@@@@@@@@@@@@@@@@@@@@@@@@@@@@@@@@@@@@@@@@@@@@
Big issues with some packages due to SSL access / permission being required now when installing

Removed from requirements.txt:
scipy==0.19.0Shapely==1.6.1
Sphinx==1.6.6spyder==3.1.4
SQLAlchemy==1.1.9
statsmodels==0.8.0
subprocess32==3.2.7

tables==3.2.2tblib==1.3.2
testpath==0.3
toolz==0.8.2
tornado==4.5.1
traitlets==4.3.2

tables is PyTables 

THEN use anaconda navigator to find and DL ez_setup and shapely [WORKS]

//////////////IGNORE////////////////
To install ez_setup, manually download ez_setup 0.9 @ https://pypi.python.org/pypi/ez_setup [UNSURE IF WORKS AS NT SHOWN IN ANACONDA NAVIGATOR]
https://stackoverflow.com/questions/35991403/python-pip-install-gives-command-python-setup-py-egg-info-failed-with-error-c
https://stackoverflow.com/questions/37830326/how-to-avoid-windowserror-error-5-access-is-denied
https://stackoverflow.com/questions/46977498/urllib2-httperror-http-error-403-ssl-is-required-when-installing-nltk-2-0-5
https://stackoverflow.com/questions/46967488/getting-error-403-while-installing-package-with-pip/46979531

To install shapely don't use 'pip install' or manual DL, use: [IO ERROR]
conda config --add channels conda-forge 
conda install shapely
//////////////////////////////////////
@@@@@@@@@@@@@@@@@@@@@@@@@@@@@@@@@@@@@@@@@@@@@@@@@@@@@@@@@@@@@@@@@@@@@@@@@@@@@@@@@@@@@

(base) C:\WINDOWS\system32>d:

(base) D:\>cd D:\FYP\3D_Virtualisation\packages

(base) D:\FYP\3D_Virtualisation\packages>pip install -r requirements.txt
Requirement already satisfied: alabaster==0.7.10 in c:\programdata\anaconda2\lib\site-packages (from -r requirements.txt (line 1))
Requirement already satisfied: anaconda-client==1.6.8 in c:\programdata\anaconda2\lib\site-packages (from -r requirements.txt (line 2))
Requirement already satisfied: anaconda-navigator==1.6.12 in c:\programdata\anaconda2\lib\site-packages (from -r requirements.txt (line 3))
Requirement already satisfied: anaconda-project==0.8.0 in c:\programdata\anaconda2\lib\site-packages (from -r requirements.txt (line 4))
Requirement already satisfied: asn1crypto==0.22.0 in c:\programdata\anaconda2\lib\site-packages (from -r requirements.txt (line 5))
Collecting astroid==1.4.9 (from -r requirements.txt (line 6))
  Using cached astroid-1.4.9-py2.py3-none-any.whl
Collecting astropy==1.3.2 (from -r requirements.txt (line 7))
  Using cached astropy-1.3.2-cp27-cp27m-win_amd64.whl
Collecting Babel==2.4.0 (from -r requirements.txt (line 8))
  Using cached Babel-2.4.0-py2.py3-none-any.whl
Requirement already satisfied: backports-abc==0.5 in c:\programdata\anaconda2\lib\site-packages (from -r requirements.txt (line 9))
Requirement already satisfied: backports.shutil-get-terminal-size==1.0.0 in c:\programdata\anaconda2\lib\site-packages (from -r requirements.txt (line 10))
Collecting backports.ssl-match-hostname==3.4.0.2 (from -r requirements.txt (line 11))
  Using cached backports.ssl_match_hostname-3.4.0.2.tar.gz
Requirement already satisfied: beautifulsoup4==4.6.0 in c:\programdata\anaconda2\lib\site-packages (from -r requirements.txt (line 12))
Requirement already satisfied: bitarray==0.8.1 in c:\programdata\anaconda2\lib\site-packages (from -r requirements.txt (line 13))
Collecting blaze==0.10.1 (from -r requirements.txt (line 14))
  Using cached blaze-0.10.1.tar.gz
Collecting bleach==1.5.0 (from -r requirements.txt (line 15))
  Using cached bleach-1.5.0-py2.py3-none-any.whl
Collecting blinker==1.4 (from -r requirements.txt (line 16))
  Using cached blinker-1.4.tar.gz
Collecting bokeh==0.12.5 (from -r requirements.txt (line 17))
  Using cached bokeh-0.12.5.tar.gz
Collecting boto==2.46.1 (from -r requirements.txt (line 18))
  Using cached boto-2.46.1-py2.py3-none-any.whl
Requirement already satisfied: Bottleneck==1.2.1 in c:\programdata\anaconda2\lib\site-packages (from -r requirements.txt (line 19))
Requirement already satisfied: cdecimal==2.3 in c:\programdata\anaconda2\lib\site-packages (from -r requirements.txt (line 20))
Requirement already satisfied: cffi==1.10.0 in c:\programdata\anaconda2\lib\site-packages (from -r requirements.txt (line 21))
Collecting chardet==3.0.3 (from -r requirements.txt (line 22))
  Using cached chardet-3.0.3-py2.py3-none-any.whl
Requirement already satisfied: click==6.7 in c:\programdata\anaconda2\lib\site-packages (from -r requirements.txt (line 23))
Collecting cloudpickle==0.2.2 (from -r requirements.txt (line 24))
  Using cached cloudpickle-0.2.2-py2.py3-none-any.whl
Requirement already satisfied: clyent==1.2.2 in c:\programdata\anaconda2\lib\site-packages (from -r requirements.txt (line 25))
Requirement already satisfied: colorama==0.3.9 in c:\programdata\anaconda2\lib\site-packages (from -r requirements.txt (line 26))
Requirement already satisfied: comtypes==1.1.2 in c:\programdata\anaconda2\lib\site-packages (from -r requirements.txt (line 27))
Requirement already satisfied: conda==4.4.8 in c:\programdata\anaconda2\lib\site-packages (from -r requirements.txt (line 28))
Requirement already satisfied: configparser==3.5.0 in c:\programdata\anaconda2\lib\site-packages (from -r requirements.txt (line 29))
Requirement already satisfied: contextlib2==0.5.5 in c:\programdata\anaconda2\lib\site-packages (from -r requirements.txt (line 30))
Collecting cryptography==1.8.1 (from -r requirements.txt (line 31))
  Using cached cryptography-1.8.1-cp27-cp27m-win_amd64.whl
Requirement already satisfied: cycler==0.10.0 in c:\programdata\anaconda2\lib\site-packages (from -r requirements.txt (line 32))
Collecting Cython==0.25.2 (from -r requirements.txt (line 33))
  Using cached Cython-0.25.2-cp27-none-win_amd64.whl
Requirement already satisfied: cytoolz==0.8.2 in c:\programdata\anaconda2\lib\site-packages (from -r requirements.txt (line 34))
Collecting dask==0.14.3 (from -r requirements.txt (line 35))
  Using cached dask-0.14.3-py2.py3-none-any.whl
Requirement already satisfied: datashape==0.5.4 in c:\programdata\anaconda2\lib\site-packages (from -r requirements.txt (line 36))
Collecting decorator==4.0.11 (from -r requirements.txt (line 37))
  Using cached decorator-4.0.11-py2.py3-none-any.whl
Collecting distributed==1.16.3 (from -r requirements.txt (line 38))
  Using cached distributed-1.16.3-py2.py3-none-any.whl
Collecting docutils==0.13.1 (from -r requirements.txt (line 39))
  Using cached docutils-0.13.1-py2-none-any.whl
Collecting entrypoints==0.2.2 (from -r requirements.txt (line 40))
  Using cached entrypoints-0.2.2-py2.py3-none-any.whl
Requirement already satisfied: enum34==1.1.6 in c:\programdata\anaconda2\lib\site-packages (from -r requirements.txt (line 41))
Requirement already satisfied: et-xmlfile==1.0.1 in c:\programdata\anaconda2\lib\site-packages (from -r requirements.txt (line 42))
Requirement already satisfied: fastcache==1.0.2 in c:\programdata\anaconda2\lib\site-packages (from -r requirements.txt (line 43))
Requirement already satisfied: Flask==0.12.2 in c:\programdata\anaconda2\lib\site-packages (from -r requirements.txt (line 44))
Collecting Flask-Bootstrap==3.2.0.2 (from -r requirements.txt (line 45))
  Using cached Flask-Bootstrap-3.2.0.2.tar.gz
Collecting Flask-Cors==3.0.2 (from -r requirements.txt (line 46))
  Using cached Flask_Cors-3.0.2-py2.py3-none-any.whl
Collecting Flask-DebugToolbar==0.10.1 (from -r requirements.txt (line 47))
  Using cached Flask_DebugToolbar-0.10.1-py2.py3-none-any.whl
Requirement already satisfied: funcsigs==1.0.2 in c:\programdata\anaconda2\lib\site-packages (from -r requirements.txt (line 48))
Requirement already satisfied: functools32==3.2.3.post2 in c:\programdata\anaconda2\lib\site-packages (from -r requirements.txt (line 49))
Requirement already satisfied: futures==3.1.1 in c:\programdata\anaconda2\lib\site-packages (from -r requirements.txt (line 50))
Collecting gevent==1.2.1 (from -r requirements.txt (line 51))
  Using cached gevent-1.2.1-cp27-cp27m-win_amd64.whl
Requirement already satisfied: greenlet==0.4.12 in c:\programdata\anaconda2\lib\site-packages (from -r requirements.txt (line 52))
Requirement already satisfied: grin==1.2.1 in c:\programdata\anaconda2\lib\site-packages (from -r requirements.txt (line 53))
Requirement already satisfied: h5py==2.7.0 in c:\programdata\anaconda2\lib\site-packages (from -r requirements.txt (line 54))
Requirement already satisfied: HeapDict==1.0.0 in c:\programdata\anaconda2\lib\site-packages (from -r requirements.txt (line 55))
Collecting html5lib==0.999 (from -r requirements.txt (line 56))
  Using cached html5lib-0.999.tar.gz
Collecting idna==2.5 (from -r requirements.txt (line 57))
  Using cached idna-2.5-py2.py3-none-any.whl
Requirement already satisfied: imagesize==0.7.1 in c:\programdata\anaconda2\lib\site-packages (from -r requirements.txt (line 58))
Requirement already satisfied: ipaddress==1.0.18 in c:\programdata\anaconda2\lib\site-packages (from -r requirements.txt (line 59))
Requirement already satisfied: ipykernel==4.6.1 in c:\programdata\anaconda2\lib\site-packages (from -r requirements.txt (line 60))
Collecting ipython==5.3.0 (from -r requirements.txt (line 61))
  Using cached ipython-5.3.0-py2-none-any.whl
Requirement already satisfied: ipython-genutils==0.2.0 in c:\programdata\anaconda2\lib\site-packages (from -r requirements.txt (line 62))
Collecting ipywidgets==6.0.0 (from -r requirements.txt (line 63))
  Using cached ipywidgets-6.0.0-py2.py3-none-any.whl
Collecting isort==4.2.5 (from -r requirements.txt (line 64))
  Using cached isort-4.2.5-py2.py3-none-any.whl
Requirement already satisfied: itsdangerous==0.24 in c:\programdata\anaconda2\lib\site-packages (from -r requirements.txt (line 65))
Requirement already satisfied: jdcal==1.3 in c:\programdata\anaconda2\lib\site-packages (from -r requirements.txt (line 66))
Requirement already satisfied: jedi==0.10.2 in c:\programdata\anaconda2\lib\site-packages (from -r requirements.txt (line 67))
Requirement already satisfied: Jinja2==2.9.6 in c:\programdata\anaconda2\lib\site-packages (from -r requirements.txt (line 68))
Requirement already satisfied: jsonschema==2.6.0 in c:\programdata\anaconda2\lib\site-packages (from -r requirements.txt (line 69))
Collecting jupyter==1.0.0 (from -r requirements.txt (line 70))
  Using cached jupyter-1.0.0-py2.py3-none-any.whl
Collecting jupyter-client==5.0.1 (from -r requirements.txt (line 71))
  Using cached jupyter_client-5.0.1-py2.py3-none-any.whl
Collecting jupyter-console==5.1.0 (from -r requirements.txt (line 72))
  Using cached jupyter_console-5.1.0-py2.py3-none-any.whl
Requirement already satisfied: jupyter-core==4.3.0 in c:\programdata\anaconda2\lib\site-packages (from -r requirements.txt (line 73))
Collecting lazy-object-proxy==1.2.2 (from -r requirements.txt (line 74))
  Using cached lazy_object_proxy-1.2.2-cp27-cp27m-win_amd64.whl
Collecting llvmlite==0.18.0 (from -r requirements.txt (line 75))
  Using cached llvmlite-0.18.0.tar.gz
Requirement already satisfied: locket==0.2.0 in c:\programdata\anaconda2\lib\site-packages (from -r requirements.txt (line 76))
Collecting lxml==3.7.3 (from -r requirements.txt (line 77))
  Using cached lxml-3.7.3-cp27-none-win_amd64.whl
Collecting MarkupSafe==0.23 (from -r requirements.txt (line 78))
  Using cached MarkupSafe-0.23.tar.gz
Collecting matplotlib==2.0.2 (from -r requirements.txt (line 79))
  Using cached matplotlib-2.0.2-cp27-cp27m-win_amd64.whl
Requirement already satisfied: menuinst==1.4.10 in c:\programdata\anaconda2\lib\site-packages (from -r requirements.txt (line 80))
Requirement already satisfied: mistune==0.7.4 in c:\programdata\anaconda2\lib\site-packages (from -r requirements.txt (line 81))
Requirement already satisfied: mpmath==0.19 in c:\programdata\anaconda2\lib\site-packages (from -r requirements.txt (line 82))
Requirement already satisfied: msgpack-python==0.4.8 in c:\programdata\anaconda2\lib\site-packages (from -r requirements.txt (line 83))
Requirement already satisfied: multipledispatch==0.4.9 in c:\programdata\anaconda2\lib\site-packages (from -r requirements.txt (line 84))
Requirement already satisfied: navigator-updater==0.1.0 in c:\programdata\anaconda2\lib\site-packages (from -r requirements.txt (line 85))
Collecting nbconvert==5.1.1 (from -r requirements.txt (line 86))
  Using cached nbconvert-5.1.1-py2.py3-none-any.whl
Collecting nbformat==4.3.0 (from -r requirements.txt (line 87))
  Using cached nbformat-4.3.0-py2.py3-none-any.whl
Collecting networkx==1.11 (from -r requirements.txt (line 88))
  Using cached networkx-1.11-py2.py3-none-any.whl
Collecting nltk==3.2.3 (from -r requirements.txt (line 89))
  Using cached nltk-3.2.3.tar.gz
Requirement already satisfied: nose==1.3.7 in c:\programdata\anaconda2\lib\site-packages (from -r requirements.txt (line 90))
Requirement already satisfied: notebook==5.0.0 in c:\programdata\anaconda2\lib\site-packages (from -r requirements.txt (line 91))
Requirement already satisfied: numexpr==2.6.2 in c:\programdata\anaconda2\lib\site-packages (from -r requirements.txt (line 92))
Collecting numpy==1.12.1 (from -r requirements.txt (line 93))
  Using cached numpy-1.12.1-cp27-none-win_amd64.whl
Collecting numpydoc==0.6.0 (from -r requirements.txt (line 94))
  Using cached numpydoc-0.6.0.tar.gz
Collecting odo==0.5.0 (from -r requirements.txt (line 95))
  Using cached odo-0.5.0.tar.gz
Requirement already satisfied: olefile==0.44 in c:\programdata\anaconda2\lib\site-packages (from -r requirements.txt (line 96))
Collecting openpyxl==2.4.7 (from -r requirements.txt (line 97))
  Using cached openpyxl-2.4.7.tar.gz
Requirement already satisfied: packaging==16.8 in c:\programdata\anaconda2\lib\site-packages (from -r requirements.txt (line 98))
Collecting pandas==0.20.1 (from -r requirements.txt (line 99))
  Using cached pandas-0.20.1-cp27-cp27m-win_amd64.whl
Collecting pandocfilters==1.4.1 (from -r requirements.txt (line 100))
  Using cached pandocfilters-1.4.1.tar.gz
Requirement already satisfied: partd==0.3.8 in c:\programdata\anaconda2\lib\site-packages (from -r requirements.txt (line 101))
Requirement already satisfied: path.py==10.3.1 in c:\programdata\anaconda2\lib\site-packages (from -r requirements.txt (line 102))
Collecting pathlib2==2.2.1 (from -r requirements.txt (line 103))
  Using cached pathlib2-2.2.1-py2.py3-none-any.whl
Requirement already satisfied: patsy==0.4.1 in c:\programdata\anaconda2\lib\site-packages (from -r requirements.txt (line 104))
Requirement already satisfied: pep8==1.7.0 in c:\programdata\anaconda2\lib\site-packages (from -r requirements.txt (line 105))
Requirement already satisfied: pickleshare==0.7.4 in c:\programdata\anaconda2\lib\site-packages (from -r requirements.txt (line 106))
Collecting Pillow==4.1.1 (from -r requirements.txt (line 107))
  Using cached Pillow-4.1.1-cp27-cp27m-win_amd64.whl
Requirement already satisfied: ply==3.10 in c:\programdata\anaconda2\lib\site-packages (from -r requirements.txt (line 108))
Collecting prompt-toolkit==1.0.14 (from -r requirements.txt (line 109))
  Using cached prompt_toolkit-1.0.14-py2-none-any.whl
Collecting psutil==5.2.2 (from -r requirements.txt (line 110))
  Using cached psutil-5.2.2-cp27-none-win_amd64.whl
Collecting py==1.4.33 (from -r requirements.txt (line 111))
  Using cached py-1.4.33-py2.py3-none-any.whl
Collecting PyAutoGUI==0.9.36 (from -r requirements.txt (line 112))
  Using cached PyAutoGUI-0.9.36.tar.gz
Requirement already satisfied: pycosat==0.6.3 in c:\programdata\anaconda2\lib\site-packages (from -r requirements.txt (line 113))
Collecting pycparser==2.17 (from -r requirements.txt (line 114))
  Using cached pycparser-2.17.tar.gz
Requirement already satisfied: pycrypto==2.6.1 in c:\programdata\anaconda2\lib\site-packages (from -r requirements.txt (line 115))
Requirement already satisfied: pycurl==7.43.0 in c:\programdata\anaconda2\lib\site-packages (from -r requirements.txt (line 116))
Collecting pyflakes==1.5.0 (from -r requirements.txt (line 117))
  Using cached pyflakes-1.5.0-py2.py3-none-any.whl
Collecting pyglet==1.2.4 (from -r requirements.txt (line 118))
  Using cached pyglet-1.2.4-py2-none-any.whl
Requirement already satisfied: Pygments==2.2.0 in c:\programdata\anaconda2\lib\site-packages (from -r requirements.txt (line 119))
Collecting pylint==1.6.4 (from -r requirements.txt (line 120))
  Using cached pylint-1.6.4-py2.py3-none-any.whl
Collecting PyMsgBox==1.0.6 (from -r requirements.txt (line 121))
  Using cached PyMsgBox-1.0.6.zip
Collecting pyodbc==4.0.16 (from -r requirements.txt (line 122))
  Using cached pyodbc-4.0.16-cp27-cp27m-win_amd64.whl
Collecting pyOpenSSL==17.0.0 (from -r requirements.txt (line 123))
  Using cached pyOpenSSL-17.0.0-py2.py3-none-any.whl
Collecting pyparsing==2.1.4 (from -r requirements.txt (line 124))
  Using cached pyparsing-2.1.4-py2.py3-none-any.whl
Collecting PyScreeze==0.1.13 (from -r requirements.txt (line 125))
  Using cached PyScreeze-0.1.13.tar.gz
Collecting pytest==3.0.7 (from -r requirements.txt (line 126))
  Using cached pytest-3.0.7-py2.py3-none-any.whl
Collecting python-dateutil==2.6.0 (from -r requirements.txt (line 127))
  Using cached python_dateutil-2.6.0-py2.py3-none-any.whl
Collecting PyTweening==1.0.3 (from -r requirements.txt (line 128))
  Using cached PyTweening-1.0.3.zip
Requirement already satisfied: pytz==2017.2 in c:\programdata\anaconda2\lib\site-packages (from -r requirements.txt (line 129))
Requirement already satisfied: PyWavelets==0.5.2 in c:\programdata\anaconda2\lib\site-packages (from -r requirements.txt (line 130))
Requirement already satisfied: pywin32==221 in c:\programdata\anaconda2\lib\site-packages (from -r requirements.txt (line 131))
Requirement already satisfied: PyYAML==3.12 in c:\programdata\anaconda2\lib\site-packages (from -r requirements.txt (line 132))
Requirement already satisfied: pyzmq==16.0.2 in c:\programdata\anaconda2\lib\site-packages (from -r requirements.txt (line 133))
Requirement already satisfied: QtAwesome==0.4.4 in c:\programdata\anaconda2\lib\site-packages (from -r requirements.txt (line 134))
Collecting qtconsole==4.3.0 (from -r requirements.txt (line 135))
  Using cached qtconsole-4.3.0-py2.py3-none-any.whl
Collecting QtPy==1.2.1 (from -r requirements.txt (line 136))
  Using cached QtPy-1.2.1-py2.py3-none-any.whl
Collecting requests==2.14.2 (from -r requirements.txt (line 137))
  Using cached requests-2.14.2-py2.py3-none-any.whl
Collecting rope==0.9.4 (from -r requirements.txt (line 138))
  Using cached rope-0.9.4.tar.gz
Collecting Rtree==0.8.3 (from -r requirements.txt (line 139))
  Using cached Rtree-0.8.3-py2-none-any.whl
Collecting scandir==1.5 (from -r requirements.txt (line 140))
  Using cached scandir-1.5.tar.gz
Requirement already satisfied: scikit-image==0.13.0 in c:\programdata\anaconda2\lib\site-packages (from -r requirements.txt (line 141))
Collecting scikit-learn==0.18.1 (from -r requirements.txt (line 142))
  Using cached scikit_learn-0.18.1-cp27-cp27m-win_amd64.whl
Collecting scipy==0.19.0 (from -r requirements.txt (line 143))
  Using cached scipy-0.19.0.zip
Collecting seaborn==0.7.1 (from -r requirements.txt (line 144))
  Using cached seaborn-0.7.1.tar.gz
Collecting selenium==3.8.0 (from -r requirements.txt (line 145))
  Using cached selenium-3.8.0-py2.py3-none-any.whl
Collecting Shapely==1.6.1 (from -r requirements.txt (line 146))
  Using cached Shapely-1.6.1.tar.gz
    Complete output from command python setup.py egg_info:
    Traceback (most recent call last):
      File "<string>", line 1, in <module>
      File "c:\users\faceb\appdata\local\temp\pip-build-4zrv6w\Shapely\setup.py", line 80, in <module>
        from shapely._buildcfg import geos_version_string, geos_version, \
      File "shapely\_buildcfg.py", line 200, in <module>
        lgeos = CDLL("geos_c.dll")
      File "C:\ProgramData\Anaconda2\lib\ctypes\__init__.py", line 366, in __init__
        self._handle = _dlopen(self._name, mode)
    WindowsError: [Error 126] The specified module could not be found

    ----------------------------------------
Command "python setup.py egg_info" failed with error code 1 in c:\users\faceb\appdata\local\temp\pip-build-4zrv6w\Shapely\

(base) D:\FYP\3D_Virtualisation\packages>  pip install ez_setup
Requirement already satisfied: ez_setup in c:\programdata\anaconda2\lib\site-packages

(base) D:\FYP\3D_Virtualisation\packages>pip install unroll
Collecting unroll
  Downloading unroll-0.1.0.tar.gz
    Complete output from command python setup.py egg_info:
    Downloading http://pypi.python.org/packages/source/d/distribute/distribute-0.6.14.tar.gz
    Traceback (most recent call last):
      File "<string>", line 1, in <module>
      File "c:\users\faceb\appdata\local\temp\pip-build-xkejpz\unroll\setup.py", line 2, in <module>
        ez_setup.use_setuptools()
      File "C:\ProgramData\Anaconda2\lib\site-packages\ez_setup.py", line 145, in use_setuptools
        return _do_download(version, download_base, to_dir, download_delay)
      File "C:\ProgramData\Anaconda2\lib\site-packages\ez_setup.py", line 124, in _do_download
        to_dir, download_delay)
      File "C:\ProgramData\Anaconda2\lib\site-packages\ez_setup.py", line 193, in download_setuptools
        src = urlopen(url)
      File "C:\ProgramData\Anaconda2\lib\urllib2.py", line 154, in urlopen
        return opener.open(url, data, timeout)
      File "C:\ProgramData\Anaconda2\lib\urllib2.py", line 435, in open
        response = meth(req, response)
      File "C:\ProgramData\Anaconda2\lib\urllib2.py", line 548, in http_response
        'http', request, response, code, msg, hdrs)
      File "C:\ProgramData\Anaconda2\lib\urllib2.py", line 473, in error
        return self._call_chain(*args)
      File "C:\ProgramData\Anaconda2\lib\urllib2.py", line 407, in _call_chain
        result = func(*args)
      File "C:\ProgramData\Anaconda2\lib\urllib2.py", line 556, in http_error_default
        raise HTTPError(req.get_full_url(), code, msg, hdrs, fp)
    urllib2.HTTPError: HTTP Error 403: SSL is required

    ----------------------------------------
Command "python setup.py egg_info" failed with error code 1 in c:\users\faceb\appdata\local\temp\pip-build-xkejpz\unroll\

(base) D:\FYP\3D_Virtualisation\packages>pip install ez_setup
Requirement already satisfied: ez_setup in c:\programdata\anaconda2\lib\site-packages

(base) D:\FYP\3D_Virtualisation\packages>pip install https://pypi.python.org/packages/ba/2c/743df41bd6b3298706dfe91b0c7ecdc47f2dc1a3104abeb6e9aa4a45fa5d/ez_setup-0.9.tar.gz
Collecting https://pypi.python.org/packages/ba/2c/743df41bd6b3298706dfe91b0c7ecdc47f2dc1a3104abeb6e9aa4a45fa5d/ez_setup-0.9.tar.gz
  Using cached ez_setup-0.9.tar.gz
  Requirement already satisfied (use --upgrade to upgrade): ez-setup==0.9 from https://pypi.python.org/packages/ba/2c/743df41bd6b3298706dfe91b0c7ecdc47f2dc1a3104abeb6e9aa4a45fa5d/ez_setup-0.9.tar.gz in c:\programdata\anaconda2\lib\site-packages
Building wheels for collected packages: ez-setup
  Running setup.py bdist_wheel for ez-setup ... done
  Stored in directory: C:\Users\faceb\AppData\Local\pip\Cache\wheels\3a\ee\88\8fe8c1c83409305c6f8b708b690947af769968b8df04ac3495
Successfully built ez-setup

(base) D:\FYP\3D_Virtualisation\packages>pip install ez_setup
Requirement already satisfied: ez_setup in c:\programdata\anaconda2\lib\site-packages

(base) D:\FYP\3D_Virtualisation\packages>pip install unroll
Collecting unroll
  Using cached unroll-0.1.0.tar.gz
    Complete output from command python setup.py egg_info:
    Downloading http://pypi.python.org/packages/source/d/distribute/distribute-0.6.14.tar.gz
    Traceback (most recent call last):
      File "<string>", line 1, in <module>
      File "c:\users\faceb\appdata\local\temp\pip-build-aqevrp\unroll\setup.py", line 2, in <module>
        ez_setup.use_setuptools()
      File "C:\ProgramData\Anaconda2\lib\site-packages\ez_setup.py", line 145, in use_setuptools
        return _do_download(version, download_base, to_dir, download_delay)
      File "C:\ProgramData\Anaconda2\lib\site-packages\ez_setup.py", line 124, in _do_download
        to_dir, download_delay)
      File "C:\ProgramData\Anaconda2\lib\site-packages\ez_setup.py", line 193, in download_setuptools
        src = urlopen(url)
      File "C:\ProgramData\Anaconda2\lib\urllib2.py", line 154, in urlopen
        return opener.open(url, data, timeout)
      File "C:\ProgramData\Anaconda2\lib\urllib2.py", line 435, in open
        response = meth(req, response)
      File "C:\ProgramData\Anaconda2\lib\urllib2.py", line 548, in http_response
        'http', request, response, code, msg, hdrs)
      File "C:\ProgramData\Anaconda2\lib\urllib2.py", line 473, in error
        return self._call_chain(*args)
      File "C:\ProgramData\Anaconda2\lib\urllib2.py", line 407, in _call_chain
        result = func(*args)
      File "C:\ProgramData\Anaconda2\lib\urllib2.py", line 556, in http_error_default
        raise HTTPError(req.get_full_url(), code, msg, hdrs, fp)
    urllib2.HTTPError: HTTP Error 403: SSL is required

    ----------------------------------------
Command "python setup.py egg_info" failed with error code 1 in c:\users\faceb\appdata\local\temp\pip-build-aqevrp\unroll\

(base) D:\FYP\3D_Virtualisation\packages>pip install -r requirements.txt
Requirement already satisfied: alabaster==0.7.10 in c:\programdata\anaconda2\lib\site-packages (from -r requirements.txt (line 1))
Requirement already satisfied: anaconda-client==1.6.8 in c:\programdata\anaconda2\lib\site-packages (from -r requirements.txt (line 2))
Requirement already satisfied: anaconda-navigator==1.6.12 in c:\programdata\anaconda2\lib\site-packages (from -r requirements.txt (line 3))
Requirement already satisfied: anaconda-project==0.8.0 in c:\programdata\anaconda2\lib\site-packages (from -r requirements.txt (line 4))
Requirement already satisfied: asn1crypto==0.22.0 in c:\programdata\anaconda2\lib\site-packages (from -r requirements.txt (line 5))
Collecting astroid==1.4.9 (from -r requirements.txt (line 6))
  Using cached astroid-1.4.9-py2.py3-none-any.whl
Collecting astropy==1.3.2 (from -r requirements.txt (line 7))
  Using cached astropy-1.3.2-cp27-cp27m-win_amd64.whl
Collecting Babel==2.4.0 (from -r requirements.txt (line 8))
  Using cached Babel-2.4.0-py2.py3-none-any.whl
Requirement already satisfied: backports-abc==0.5 in c:\programdata\anaconda2\lib\site-packages (from -r requirements.txt (line 9))
Requirement already satisfied: backports.shutil-get-terminal-size==1.0.0 in c:\programdata\anaconda2\lib\site-packages (from -r requirements.txt (line 10))
Collecting backports.ssl-match-hostname==3.4.0.2 (from -r requirements.txt (line 11))
  Using cached backports.ssl_match_hostname-3.4.0.2.tar.gz
Requirement already satisfied: beautifulsoup4==4.6.0 in c:\programdata\anaconda2\lib\site-packages (from -r requirements.txt (line 12))
Requirement already satisfied: bitarray==0.8.1 in c:\programdata\anaconda2\lib\site-packages (from -r requirements.txt (line 13))
Collecting blaze==0.10.1 (from -r requirements.txt (line 14))
  Using cached blaze-0.10.1.tar.gz
Collecting bleach==1.5.0 (from -r requirements.txt (line 15))
  Using cached bleach-1.5.0-py2.py3-none-any.whl
Collecting blinker==1.4 (from -r requirements.txt (line 16))
  Using cached blinker-1.4.tar.gz
Collecting bokeh==0.12.5 (from -r requirements.txt (line 17))
  Using cached bokeh-0.12.5.tar.gz
Collecting boto==2.46.1 (from -r requirements.txt (line 18))
  Using cached boto-2.46.1-py2.py3-none-any.whl
Requirement already satisfied: Bottleneck==1.2.1 in c:\programdata\anaconda2\lib\site-packages (from -r requirements.txt (line 19))
Requirement already satisfied: cdecimal==2.3 in c:\programdata\anaconda2\lib\site-packages (from -r requirements.txt (line 20))
Requirement already satisfied: cffi==1.10.0 in c:\programdata\anaconda2\lib\site-packages (from -r requirements.txt (line 21))
Collecting chardet==3.0.3 (from -r requirements.txt (line 22))
  Using cached chardet-3.0.3-py2.py3-none-any.whl
Requirement already satisfied: click==6.7 in c:\programdata\anaconda2\lib\site-packages (from -r requirements.txt (line 23))
Collecting cloudpickle==0.2.2 (from -r requirements.txt (line 24))
  Using cached cloudpickle-0.2.2-py2.py3-none-any.whl
Requirement already satisfied: clyent==1.2.2 in c:\programdata\anaconda2\lib\site-packages (from -r requirements.txt (line 25))
Requirement already satisfied: colorama==0.3.9 in c:\programdata\anaconda2\lib\site-packages (from -r requirements.txt (line 26))
Requirement already satisfied: comtypes==1.1.2 in c:\programdata\anaconda2\lib\site-packages (from -r requirements.txt (line 27))
Requirement already satisfied: conda==4.4.8 in c:\programdata\anaconda2\lib\site-packages (from -r requirements.txt (line 28))
Requirement already satisfied: configparser==3.5.0 in c:\programdata\anaconda2\lib\site-packages (from -r requirements.txt (line 29))
Requirement already satisfied: contextlib2==0.5.5 in c:\programdata\anaconda2\lib\site-packages (from -r requirements.txt (line 30))
Collecting cryptography==1.8.1 (from -r requirements.txt (line 31))
  Using cached cryptography-1.8.1-cp27-cp27m-win_amd64.whl
Requirement already satisfied: cycler==0.10.0 in c:\programdata\anaconda2\lib\site-packages (from -r requirements.txt (line 32))
Collecting Cython==0.25.2 (from -r requirements.txt (line 33))
  Using cached Cython-0.25.2-cp27-none-win_amd64.whl
Requirement already satisfied: cytoolz==0.8.2 in c:\programdata\anaconda2\lib\site-packages (from -r requirements.txt (line 34))
Collecting dask==0.14.3 (from -r requirements.txt (line 35))
  Using cached dask-0.14.3-py2.py3-none-any.whl
Requirement already satisfied: datashape==0.5.4 in c:\programdata\anaconda2\lib\site-packages (from -r requirements.txt (line 36))
Collecting decorator==4.0.11 (from -r requirements.txt (line 37))
  Using cached decorator-4.0.11-py2.py3-none-any.whl
Collecting distributed==1.16.3 (from -r requirements.txt (line 38))
  Using cached distributed-1.16.3-py2.py3-none-any.whl
Collecting docutils==0.13.1 (from -r requirements.txt (line 39))
  Using cached docutils-0.13.1-py2-none-any.whl
Collecting entrypoints==0.2.2 (from -r requirements.txt (line 40))
  Using cached entrypoints-0.2.2-py2.py3-none-any.whl
Requirement already satisfied: enum34==1.1.6 in c:\programdata\anaconda2\lib\site-packages (from -r requirements.txt (line 41))
Requirement already satisfied: et-xmlfile==1.0.1 in c:\programdata\anaconda2\lib\site-packages (from -r requirements.txt (line 42))
Requirement already satisfied: fastcache==1.0.2 in c:\programdata\anaconda2\lib\site-packages (from -r requirements.txt (line 43))
Requirement already satisfied: Flask==0.12.2 in c:\programdata\anaconda2\lib\site-packages (from -r requirements.txt (line 44))
Collecting Flask-Bootstrap==3.2.0.2 (from -r requirements.txt (line 45))
  Using cached Flask-Bootstrap-3.2.0.2.tar.gz
Collecting Flask-Cors==3.0.2 (from -r requirements.txt (line 46))
  Using cached Flask_Cors-3.0.2-py2.py3-none-any.whl
Collecting Flask-DebugToolbar==0.10.1 (from -r requirements.txt (line 47))
  Using cached Flask_DebugToolbar-0.10.1-py2.py3-none-any.whl
Requirement already satisfied: funcsigs==1.0.2 in c:\programdata\anaconda2\lib\site-packages (from -r requirements.txt (line 48))
Requirement already satisfied: functools32==3.2.3.post2 in c:\programdata\anaconda2\lib\site-packages (from -r requirements.txt (line 49))
Requirement already satisfied: futures==3.1.1 in c:\programdata\anaconda2\lib\site-packages (from -r requirements.txt (line 50))
Collecting gevent==1.2.1 (from -r requirements.txt (line 51))
  Using cached gevent-1.2.1-cp27-cp27m-win_amd64.whl
Requirement already satisfied: greenlet==0.4.12 in c:\programdata\anaconda2\lib\site-packages (from -r requirements.txt (line 52))
Requirement already satisfied: grin==1.2.1 in c:\programdata\anaconda2\lib\site-packages (from -r requirements.txt (line 53))
Requirement already satisfied: h5py==2.7.0 in c:\programdata\anaconda2\lib\site-packages (from -r requirements.txt (line 54))
Requirement already satisfied: HeapDict==1.0.0 in c:\programdata\anaconda2\lib\site-packages (from -r requirements.txt (line 55))
Collecting html5lib==0.999 (from -r requirements.txt (line 56))
  Using cached html5lib-0.999.tar.gz
Collecting idna==2.5 (from -r requirements.txt (line 57))
  Using cached idna-2.5-py2.py3-none-any.whl
Requirement already satisfied: imagesize==0.7.1 in c:\programdata\anaconda2\lib\site-packages (from -r requirements.txt (line 58))
Requirement already satisfied: ipaddress==1.0.18 in c:\programdata\anaconda2\lib\site-packages (from -r requirements.txt (line 59))
Requirement already satisfied: ipykernel==4.6.1 in c:\programdata\anaconda2\lib\site-packages (from -r requirements.txt (line 60))
Collecting ipython==5.3.0 (from -r requirements.txt (line 61))
  Using cached ipython-5.3.0-py2-none-any.whl
Requirement already satisfied: ipython-genutils==0.2.0 in c:\programdata\anaconda2\lib\site-packages (from -r requirements.txt (line 62))
Collecting ipywidgets==6.0.0 (from -r requirements.txt (line 63))
  Using cached ipywidgets-6.0.0-py2.py3-none-any.whl
Collecting isort==4.2.5 (from -r requirements.txt (line 64))
  Using cached isort-4.2.5-py2.py3-none-any.whl
Requirement already satisfied: itsdangerous==0.24 in c:\programdata\anaconda2\lib\site-packages (from -r requirements.txt (line 65))
Requirement already satisfied: jdcal==1.3 in c:\programdata\anaconda2\lib\site-packages (from -r requirements.txt (line 66))
Requirement already satisfied: jedi==0.10.2 in c:\programdata\anaconda2\lib\site-packages (from -r requirements.txt (line 67))
Requirement already satisfied: Jinja2==2.9.6 in c:\programdata\anaconda2\lib\site-packages (from -r requirements.txt (line 68))
Requirement already satisfied: jsonschema==2.6.0 in c:\programdata\anaconda2\lib\site-packages (from -r requirements.txt (line 69))
Collecting jupyter==1.0.0 (from -r requirements.txt (line 70))
  Using cached jupyter-1.0.0-py2.py3-none-any.whl
Collecting jupyter-client==5.0.1 (from -r requirements.txt (line 71))
  Using cached jupyter_client-5.0.1-py2.py3-none-any.whl
Collecting jupyter-console==5.1.0 (from -r requirements.txt (line 72))
  Using cached jupyter_console-5.1.0-py2.py3-none-any.whl
Requirement already satisfied: jupyter-core==4.3.0 in c:\programdata\anaconda2\lib\site-packages (from -r requirements.txt (line 73))
Collecting lazy-object-proxy==1.2.2 (from -r requirements.txt (line 74))
  Using cached lazy_object_proxy-1.2.2-cp27-cp27m-win_amd64.whl
Collecting llvmlite==0.18.0 (from -r requirements.txt (line 75))
  Using cached llvmlite-0.18.0.tar.gz
Requirement already satisfied: locket==0.2.0 in c:\programdata\anaconda2\lib\site-packages (from -r requirements.txt (line 76))
Collecting lxml==3.7.3 (from -r requirements.txt (line 77))
  Using cached lxml-3.7.3-cp27-none-win_amd64.whl
Collecting MarkupSafe==0.23 (from -r requirements.txt (line 78))
  Using cached MarkupSafe-0.23.tar.gz
Collecting matplotlib==2.0.2 (from -r requirements.txt (line 79))
  Using cached matplotlib-2.0.2-cp27-cp27m-win_amd64.whl
Requirement already satisfied: menuinst==1.4.10 in c:\programdata\anaconda2\lib\site-packages (from -r requirements.txt (line 80))
Requirement already satisfied: mistune==0.7.4 in c:\programdata\anaconda2\lib\site-packages (from -r requirements.txt (line 81))
Requirement already satisfied: mpmath==0.19 in c:\programdata\anaconda2\lib\site-packages (from -r requirements.txt (line 82))
Requirement already satisfied: msgpack-python==0.4.8 in c:\programdata\anaconda2\lib\site-packages (from -r requirements.txt (line 83))
Requirement already satisfied: multipledispatch==0.4.9 in c:\programdata\anaconda2\lib\site-packages (from -r requirements.txt (line 84))
Requirement already satisfied: navigator-updater==0.1.0 in c:\programdata\anaconda2\lib\site-packages (from -r requirements.txt (line 85))
Collecting nbconvert==5.1.1 (from -r requirements.txt (line 86))
  Using cached nbconvert-5.1.1-py2.py3-none-any.whl
Collecting nbformat==4.3.0 (from -r requirements.txt (line 87))
  Using cached nbformat-4.3.0-py2.py3-none-any.whl
Collecting networkx==1.11 (from -r requirements.txt (line 88))
  Using cached networkx-1.11-py2.py3-none-any.whl
Collecting nltk==3.2.3 (from -r requirements.txt (line 89))
  Using cached nltk-3.2.3.tar.gz
Requirement already satisfied: nose==1.3.7 in c:\programdata\anaconda2\lib\site-packages (from -r requirements.txt (line 90))
Requirement already satisfied: notebook==5.0.0 in c:\programdata\anaconda2\lib\site-packages (from -r requirements.txt (line 91))
Requirement already satisfied: numexpr==2.6.2 in c:\programdata\anaconda2\lib\site-packages (from -r requirements.txt (line 92))
Collecting numpy==1.12.1 (from -r requirements.txt (line 93))
  Using cached numpy-1.12.1-cp27-none-win_amd64.whl
Collecting numpydoc==0.6.0 (from -r requirements.txt (line 94))
  Using cached numpydoc-0.6.0.tar.gz
Collecting odo==0.5.0 (from -r requirements.txt (line 95))
  Using cached odo-0.5.0.tar.gz
Requirement already satisfied: olefile==0.44 in c:\programdata\anaconda2\lib\site-packages (from -r requirements.txt (line 96))
Collecting openpyxl==2.4.7 (from -r requirements.txt (line 97))
  Using cached openpyxl-2.4.7.tar.gz
Requirement already satisfied: packaging==16.8 in c:\programdata\anaconda2\lib\site-packages (from -r requirements.txt (line 98))
Collecting pandas==0.20.1 (from -r requirements.txt (line 99))
  Using cached pandas-0.20.1-cp27-cp27m-win_amd64.whl
Collecting pandocfilters==1.4.1 (from -r requirements.txt (line 100))
  Using cached pandocfilters-1.4.1.tar.gz
Requirement already satisfied: partd==0.3.8 in c:\programdata\anaconda2\lib\site-packages (from -r requirements.txt (line 101))
Requirement already satisfied: path.py==10.3.1 in c:\programdata\anaconda2\lib\site-packages (from -r requirements.txt (line 102))
Collecting pathlib2==2.2.1 (from -r requirements.txt (line 103))
  Using cached pathlib2-2.2.1-py2.py3-none-any.whl
Requirement already satisfied: patsy==0.4.1 in c:\programdata\anaconda2\lib\site-packages (from -r requirements.txt (line 104))
Requirement already satisfied: pep8==1.7.0 in c:\programdata\anaconda2\lib\site-packages (from -r requirements.txt (line 105))
Requirement already satisfied: pickleshare==0.7.4 in c:\programdata\anaconda2\lib\site-packages (from -r requirements.txt (line 106))
Collecting Pillow==4.1.1 (from -r requirements.txt (line 107))
  Using cached Pillow-4.1.1-cp27-cp27m-win_amd64.whl
Requirement already satisfied: ply==3.10 in c:\programdata\anaconda2\lib\site-packages (from -r requirements.txt (line 108))
Collecting prompt-toolkit==1.0.14 (from -r requirements.txt (line 109))
  Using cached prompt_toolkit-1.0.14-py2-none-any.whl
Collecting psutil==5.2.2 (from -r requirements.txt (line 110))
  Using cached psutil-5.2.2-cp27-none-win_amd64.whl
Collecting py==1.4.33 (from -r requirements.txt (line 111))
  Using cached py-1.4.33-py2.py3-none-any.whl
Collecting PyAutoGUI==0.9.36 (from -r requirements.txt (line 112))
  Using cached PyAutoGUI-0.9.36.tar.gz
Requirement already satisfied: pycosat==0.6.3 in c:\programdata\anaconda2\lib\site-packages (from -r requirements.txt (line 113))
Collecting pycparser==2.17 (from -r requirements.txt (line 114))
  Using cached pycparser-2.17.tar.gz
Requirement already satisfied: pycrypto==2.6.1 in c:\programdata\anaconda2\lib\site-packages (from -r requirements.txt (line 115))
Requirement already satisfied: pycurl==7.43.0 in c:\programdata\anaconda2\lib\site-packages (from -r requirements.txt (line 116))
Collecting pyflakes==1.5.0 (from -r requirements.txt (line 117))
  Using cached pyflakes-1.5.0-py2.py3-none-any.whl
Collecting pyglet==1.2.4 (from -r requirements.txt (line 118))
  Using cached pyglet-1.2.4-py2-none-any.whl
Requirement already satisfied: Pygments==2.2.0 in c:\programdata\anaconda2\lib\site-packages (from -r requirements.txt (line 119))
Collecting pylint==1.6.4 (from -r requirements.txt (line 120))
  Using cached pylint-1.6.4-py2.py3-none-any.whl
Collecting PyMsgBox==1.0.6 (from -r requirements.txt (line 121))
  Using cached PyMsgBox-1.0.6.zip
Collecting pyodbc==4.0.16 (from -r requirements.txt (line 122))
  Using cached pyodbc-4.0.16-cp27-cp27m-win_amd64.whl
Collecting pyOpenSSL==17.0.0 (from -r requirements.txt (line 123))
  Using cached pyOpenSSL-17.0.0-py2.py3-none-any.whl
Collecting pyparsing==2.1.4 (from -r requirements.txt (line 124))
  Using cached pyparsing-2.1.4-py2.py3-none-any.whl
Collecting PyScreeze==0.1.13 (from -r requirements.txt (line 125))
  Using cached PyScreeze-0.1.13.tar.gz
Collecting pytest==3.0.7 (from -r requirements.txt (line 126))
  Using cached pytest-3.0.7-py2.py3-none-any.whl
Collecting python-dateutil==2.6.0 (from -r requirements.txt (line 127))
  Using cached python_dateutil-2.6.0-py2.py3-none-any.whl
Collecting PyTweening==1.0.3 (from -r requirements.txt (line 128))
  Using cached PyTweening-1.0.3.zip
Requirement already satisfied: pytz==2017.2 in c:\programdata\anaconda2\lib\site-packages (from -r requirements.txt (line 129))
Requirement already satisfied: PyWavelets==0.5.2 in c:\programdata\anaconda2\lib\site-packages (from -r requirements.txt (line 130))
Requirement already satisfied: pywin32==221 in c:\programdata\anaconda2\lib\site-packages (from -r requirements.txt (line 131))
Requirement already satisfied: PyYAML==3.12 in c:\programdata\anaconda2\lib\site-packages (from -r requirements.txt (line 132))
Requirement already satisfied: pyzmq==16.0.2 in c:\programdata\anaconda2\lib\site-packages (from -r requirements.txt (line 133))
Requirement already satisfied: QtAwesome==0.4.4 in c:\programdata\anaconda2\lib\site-packages (from -r requirements.txt (line 134))
Collecting qtconsole==4.3.0 (from -r requirements.txt (line 135))
  Using cached qtconsole-4.3.0-py2.py3-none-any.whl
Collecting QtPy==1.2.1 (from -r requirements.txt (line 136))
  Using cached QtPy-1.2.1-py2.py3-none-any.whl
Collecting requests==2.14.2 (from -r requirements.txt (line 137))
  Using cached requests-2.14.2-py2.py3-none-any.whl
Collecting rope==0.9.4 (from -r requirements.txt (line 138))
  Using cached rope-0.9.4.tar.gz
Collecting Rtree==0.8.3 (from -r requirements.txt (line 139))
  Using cached Rtree-0.8.3-py2-none-any.whl
Collecting scandir==1.5 (from -r requirements.txt (line 140))
  Using cached scandir-1.5.tar.gz
Requirement already satisfied: scikit-image==0.13.0 in c:\programdata\anaconda2\lib\site-packages (from -r requirements.txt (line 141))
Collecting scikit-learn==0.18.1 (from -r requirements.txt (line 142))
  Using cached scikit_learn-0.18.1-cp27-cp27m-win_amd64.whl
Collecting seaborn==0.7.1 (from -r requirements.txt (line 143))
  Using cached seaborn-0.7.1.tar.gz
Collecting selenium==3.8.0 (from -r requirements.txt (line 144))
  Using cached selenium-3.8.0-py2.py3-none-any.whl
Collecting Shapely==1.6.1 (from -r requirements.txt (line 145))
  Using cached Shapely-1.6.1.tar.gz
    Complete output from command python setup.py egg_info:
    Traceback (most recent call last):
      File "<string>", line 1, in <module>
      File "c:\users\faceb\appdata\local\temp\pip-build-heffpu\Shapely\setup.py", line 80, in <module>
        from shapely._buildcfg import geos_version_string, geos_version, \
      File "shapely\_buildcfg.py", line 200, in <module>
        lgeos = CDLL("geos_c.dll")
      File "C:\ProgramData\Anaconda2\lib\ctypes\__init__.py", line 366, in __init__
        self._handle = _dlopen(self._name, mode)
    WindowsError: [Error 126] The specified module could not be found

    ----------------------------------------
Command "python setup.py egg_info" failed with error code 1 in c:\users\faceb\appdata\local\temp\pip-build-heffpu\Shapely\

(base) D:\FYP\3D_Virtualisation\packages>pip install shapely
Collecting shapely
  Downloading Shapely-1.6.4.post1.tar.gz (224kB)
    100% |################################| 225kB 3.0MB/s
    Complete output from command python setup.py egg_info:
    Traceback (most recent call last):
      File "<string>", line 1, in <module>
      File "c:\users\faceb\appdata\local\temp\pip-build-8c2sql\shapely\setup.py", line 80, in <module>
        from shapely._buildcfg import geos_version_string, geos_version, \
      File "shapely\_buildcfg.py", line 200, in <module>
        lgeos = CDLL("geos_c.dll")
      File "C:\ProgramData\Anaconda2\lib\ctypes\__init__.py", line 366, in __init__
        self._handle = _dlopen(self._name, mode)
    WindowsError: [Error 126] The specified module could not be found

    ----------------------------------------
Command "python setup.py egg_info" failed with error code 1 in c:\users\faceb\appdata\local\temp\pip-build-8c2sql\shapely\

(base) D:\FYP\3D_Virtualisation\packages>pip install ez_setup-0.9.tar.gz
Processing d:\fyp\3d_virtualisation\packages\ez_setup-0.9.tar.gz
  Requirement already satisfied (use --upgrade to upgrade): ez-setup==0.9 from file:///D:/FYP/3D_Virtualisation/packages/ez_setup-0.9.tar.gz in c:\programdata\anaconda2\lib\site-packages
Building wheels for collected packages: ez-setup
  Running setup.py bdist_wheel for ez-setup ... done
  Stored in directory: C:\Users\faceb\AppData\Local\pip\Cache\wheels\3c\41\61\a93ec06a4be25884d65e8f00c4e3b01ea3cb6ead914194e9f9
Successfully built ez-setup

(base) D:\FYP\3D_Virtualisation\packages>pip install Shapely-1.6.4.post1.tar.gz
Processing d:\fyp\3d_virtualisation\packages\shapely-1.6.4.post1.tar.gz
    Complete output from command python setup.py egg_info:
    Traceback (most recent call last):
      File "<string>", line 1, in <module>
      File "c:\users\faceb\appdata\local\temp\pip-waih4z-build\setup.py", line 80, in <module>
        from shapely._buildcfg import geos_version_string, geos_version, \
      File "shapely\_buildcfg.py", line 200, in <module>
        lgeos = CDLL("geos_c.dll")
      File "C:\ProgramData\Anaconda2\lib\ctypes\__init__.py", line 366, in __init__
        self._handle = _dlopen(self._name, mode)
    WindowsError: [Error 126] The specified module could not be found

    ----------------------------------------
Command "python setup.py egg_info" failed with error code 1 in c:\users\faceb\appdata\local\temp\pip-waih4z-build\

(base) D:\FYP\3D_Virtualisation\packages>conda config --add channels conda-forge

(base) D:\FYP\3D_Virtualisation\packages>conda install shapely
Solving environment: done

## Package Plan ##

  environment location: C:\ProgramData\Anaconda2

  added / updated specs:
    - shapely


The following packages will be downloaded:

    package                    |            build
    ---------------------------|-----------------
    qt-5.6.2                   |            vc9_1        56.3 MB  conda-forge
    openssl-1.0.2n             |            vc9_0         4.7 MB  conda-forge
    tk-8.6.7                   |            vc9_0         3.4 MB  conda-forge
    shapely-1.6.4              |           py27_0         276 KB  conda-forge
    freetype-2.8.1             |            vc9_0         463 KB  conda-forge
    libxml2-2.9.5              |            vc9_2         3.2 MB  conda-forge
    jpeg-9b                    |            vc9_2         308 KB  conda-forge
    certifi-2017.11.5          |           py27_0         197 KB  conda-forge
    icu-58.2                   |            vc9_0        21.9 MB  conda-forge
    libiconv-1.15              |            vc9_0         660 KB  conda-forge
    bzip2-1.0.6                |            vc9_1         109 KB  conda-forge
    sqlite-3.20.1              |            vc9_2         828 KB  conda-forge
    libpng-1.6.34              |            vc9_0         538 KB  conda-forge
    geos-3.6.2                 |            vc9_1         4.6 MB  conda-forge
    zlib-1.2.11                |            vc9_0         116 KB  conda-forge
    ca-certificates-2017.11.5  |                0         182 KB  conda-forge
    yaml-0.1.7                 |            vc9_0         100 KB  conda-forge
    libtiff-4.0.9              |            vc9_0         616 KB  conda-forge
    ------------------------------------------------------------
                                           Total:        98.3 MB

The following NEW packages will be INSTALLED:

    geos:            3.6.2-vc9_1           conda-forge [vc9]
    shapely:         1.6.4-py27_0          conda-forge

The following packages will be UPDATED:

    bzip2:           1.0.6-vc9h563fc2e_1               --> 1.0.6-vc9_1      conda-forge [vc9]
    ca-certificates: 2017.08.26-h94faf87_0             --> 2017.11.5-0      conda-forge
    freetype:        2.8-vc9hf582001_0                 --> 2.8.1-vc9_0      conda-forge [vc9]
    icu:             58.2-vc9h3e79e4e_0                --> 58.2-vc9_0       conda-forge [vc9]
    jpeg:            9b-vc9hb90d6ad_1                  --> 9b-vc9_2         conda-forge [vc9]
    libpng:          1.6.32-vc9h2352712_3              --> 1.6.34-vc9_0     conda-forge [vc9]
    libtiff:         4.0.8-vc9hf4dca05_10              --> 4.0.9-vc9_0      conda-forge [vc9]
    libxml2:         2.9.4-vc9h17753f3_5               --> 2.9.5-vc9_2      conda-forge [vc9]
    openssl:         1.0.2n-hc64555f_0                 --> 1.0.2n-vc9_0     conda-forge [vc9]
    sqlite:          3.20.1-vc9h5ec81ce_1              --> 3.20.1-vc9_2     conda-forge [vc9]

The following packages will be DOWNGRADED:

    certifi:         2018.1.18-py27_0                  --> 2017.11.5-py27_0 conda-forge
    libiconv:        1.15-vc9h6e1f958_5                --> 1.15-vc9_0       conda-forge [vc9]
    qt:              5.6.2-vc9hc26998b_12              --> 5.6.2-vc9_1      conda-forge [vc9]
    tk:              8.6.7-vc9h452fa07_1               --> 8.6.7-vc9_0      conda-forge [vc9]
    yaml:            0.1.7-vc9heb3852e_1               --> 0.1.7-vc9_0      conda-forge [vc9]
    zlib:            1.2.11-vc9ha80f4e8_1              --> 1.2.11-vc9_0     conda-forge [vc9]

Proceed ([y]/n)? y


Downloading and Extracting Packages
qt 5.6.2: ####################################################################################################9 | 100%
openssl 1.0.2n: ############################################################################################### | 100%
tk 8.6.7: ##################################################################################################### | 100%
shapely 1.6.4: ################################################################################################ | 100%
freetype 2.8.1: ############################################################################################### | 100%
libxml2 2.9.5: ################################################################################################ | 100%
jpeg 9b: ###################################################################################################### | 100%
certifi 2017.11.5: ############################################################################################ | 100%
icu 58.2: ##################################################################################################### | 100%
libiconv 1.15: ################################################################################################ | 100%
bzip2 1.0.6: ################################################################################################## | 100%
sqlite 3.20.1: ################################################################################################ | 100%
libpng 1.6.34: ################################################################################################ | 100%
geos 3.6.2: ################################################################################################### | 100%
zlib 1.2.11: ################################################################################################## | 100%
ca-certificates 2017.11.5: #################################################################################### | 100%
yaml 0.1.7: ################################################################################################### | 100%
libtiff 4.0.9: ################################################################################################ | 100%

IOError(0, 'Error')

(base) D:\FYP\3D_Virtualisation\packages>pip install unroll
Collecting unroll
  Using cached unroll-0.1.0.tar.gz
    Complete output from command python setup.py egg_info:
    Downloading http://pypi.python.org/packages/source/d/distribute/distribute-0.6.14.tar.gz
    Traceback (most recent call last):
      File "<string>", line 1, in <module>
      File "c:\users\faceb\appdata\local\temp\pip-build-upzfv3\unroll\setup.py", line 2, in <module>
        ez_setup.use_setuptools()
      File "C:\ProgramData\Anaconda2\lib\site-packages\ez_setup.py", line 145, in use_setuptools
        return _do_download(version, download_base, to_dir, download_delay)
      File "C:\ProgramData\Anaconda2\lib\site-packages\ez_setup.py", line 124, in _do_download
        to_dir, download_delay)
      File "C:\ProgramData\Anaconda2\lib\site-packages\ez_setup.py", line 193, in download_setuptools
        src = urlopen(url)
      File "C:\ProgramData\Anaconda2\lib\urllib2.py", line 154, in urlopen
        return opener.open(url, data, timeout)
      File "C:\ProgramData\Anaconda2\lib\urllib2.py", line 435, in open
        response = meth(req, response)
      File "C:\ProgramData\Anaconda2\lib\urllib2.py", line 548, in http_response
        'http', request, response, code, msg, hdrs)
      File "C:\ProgramData\Anaconda2\lib\urllib2.py", line 473, in error
        return self._call_chain(*args)
      File "C:\ProgramData\Anaconda2\lib\urllib2.py", line 407, in _call_chain
        result = func(*args)
      File "C:\ProgramData\Anaconda2\lib\urllib2.py", line 556, in http_error_default
        raise HTTPError(req.get_full_url(), code, msg, hdrs, fp)
    urllib2.HTTPError: HTTP Error 403: SSL is required

    ----------------------------------------
Command "python setup.py egg_info" failed with error code 1 in c:\users\faceb\appdata\local\temp\pip-build-upzfv3\unroll\

(base) D:\FYP\3D_Virtualisation\packages>conda install shapely
Solving environment: done


# >>>>>>>>>>>>>>>>>>>>>> ERROR REPORT <<<<<<<<<<<<<<<<<<<<<<

    Traceback (most recent call last):
      File "C:\ProgramData\Anaconda2\lib\site-packages\conda\exceptions.py", line 772, in __call__
        return func(*args, **kwargs)
      File "C:\ProgramData\Anaconda2\lib\site-packages\conda\cli\main.py", line 78, in _main
        exit_code = do_call(args, p)
      File "C:\ProgramData\Anaconda2\lib\site-packages\conda\cli\conda_argparse.py", line 77, in do_call
        exit_code = getattr(module, func_name)(args, parser)
      File "C:\ProgramData\Anaconda2\lib\site-packages\conda\cli\main_install.py", line 11, in execute
        install(args, parser, 'install')
      File "C:\ProgramData\Anaconda2\lib\site-packages\conda\cli\install.py", line 255, in install
        handle_txn(progressive_fetch_extract, unlink_link_transaction, prefix, args, newenv)
      File "C:\ProgramData\Anaconda2\lib\site-packages\conda\cli\install.py", line 272, in handle_txn
        unlink_link_transaction.display_actions(progressive_fetch_extract)
      File "C:\ProgramData\Anaconda2\lib\site-packages\conda\core\link.py", line 711, in display_actions
        specs_to_remove=stp.remove_specs, specs_to_add=stp.update_specs)
      File "C:\ProgramData\Anaconda2\lib\site-packages\conda\plan.py", line 70, in display_actions
        print('\n'.join(builder))
      File "C:\ProgramData\Anaconda2\lib\site-packages\colorama\ansitowin32.py", line 40, in write
        self.__convertor.write(text)
      File "C:\ProgramData\Anaconda2\lib\site-packages\colorama\ansitowin32.py", line 141, in write
        self.write_and_convert(text)
      File "C:\ProgramData\Anaconda2\lib\site-packages\colorama\ansitowin32.py", line 169, in write_and_convert
        self.write_plain_text(text, cursor, len(text))
      File "C:\ProgramData\Anaconda2\lib\site-packages\colorama\ansitowin32.py", line 174, in write_plain_text
        self.wrapped.write(text[start:end])
    IOError: [Errno 0] Error

`$ C:\ProgramData\Anaconda2\Scripts\conda install shapely`

  environment variables:
                 CIO_TEST=<not set>
        CONDA_DEFAULT_ENV=base
             CONDA_PREFIX=C:\ProgramData\Anaconda2
    CONDA_PROMPT_MODIFIER=(base)
         CONDA_PYTHON_EXE=C:\ProgramData\Anaconda2\python.exe
               CONDA_ROOT=C:\ProgramData\Anaconda2
              CONDA_SHLVL=1
                 HOMEPATH=\Users\faceb
                     PATH=C:\ProgramData\Anaconda2;C:\ProgramData\Anaconda2\Library\mingw-w64\bi
                          n;C:\ProgramData\Anaconda2\Library\usr\bin;C:\ProgramData\Anaconda2\Li
                          brary\bin;C:\ProgramData\Anaconda2\Scripts;C:\ProgramData\Anaconda2\bi
                          n;C:\ProgramData\Oracle\Java\javapath;C:\Python27\;C:\Python27\Scripts
                          ;C:\Program Files (x86)\Intel\iCLS Client\;C:\Program Files\Intel\iCLS
                          Client\;C:\Windows\system32;C:\Windows;C:\Windows\System32\Wbem;C:\Win
                          dows\System32\WindowsPowerShell\v1.0\;C:\Program Files
                          (x86)\Intel\Intel(R) Management Engine Components\DAL;C:\Program
                          Files\Intel\Intel(R) Management Engine Components\DAL;C:\Program Files
                          (x86)\Intel\Intel(R) Management Engine Components\IPT;C:\Program
                          Files\Intel\Intel(R) Management Engine Components\IPT;C:\Program Files
                          (x86)\NVIDIA Corporation\PhysX\Common;C:\Program
                          Files\Intel\WiFi\bin\;C:\Program Files\Common
                          Files\Intel\WirelessCommon\;C:\Program Files (x86)\Skype\Phone\;C:\WIN
                          DOWS\system32;C:\WINDOWS;C:\WINDOWS\System32\Wbem;C:\WINDOWS\System32\
                          WindowsPowerShell\v1.0\;C:\Program Files
                          (x86)\Brackets\command;C:\Program Files\Git\cmd;C:\Program
                          Files\MySQL\MySQL Utilities 1.6\;C:\Program Files\nodejs\;C:\Users\fac
                          eb\AppData\Local\Microsoft\WindowsApps;C:\Program Files\Java\jdk1.8.0_
                          144\bin;C:\Users\faceb\AppData\Local\GitHubDesktop\bin;C:\Users\faceb\
                          AppData\Roaming\npm;C:\Users\faceb\AppData\Local\Microsoft\WindowsApps
             PSMODULEPATH=C:\WINDOWS\system32\WindowsPowerShell\v1.0\Modules\
         PYTHONIOENCODING=1252
       REQUESTS_CA_BUNDLE=<not set>
            SSL_CERT_FILE=<not set>
    VBOX_MSI_INSTALL_PATH=C:\Program Files\Oracle\VirtualBox\

     active environment : base
    active env location : C:\ProgramData\Anaconda2
            shell level : 1
       user config file : C:\Users\faceb\.condarc
 populated config files : C:\Users\faceb\.condarc
          conda version : 4.4.8
    conda-build version : 3.0.27
         python version : 2.7.14.final.0
       base environment : C:\ProgramData\Anaconda2  (writable)
           channel URLs : https://conda.anaconda.org/conda-forge/win-64
                          https://conda.anaconda.org/conda-forge/noarch
                          https://repo.continuum.io/pkgs/main/win-64
                          https://repo.continuum.io/pkgs/main/noarch
                          https://repo.continuum.io/pkgs/free/win-64
                          https://repo.continuum.io/pkgs/free/noarch
                          https://repo.continuum.io/pkgs/r/win-64
                          https://repo.continuum.io/pkgs/r/noarch
                          https://repo.continuum.io/pkgs/pro/win-64
                          https://repo.continuum.io/pkgs/pro/noarch
                          https://repo.continuum.io/pkgs/msys2/win-64
                          https://repo.continuum.io/pkgs/msys2/noarch
          package cache : C:\ProgramData\Anaconda2\pkgs
                          C:\Users\faceb\AppData\Local\conda\conda\pkgs
       envs directories : C:\ProgramData\Anaconda2\envs
                          C:\Users\faceb\AppData\Local\conda\conda\envs
                          C:\Users\faceb\.conda\envs
               platform : win-64
             user-agent : conda/4.4.8 requests/2.18.4 CPython/2.7.14 Windows/10 Windows/10.0.16299
          administrator : True
             netrc file : None
           offline mode : False


An unexpected error has occurred. Conda has prepared the above report.
If submitted, this report will be used by core maintainers to improve
future releases of conda.
Would you like conda to send this report to the core maintainers?
[y/N]: dsaddn

No report sent. To permanently opt-out, use

    $ conda config --set report_errors false


(base) D:\FYP\3D_Virtualisation\packages>pip install unroll
Collecting unroll
  Using cached unroll-0.1.0.tar.gz
    Complete output from command python setup.py egg_info:
    Downloading http://pypi.python.org/packages/source/d/distribute/distribute-0.6.14.tar.gz
    Traceback (most recent call last):
      File "<string>", line 1, in <module>
      File "c:\users\faceb\appdata\local\temp\pip-build-unkxia\unroll\setup.py", line 2, in <module>
        ez_setup.use_setuptools()
      File "C:\ProgramData\Anaconda2\lib\site-packages\ez_setup.py", line 145, in use_setuptools
        return _do_download(version, download_base, to_dir, download_delay)
      File "C:\ProgramData\Anaconda2\lib\site-packages\ez_setup.py", line 124, in _do_download
        to_dir, download_delay)
      File "C:\ProgramData\Anaconda2\lib\site-packages\ez_setup.py", line 193, in download_setuptools
        src = urlopen(url)
      File "C:\ProgramData\Anaconda2\lib\urllib2.py", line 154, in urlopen
        return opener.open(url, data, timeout)
      File "C:\ProgramData\Anaconda2\lib\urllib2.py", line 435, in open
        response = meth(req, response)
      File "C:\ProgramData\Anaconda2\lib\urllib2.py", line 548, in http_response
        'http', request, response, code, msg, hdrs)
      File "C:\ProgramData\Anaconda2\lib\urllib2.py", line 473, in error
        return self._call_chain(*args)
      File "C:\ProgramData\Anaconda2\lib\urllib2.py", line 407, in _call_chain
        result = func(*args)
      File "C:\ProgramData\Anaconda2\lib\urllib2.py", line 556, in http_error_default
        raise HTTPError(req.get_full_url(), code, msg, hdrs, fp)
    urllib2.HTTPError: HTTP Error 403: SSL is required

    ----------------------------------------
Command "python setup.py egg_info" failed with error code 1 in c:\users\faceb\appdata\local\temp\pip-build-unkxia\unroll\

(base) D:\FYP\3D_Virtualisation\packages>pip install -r requirements.txt
Requirement already satisfied: alabaster==0.7.10 in c:\programdata\anaconda2\lib\site-packages (from -r requirements.txt (line 1))
Requirement already satisfied: anaconda-client==1.6.8 in c:\programdata\anaconda2\lib\site-packages (from -r requirements.txt (line 2))
Requirement already satisfied: anaconda-navigator==1.6.12 in c:\programdata\anaconda2\lib\site-packages (from -r requirements.txt (line 3))
Requirement already satisfied: anaconda-project==0.8.0 in c:\programdata\anaconda2\lib\site-packages (from -r requirements.txt (line 4))
Requirement already satisfied: asn1crypto==0.22.0 in c:\programdata\anaconda2\lib\site-packages (from -r requirements.txt (line 5))
Collecting astroid==1.4.9 (from -r requirements.txt (line 6))
  Using cached astroid-1.4.9-py2.py3-none-any.whl
Collecting astropy==1.3.2 (from -r requirements.txt (line 7))
  Using cached astropy-1.3.2-cp27-cp27m-win_amd64.whl
Collecting Babel==2.4.0 (from -r requirements.txt (line 8))
  Using cached Babel-2.4.0-py2.py3-none-any.whl
Requirement already satisfied: backports-abc==0.5 in c:\programdata\anaconda2\lib\site-packages (from -r requirements.txt (line 9))
Requirement already satisfied: backports.shutil-get-terminal-size==1.0.0 in c:\programdata\anaconda2\lib\site-packages (from -r requirements.txt (line 10))
Collecting backports.ssl-match-hostname==3.4.0.2 (from -r requirements.txt (line 11))
  Using cached backports.ssl_match_hostname-3.4.0.2.tar.gz
Requirement already satisfied: beautifulsoup4==4.6.0 in c:\programdata\anaconda2\lib\site-packages (from -r requirements.txt (line 12))
Requirement already satisfied: bitarray==0.8.1 in c:\programdata\anaconda2\lib\site-packages (from -r requirements.txt (line 13))
Collecting blaze==0.10.1 (from -r requirements.txt (line 14))
  Using cached blaze-0.10.1.tar.gz
Collecting bleach==1.5.0 (from -r requirements.txt (line 15))
  Using cached bleach-1.5.0-py2.py3-none-any.whl
Collecting blinker==1.4 (from -r requirements.txt (line 16))
  Using cached blinker-1.4.tar.gz
Collecting bokeh==0.12.5 (from -r requirements.txt (line 17))
  Using cached bokeh-0.12.5.tar.gz
Collecting boto==2.46.1 (from -r requirements.txt (line 18))
  Using cached boto-2.46.1-py2.py3-none-any.whl
Requirement already satisfied: Bottleneck==1.2.1 in c:\programdata\anaconda2\lib\site-packages (from -r requirements.txt (line 19))
Requirement already satisfied: cdecimal==2.3 in c:\programdata\anaconda2\lib\site-packages (from -r requirements.txt (line 20))
Requirement already satisfied: cffi==1.10.0 in c:\programdata\anaconda2\lib\site-packages (from -r requirements.txt (line 21))
Collecting chardet==3.0.3 (from -r requirements.txt (line 22))
  Using cached chardet-3.0.3-py2.py3-none-any.whl
Requirement already satisfied: click==6.7 in c:\programdata\anaconda2\lib\site-packages (from -r requirements.txt (line 23))
Collecting cloudpickle==0.2.2 (from -r requirements.txt (line 24))
  Using cached cloudpickle-0.2.2-py2.py3-none-any.whl
Requirement already satisfied: clyent==1.2.2 in c:\programdata\anaconda2\lib\site-packages (from -r requirements.txt (line 25))
Requirement already satisfied: colorama==0.3.9 in c:\programdata\anaconda2\lib\site-packages (from -r requirements.txt (line 26))
Requirement already satisfied: comtypes==1.1.2 in c:\programdata\anaconda2\lib\site-packages (from -r requirements.txt (line 27))
Requirement already satisfied: conda==4.4.8 in c:\programdata\anaconda2\lib\site-packages (from -r requirements.txt (line 28))
Requirement already satisfied: configparser==3.5.0 in c:\programdata\anaconda2\lib\site-packages (from -r requirements.txt (line 29))
Requirement already satisfied: contextlib2==0.5.5 in c:\programdata\anaconda2\lib\site-packages (from -r requirements.txt (line 30))
Collecting cryptography==1.8.1 (from -r requirements.txt (line 31))
  Using cached cryptography-1.8.1-cp27-cp27m-win_amd64.whl
Requirement already satisfied: cycler==0.10.0 in c:\programdata\anaconda2\lib\site-packages (from -r requirements.txt (line 32))
Collecting Cython==0.25.2 (from -r requirements.txt (line 33))
  Using cached Cython-0.25.2-cp27-none-win_amd64.whl
Requirement already satisfied: cytoolz==0.8.2 in c:\programdata\anaconda2\lib\site-packages (from -r requirements.txt (line 34))
Collecting dask==0.14.3 (from -r requirements.txt (line 35))
  Using cached dask-0.14.3-py2.py3-none-any.whl
Requirement already satisfied: datashape==0.5.4 in c:\programdata\anaconda2\lib\site-packages (from -r requirements.txt (line 36))
Collecting decorator==4.0.11 (from -r requirements.txt (line 37))
  Using cached decorator-4.0.11-py2.py3-none-any.whl
Collecting distributed==1.16.3 (from -r requirements.txt (line 38))
  Using cached distributed-1.16.3-py2.py3-none-any.whl
Collecting docutils==0.13.1 (from -r requirements.txt (line 39))
  Using cached docutils-0.13.1-py2-none-any.whl
Collecting entrypoints==0.2.2 (from -r requirements.txt (line 40))
  Using cached entrypoints-0.2.2-py2.py3-none-any.whl
Requirement already satisfied: enum34==1.1.6 in c:\programdata\anaconda2\lib\site-packages (from -r requirements.txt (line 41))
Requirement already satisfied: et-xmlfile==1.0.1 in c:\programdata\anaconda2\lib\site-packages (from -r requirements.txt (line 42))
Requirement already satisfied: fastcache==1.0.2 in c:\programdata\anaconda2\lib\site-packages (from -r requirements.txt (line 43))
Requirement already satisfied: Flask==0.12.2 in c:\programdata\anaconda2\lib\site-packages (from -r requirements.txt (line 44))
Collecting Flask-Bootstrap==3.2.0.2 (from -r requirements.txt (line 45))
  Using cached Flask-Bootstrap-3.2.0.2.tar.gz
Collecting Flask-Cors==3.0.2 (from -r requirements.txt (line 46))
  Using cached Flask_Cors-3.0.2-py2.py3-none-any.whl
Collecting Flask-DebugToolbar==0.10.1 (from -r requirements.txt (line 47))
  Using cached Flask_DebugToolbar-0.10.1-py2.py3-none-any.whl
Requirement already satisfied: funcsigs==1.0.2 in c:\programdata\anaconda2\lib\site-packages (from -r requirements.txt (line 48))
Requirement already satisfied: functools32==3.2.3.post2 in c:\programdata\anaconda2\lib\site-packages (from -r requirements.txt (line 49))
Requirement already satisfied: futures==3.1.1 in c:\programdata\anaconda2\lib\site-packages (from -r requirements.txt (line 50))
Collecting gevent==1.2.1 (from -r requirements.txt (line 51))
  Using cached gevent-1.2.1-cp27-cp27m-win_amd64.whl
Requirement already satisfied: greenlet==0.4.12 in c:\programdata\anaconda2\lib\site-packages (from -r requirements.txt (line 52))
Requirement already satisfied: grin==1.2.1 in c:\programdata\anaconda2\lib\site-packages (from -r requirements.txt (line 53))
Requirement already satisfied: h5py==2.7.0 in c:\programdata\anaconda2\lib\site-packages (from -r requirements.txt (line 54))
Requirement already satisfied: HeapDict==1.0.0 in c:\programdata\anaconda2\lib\site-packages (from -r requirements.txt (line 55))
Collecting html5lib==0.999 (from -r requirements.txt (line 56))
  Using cached html5lib-0.999.tar.gz
Collecting idna==2.5 (from -r requirements.txt (line 57))
  Using cached idna-2.5-py2.py3-none-any.whl
Requirement already satisfied: imagesize==0.7.1 in c:\programdata\anaconda2\lib\site-packages (from -r requirements.txt (line 58))
Requirement already satisfied: ipaddress==1.0.18 in c:\programdata\anaconda2\lib\site-packages (from -r requirements.txt (line 59))
Requirement already satisfied: ipykernel==4.6.1 in c:\programdata\anaconda2\lib\site-packages (from -r requirements.txt (line 60))
Collecting ipython==5.3.0 (from -r requirements.txt (line 61))
  Using cached ipython-5.3.0-py2-none-any.whl
Requirement already satisfied: ipython-genutils==0.2.0 in c:\programdata\anaconda2\lib\site-packages (from -r requirements.txt (line 62))
Collecting ipywidgets==6.0.0 (from -r requirements.txt (line 63))
  Using cached ipywidgets-6.0.0-py2.py3-none-any.whl
Collecting isort==4.2.5 (from -r requirements.txt (line 64))
  Using cached isort-4.2.5-py2.py3-none-any.whl
Requirement already satisfied: itsdangerous==0.24 in c:\programdata\anaconda2\lib\site-packages (from -r requirements.txt (line 65))
Requirement already satisfied: jdcal==1.3 in c:\programdata\anaconda2\lib\site-packages (from -r requirements.txt (line 66))
Requirement already satisfied: jedi==0.10.2 in c:\programdata\anaconda2\lib\site-packages (from -r requirements.txt (line 67))
Requirement already satisfied: Jinja2==2.9.6 in c:\programdata\anaconda2\lib\site-packages (from -r requirements.txt (line 68))
Requirement already satisfied: jsonschema==2.6.0 in c:\programdata\anaconda2\lib\site-packages (from -r requirements.txt (line 69))
Collecting jupyter==1.0.0 (from -r requirements.txt (line 70))
  Using cached jupyter-1.0.0-py2.py3-none-any.whl
Collecting jupyter-client==5.0.1 (from -r requirements.txt (line 71))
  Using cached jupyter_client-5.0.1-py2.py3-none-any.whl
Collecting jupyter-console==5.1.0 (from -r requirements.txt (line 72))
  Using cached jupyter_console-5.1.0-py2.py3-none-any.whl
Requirement already satisfied: jupyter-core==4.3.0 in c:\programdata\anaconda2\lib\site-packages (from -r requirements.txt (line 73))
Collecting lazy-object-proxy==1.2.2 (from -r requirements.txt (line 74))
  Using cached lazy_object_proxy-1.2.2-cp27-cp27m-win_amd64.whl
Collecting llvmlite==0.18.0 (from -r requirements.txt (line 75))
  Using cached llvmlite-0.18.0.tar.gz
Requirement already satisfied: locket==0.2.0 in c:\programdata\anaconda2\lib\site-packages (from -r requirements.txt (line 76))
Collecting lxml==3.7.3 (from -r requirements.txt (line 77))
  Using cached lxml-3.7.3-cp27-none-win_amd64.whl
Collecting MarkupSafe==0.23 (from -r requirements.txt (line 78))
  Using cached MarkupSafe-0.23.tar.gz
Collecting matplotlib==2.0.2 (from -r requirements.txt (line 79))
  Using cached matplotlib-2.0.2-cp27-cp27m-win_amd64.whl
Requirement already satisfied: menuinst==1.4.10 in c:\programdata\anaconda2\lib\site-packages (from -r requirements.txt (line 80))
Requirement already satisfied: mistune==0.7.4 in c:\programdata\anaconda2\lib\site-packages (from -r requirements.txt (line 81))
Requirement already satisfied: mpmath==0.19 in c:\programdata\anaconda2\lib\site-packages (from -r requirements.txt (line 82))
Requirement already satisfied: msgpack-python==0.4.8 in c:\programdata\anaconda2\lib\site-packages (from -r requirements.txt (line 83))
Requirement already satisfied: multipledispatch==0.4.9 in c:\programdata\anaconda2\lib\site-packages (from -r requirements.txt (line 84))
Requirement already satisfied: navigator-updater==0.1.0 in c:\programdata\anaconda2\lib\site-packages (from -r requirements.txt (line 85))
Collecting nbconvert==5.1.1 (from -r requirements.txt (line 86))
  Using cached nbconvert-5.1.1-py2.py3-none-any.whl
Collecting nbformat==4.3.0 (from -r requirements.txt (line 87))
  Using cached nbformat-4.3.0-py2.py3-none-any.whl
Collecting networkx==1.11 (from -r requirements.txt (line 88))
  Using cached networkx-1.11-py2.py3-none-any.whl
Collecting nltk==3.2.3 (from -r requirements.txt (line 89))
  Using cached nltk-3.2.3.tar.gz
Requirement already satisfied: nose==1.3.7 in c:\programdata\anaconda2\lib\site-packages (from -r requirements.txt (line 90))
Requirement already satisfied: notebook==5.0.0 in c:\programdata\anaconda2\lib\site-packages (from -r requirements.txt (line 91))
Requirement already satisfied: numexpr==2.6.2 in c:\programdata\anaconda2\lib\site-packages (from -r requirements.txt (line 92))
Collecting numpy==1.12.1 (from -r requirements.txt (line 93))
  Using cached numpy-1.12.1-cp27-none-win_amd64.whl
Collecting numpydoc==0.6.0 (from -r requirements.txt (line 94))
  Using cached numpydoc-0.6.0.tar.gz
Collecting odo==0.5.0 (from -r requirements.txt (line 95))
  Using cached odo-0.5.0.tar.gz
Requirement already satisfied: olefile==0.44 in c:\programdata\anaconda2\lib\site-packages (from -r requirements.txt (line 96))
Collecting openpyxl==2.4.7 (from -r requirements.txt (line 97))
  Using cached openpyxl-2.4.7.tar.gz
Requirement already satisfied: packaging==16.8 in c:\programdata\anaconda2\lib\site-packages (from -r requirements.txt (line 98))
Collecting pandas==0.20.1 (from -r requirements.txt (line 99))
  Using cached pandas-0.20.1-cp27-cp27m-win_amd64.whl
Collecting pandocfilters==1.4.1 (from -r requirements.txt (line 100))
  Using cached pandocfilters-1.4.1.tar.gz
Requirement already satisfied: partd==0.3.8 in c:\programdata\anaconda2\lib\site-packages (from -r requirements.txt (line 101))
Requirement already satisfied: path.py==10.3.1 in c:\programdata\anaconda2\lib\site-packages (from -r requirements.txt (line 102))
Collecting pathlib2==2.2.1 (from -r requirements.txt (line 103))
  Using cached pathlib2-2.2.1-py2.py3-none-any.whl
Requirement already satisfied: patsy==0.4.1 in c:\programdata\anaconda2\lib\site-packages (from -r requirements.txt (line 104))
Requirement already satisfied: pep8==1.7.0 in c:\programdata\anaconda2\lib\site-packages (from -r requirements.txt (line 105))
Requirement already satisfied: pickleshare==0.7.4 in c:\programdata\anaconda2\lib\site-packages (from -r requirements.txt (line 106))
Collecting Pillow==4.1.1 (from -r requirements.txt (line 107))
  Using cached Pillow-4.1.1-cp27-cp27m-win_amd64.whl
Requirement already satisfied: ply==3.10 in c:\programdata\anaconda2\lib\site-packages (from -r requirements.txt (line 108))
Collecting prompt-toolkit==1.0.14 (from -r requirements.txt (line 109))
  Using cached prompt_toolkit-1.0.14-py2-none-any.whl
Collecting psutil==5.2.2 (from -r requirements.txt (line 110))
  Using cached psutil-5.2.2-cp27-none-win_amd64.whl
Collecting py==1.4.33 (from -r requirements.txt (line 111))
  Using cached py-1.4.33-py2.py3-none-any.whl
Collecting PyAutoGUI==0.9.36 (from -r requirements.txt (line 112))
  Using cached PyAutoGUI-0.9.36.tar.gz
Requirement already satisfied: pycosat==0.6.3 in c:\programdata\anaconda2\lib\site-packages (from -r requirements.txt (line 113))
Collecting pycparser==2.17 (from -r requirements.txt (line 114))
  Using cached pycparser-2.17.tar.gz
Requirement already satisfied: pycrypto==2.6.1 in c:\programdata\anaconda2\lib\site-packages (from -r requirements.txt (line 115))
Requirement already satisfied: pycurl==7.43.0 in c:\programdata\anaconda2\lib\site-packages (from -r requirements.txt (line 116))
Collecting pyflakes==1.5.0 (from -r requirements.txt (line 117))
  Using cached pyflakes-1.5.0-py2.py3-none-any.whl
Collecting pyglet==1.2.4 (from -r requirements.txt (line 118))
  Using cached pyglet-1.2.4-py2-none-any.whl
Requirement already satisfied: Pygments==2.2.0 in c:\programdata\anaconda2\lib\site-packages (from -r requirements.txt (line 119))
Collecting pylint==1.6.4 (from -r requirements.txt (line 120))
  Using cached pylint-1.6.4-py2.py3-none-any.whl
Collecting PyMsgBox==1.0.6 (from -r requirements.txt (line 121))
  Using cached PyMsgBox-1.0.6.zip
Collecting pyodbc==4.0.16 (from -r requirements.txt (line 122))
  Using cached pyodbc-4.0.16-cp27-cp27m-win_amd64.whl
Collecting pyOpenSSL==17.0.0 (from -r requirements.txt (line 123))
  Using cached pyOpenSSL-17.0.0-py2.py3-none-any.whl
Collecting pyparsing==2.1.4 (from -r requirements.txt (line 124))
  Using cached pyparsing-2.1.4-py2.py3-none-any.whl
Collecting PyScreeze==0.1.13 (from -r requirements.txt (line 125))
  Using cached PyScreeze-0.1.13.tar.gz
Collecting pytest==3.0.7 (from -r requirements.txt (line 126))
  Using cached pytest-3.0.7-py2.py3-none-any.whl
Collecting python-dateutil==2.6.0 (from -r requirements.txt (line 127))
  Using cached python_dateutil-2.6.0-py2.py3-none-any.whl
Collecting PyTweening==1.0.3 (from -r requirements.txt (line 128))
  Using cached PyTweening-1.0.3.zip
Requirement already satisfied: pytz==2017.2 in c:\programdata\anaconda2\lib\site-packages (from -r requirements.txt (line 129))
Requirement already satisfied: PyWavelets==0.5.2 in c:\programdata\anaconda2\lib\site-packages (from -r requirements.txt (line 130))
Requirement already satisfied: pywin32==221 in c:\programdata\anaconda2\lib\site-packages (from -r requirements.txt (line 131))
Requirement already satisfied: PyYAML==3.12 in c:\programdata\anaconda2\lib\site-packages (from -r requirements.txt (line 132))
Requirement already satisfied: pyzmq==16.0.2 in c:\programdata\anaconda2\lib\site-packages (from -r requirements.txt (line 133))
Requirement already satisfied: QtAwesome==0.4.4 in c:\programdata\anaconda2\lib\site-packages (from -r requirements.txt (line 134))
Collecting qtconsole==4.3.0 (from -r requirements.txt (line 135))
  Using cached qtconsole-4.3.0-py2.py3-none-any.whl
Collecting QtPy==1.2.1 (from -r requirements.txt (line 136))
  Using cached QtPy-1.2.1-py2.py3-none-any.whl
Collecting requests==2.14.2 (from -r requirements.txt (line 137))
  Using cached requests-2.14.2-py2.py3-none-any.whl
Collecting rope==0.9.4 (from -r requirements.txt (line 138))
  Using cached rope-0.9.4.tar.gz
Collecting Rtree==0.8.3 (from -r requirements.txt (line 139))
  Using cached Rtree-0.8.3-py2-none-any.whl
Collecting scandir==1.5 (from -r requirements.txt (line 140))
  Using cached scandir-1.5.tar.gz
Requirement already satisfied: scikit-image==0.13.0 in c:\programdata\anaconda2\lib\site-packages (from -r requirements.txt (line 141))
Collecting scikit-learn==0.18.1 (from -r requirements.txt (line 142))
  Using cached scikit_learn-0.18.1-cp27-cp27m-win_amd64.whl
Collecting seaborn==0.7.1 (from -r requirements.txt (line 143))
  Using cached seaborn-0.7.1.tar.gz
Collecting selenium==3.8.0 (from -r requirements.txt (line 144))
  Using cached selenium-3.8.0-py2.py3-none-any.whl
Requirement already satisfied: simplegeneric==0.8.1 in c:\programdata\anaconda2\lib\site-packages (from -r requirements.txt (line 145))
Requirement already satisfied: singledispatch==3.4.0.3 in c:\programdata\anaconda2\lib\site-packages (from -r requirements.txt (line 146))
Collecting six==1.10.0 (from -r requirements.txt (line 147))
  Downloading six-1.10.0-py2.py3-none-any.whl
Requirement already satisfied: snowballstemmer==1.2.1 in c:\programdata\anaconda2\lib\site-packages (from -r requirements.txt (line 148))
Requirement already satisfied: sortedcollections==0.5.3 in c:\programdata\anaconda2\lib\site-packages (from -r requirements.txt (line 149))
Requirement already satisfied: sortedcontainers==1.5.7 in c:\programdata\anaconda2\lib\site-packages (from -r requirements.txt (line 150))
Collecting sphinx==1.5.6 (from -r requirements.txt (line 151))
  Downloading Sphinx-1.5.6-py2.py3-none-any.whl (1.6MB)
    100% |################################| 1.6MB 326kB/s
Collecting spyder==3.1.4 (from -r requirements.txt (line 152))
  Downloading spyder-3.1.4-py2-none-any.whl (3.5MB)
    100% |################################| 3.5MB 2.9MB/s
Collecting SQLAlchemy==1.1.9 (from -r requirements.txt (line 153))
  Downloading SQLAlchemy-1.1.9.tar.gz (5.2MB)
    100% |################################| 5.2MB 2.4MB/s
Requirement already satisfied: statsmodels==0.8.0 in c:\programdata\anaconda2\lib\site-packages (from -r requirements.txt (line 154))
Requirement already satisfied: subprocess32==3.2.7 in c:\programdata\anaconda2\lib\site-packages (from -r requirements.txt (line 155))
Collecting svg.path==2.2 (from -r requirements.txt (line 156))
  Downloading svg.path-2.2.tar.gz
Collecting sympy==1.0 (from -r requirements.txt (line 157))
  Downloading sympy-1.0.tar.gz (4.3MB)
    100% |################################| 4.3MB 1.7MB/s
Collecting tables==3.2.2 (from -r requirements.txt (line 158))
  Downloading tables-3.2.2.tar.gz (7.0MB)
    100% |################################| 7.0MB 2.4MB/s
    Complete output from command python setup.py egg_info:
    * Using Python 2.7.14 |Anaconda custom (64-bit)| (default, Oct 15 2017, 03:34:40) [MSC v.1500 64 bit (AMD64)]
    * USE_PKGCONFIG: False
    Traceback (most recent call last):
      File "<string>", line 1, in <module>
      File "c:\users\faceb\appdata\local\temp\pip-build-fnf3tc\tables\setup.py", line 553, in <module>
        libraries=(package.library_name,))
      File "C:\ProgramData\Anaconda2\lib\distutils\ccompiler.py", line 758, in has_function
        objects = self.compile([fname], include_dirs=include_dirs)
      File "C:\ProgramData\Anaconda2\lib\distutils\msvc9compiler.py", line 473, in compile
        self.initialize()
      File "C:\ProgramData\Anaconda2\lib\distutils\msvc9compiler.py", line 383, in initialize
        vc_env = query_vcvarsall(VERSION, plat_spec)
      File "C:\ProgramData\Anaconda2\lib\site-packages\setuptools\msvc.py", line 147, in msvc9_query_vcvarsall
        return EnvironmentInfo(arch, ver).return_env()
      File "C:\ProgramData\Anaconda2\lib\site-packages\setuptools\msvc.py", line 1228, in return_env
        [self.VCIncludes,
      File "C:\ProgramData\Anaconda2\lib\site-packages\setuptools\msvc.py", line 877, in VCIncludes
        return [os.path.join(self.si.VCInstallDir, 'Include'),
      File "C:\ProgramData\Anaconda2\lib\site-packages\setuptools\msvc.py", line 556, in VCInstallDir
        raise distutils.errors.DistutilsPlatformError(msg)
    distutils.errors.DistutilsPlatformError: Microsoft Visual C++ 9.0 is required. Get it from http://aka.ms/vcpython27

    ----------------------------------------
Command "python setup.py egg_info" failed with error code 1 in c:\users\faceb\appdata\local\temp\pip-build-fnf3tc\tables\

(base) D:\FYP\3D_Virtualisation\packages>pip install -r requirements.txt
Requirement already satisfied: alabaster==0.7.10 in c:\programdata\anaconda2\lib\site-packages (from -r requirements.txt (line 1))
Requirement already satisfied: anaconda-client==1.6.8 in c:\programdata\anaconda2\lib\site-packages (from -r requirements.txt (line 2))
Requirement already satisfied: anaconda-navigator==1.6.12 in c:\programdata\anaconda2\lib\site-packages (from -r requirements.txt (line 3))
Requirement already satisfied: anaconda-project==0.8.0 in c:\programdata\anaconda2\lib\site-packages (from -r requirements.txt (line 4))
Requirement already satisfied: asn1crypto==0.22.0 in c:\programdata\anaconda2\lib\site-packages (from -r requirements.txt (line 5))
Collecting astroid==1.4.9 (from -r requirements.txt (line 6))
  Using cached astroid-1.4.9-py2.py3-none-any.whl
Collecting astropy==1.3.2 (from -r requirements.txt (line 7))
  Using cached astropy-1.3.2-cp27-cp27m-win_amd64.whl
Collecting Babel==2.4.0 (from -r requirements.txt (line 8))
  Using cached Babel-2.4.0-py2.py3-none-any.whl
Requirement already satisfied: backports-abc==0.5 in c:\programdata\anaconda2\lib\site-packages (from -r requirements.txt (line 9))
Requirement already satisfied: backports.shutil-get-terminal-size==1.0.0 in c:\programdata\anaconda2\lib\site-packages (from -r requirements.txt (line 10))
Collecting backports.ssl-match-hostname==3.4.0.2 (from -r requirements.txt (line 11))
  Using cached backports.ssl_match_hostname-3.4.0.2.tar.gz
Requirement already satisfied: beautifulsoup4==4.6.0 in c:\programdata\anaconda2\lib\site-packages (from -r requirements.txt (line 12))
Requirement already satisfied: bitarray==0.8.1 in c:\programdata\anaconda2\lib\site-packages (from -r requirements.txt (line 13))
Collecting blaze==0.10.1 (from -r requirements.txt (line 14))
  Using cached blaze-0.10.1.tar.gz
Collecting bleach==1.5.0 (from -r requirements.txt (line 15))
  Using cached bleach-1.5.0-py2.py3-none-any.whl
Collecting blinker==1.4 (from -r requirements.txt (line 16))
  Using cached blinker-1.4.tar.gz
Collecting bokeh==0.12.5 (from -r requirements.txt (line 17))
  Using cached bokeh-0.12.5.tar.gz
Collecting boto==2.46.1 (from -r requirements.txt (line 18))
  Using cached boto-2.46.1-py2.py3-none-any.whl
Requirement already satisfied: Bottleneck==1.2.1 in c:\programdata\anaconda2\lib\site-packages (from -r requirements.txt (line 19))
Requirement already satisfied: cdecimal==2.3 in c:\programdata\anaconda2\lib\site-packages (from -r requirements.txt (line 20))
Requirement already satisfied: cffi==1.10.0 in c:\programdata\anaconda2\lib\site-packages (from -r requirements.txt (line 21))
Collecting chardet==3.0.3 (from -r requirements.txt (line 22))
  Using cached chardet-3.0.3-py2.py3-none-any.whl
Requirement already satisfied: click==6.7 in c:\programdata\anaconda2\lib\site-packages (from -r requirements.txt (line 23))
Collecting cloudpickle==0.2.2 (from -r requirements.txt (line 24))
  Using cached cloudpickle-0.2.2-py2.py3-none-any.whl
Requirement already satisfied: clyent==1.2.2 in c:\programdata\anaconda2\lib\site-packages (from -r requirements.txt (line 25))
Requirement already satisfied: colorama==0.3.9 in c:\programdata\anaconda2\lib\site-packages (from -r requirements.txt (line 26))
Requirement already satisfied: comtypes==1.1.2 in c:\programdata\anaconda2\lib\site-packages (from -r requirements.txt (line 27))
Requirement already satisfied: conda==4.4.8 in c:\programdata\anaconda2\lib\site-packages (from -r requirements.txt (line 28))
Requirement already satisfied: configparser==3.5.0 in c:\programdata\anaconda2\lib\site-packages (from -r requirements.txt (line 29))
Requirement already satisfied: contextlib2==0.5.5 in c:\programdata\anaconda2\lib\site-packages (from -r requirements.txt (line 30))
Collecting cryptography==1.8.1 (from -r requirements.txt (line 31))
  Using cached cryptography-1.8.1-cp27-cp27m-win_amd64.whl
Requirement already satisfied: cycler==0.10.0 in c:\programdata\anaconda2\lib\site-packages (from -r requirements.txt (line 32))
Collecting Cython==0.25.2 (from -r requirements.txt (line 33))
  Using cached Cython-0.25.2-cp27-none-win_amd64.whl
Requirement already satisfied: cytoolz==0.8.2 in c:\programdata\anaconda2\lib\site-packages (from -r requirements.txt (line 34))
Collecting dask==0.14.3 (from -r requirements.txt (line 35))
  Using cached dask-0.14.3-py2.py3-none-any.whl
Requirement already satisfied: datashape==0.5.4 in c:\programdata\anaconda2\lib\site-packages (from -r requirements.txt (line 36))
Collecting decorator==4.0.11 (from -r requirements.txt (line 37))
  Using cached decorator-4.0.11-py2.py3-none-any.whl
Collecting distributed==1.16.3 (from -r requirements.txt (line 38))
  Using cached distributed-1.16.3-py2.py3-none-any.whl
Collecting docutils==0.13.1 (from -r requirements.txt (line 39))
  Using cached docutils-0.13.1-py2-none-any.whl
Collecting entrypoints==0.2.2 (from -r requirements.txt (line 40))
  Using cached entrypoints-0.2.2-py2.py3-none-any.whl
Requirement already satisfied: enum34==1.1.6 in c:\programdata\anaconda2\lib\site-packages (from -r requirements.txt (line 41))
Requirement already satisfied: et-xmlfile==1.0.1 in c:\programdata\anaconda2\lib\site-packages (from -r requirements.txt (line 42))
Requirement already satisfied: fastcache==1.0.2 in c:\programdata\anaconda2\lib\site-packages (from -r requirements.txt (line 43))
Requirement already satisfied: Flask==0.12.2 in c:\programdata\anaconda2\lib\site-packages (from -r requirements.txt (line 44))
Collecting Flask-Bootstrap==3.2.0.2 (from -r requirements.txt (line 45))
  Using cached Flask-Bootstrap-3.2.0.2.tar.gz
Collecting Flask-Cors==3.0.2 (from -r requirements.txt (line 46))
  Using cached Flask_Cors-3.0.2-py2.py3-none-any.whl
Collecting Flask-DebugToolbar==0.10.1 (from -r requirements.txt (line 47))
  Using cached Flask_DebugToolbar-0.10.1-py2.py3-none-any.whl
Requirement already satisfied: funcsigs==1.0.2 in c:\programdata\anaconda2\lib\site-packages (from -r requirements.txt (line 48))
Requirement already satisfied: functools32==3.2.3.post2 in c:\programdata\anaconda2\lib\site-packages (from -r requirements.txt (line 49))
Requirement already satisfied: futures==3.1.1 in c:\programdata\anaconda2\lib\site-packages (from -r requirements.txt (line 50))
Collecting gevent==1.2.1 (from -r requirements.txt (line 51))
  Using cached gevent-1.2.1-cp27-cp27m-win_amd64.whl
Requirement already satisfied: greenlet==0.4.12 in c:\programdata\anaconda2\lib\site-packages (from -r requirements.txt (line 52))
Requirement already satisfied: grin==1.2.1 in c:\programdata\anaconda2\lib\site-packages (from -r requirements.txt (line 53))
Requirement already satisfied: h5py==2.7.0 in c:\programdata\anaconda2\lib\site-packages (from -r requirements.txt (line 54))
Requirement already satisfied: HeapDict==1.0.0 in c:\programdata\anaconda2\lib\site-packages (from -r requirements.txt (line 55))
Collecting html5lib==0.999 (from -r requirements.txt (line 56))
  Using cached html5lib-0.999.tar.gz
Collecting idna==2.5 (from -r requirements.txt (line 57))
  Using cached idna-2.5-py2.py3-none-any.whl
Requirement already satisfied: imagesize==0.7.1 in c:\programdata\anaconda2\lib\site-packages (from -r requirements.txt (line 58))
Requirement already satisfied: ipaddress==1.0.18 in c:\programdata\anaconda2\lib\site-packages (from -r requirements.txt (line 59))
Requirement already satisfied: ipykernel==4.6.1 in c:\programdata\anaconda2\lib\site-packages (from -r requirements.txt (line 60))
Collecting ipython==5.3.0 (from -r requirements.txt (line 61))
  Using cached ipython-5.3.0-py2-none-any.whl
Requirement already satisfied: ipython-genutils==0.2.0 in c:\programdata\anaconda2\lib\site-packages (from -r requirements.txt (line 62))
Collecting ipywidgets==6.0.0 (from -r requirements.txt (line 63))
  Using cached ipywidgets-6.0.0-py2.py3-none-any.whl
Collecting isort==4.2.5 (from -r requirements.txt (line 64))
  Using cached isort-4.2.5-py2.py3-none-any.whl
Requirement already satisfied: itsdangerous==0.24 in c:\programdata\anaconda2\lib\site-packages (from -r requirements.txt (line 65))
Requirement already satisfied: jdcal==1.3 in c:\programdata\anaconda2\lib\site-packages (from -r requirements.txt (line 66))
Requirement already satisfied: jedi==0.10.2 in c:\programdata\anaconda2\lib\site-packages (from -r requirements.txt (line 67))
Requirement already satisfied: Jinja2==2.9.6 in c:\programdata\anaconda2\lib\site-packages (from -r requirements.txt (line 68))
Requirement already satisfied: jsonschema==2.6.0 in c:\programdata\anaconda2\lib\site-packages (from -r requirements.txt (line 69))
Collecting jupyter==1.0.0 (from -r requirements.txt (line 70))
  Using cached jupyter-1.0.0-py2.py3-none-any.whl
Collecting jupyter-client==5.0.1 (from -r requirements.txt (line 71))
  Using cached jupyter_client-5.0.1-py2.py3-none-any.whl
Collecting jupyter-console==5.1.0 (from -r requirements.txt (line 72))
  Using cached jupyter_console-5.1.0-py2.py3-none-any.whl
Requirement already satisfied: jupyter-core==4.3.0 in c:\programdata\anaconda2\lib\site-packages (from -r requirements.txt (line 73))
Collecting lazy-object-proxy==1.2.2 (from -r requirements.txt (line 74))
  Using cached lazy_object_proxy-1.2.2-cp27-cp27m-win_amd64.whl
Collecting llvmlite==0.18.0 (from -r requirements.txt (line 75))
  Using cached llvmlite-0.18.0.tar.gz
Requirement already satisfied: locket==0.2.0 in c:\programdata\anaconda2\lib\site-packages (from -r requirements.txt (line 76))
Collecting lxml==3.7.3 (from -r requirements.txt (line 77))
  Using cached lxml-3.7.3-cp27-none-win_amd64.whl
Collecting MarkupSafe==0.23 (from -r requirements.txt (line 78))
  Using cached MarkupSafe-0.23.tar.gz
Collecting matplotlib==2.0.2 (from -r requirements.txt (line 79))
  Using cached matplotlib-2.0.2-cp27-cp27m-win_amd64.whl
Requirement already satisfied: menuinst==1.4.10 in c:\programdata\anaconda2\lib\site-packages (from -r requirements.txt (line 80))
Requirement already satisfied: mistune==0.7.4 in c:\programdata\anaconda2\lib\site-packages (from -r requirements.txt (line 81))
Requirement already satisfied: mpmath==0.19 in c:\programdata\anaconda2\lib\site-packages (from -r requirements.txt (line 82))
Requirement already satisfied: msgpack-python==0.4.8 in c:\programdata\anaconda2\lib\site-packages (from -r requirements.txt (line 83))
Requirement already satisfied: multipledispatch==0.4.9 in c:\programdata\anaconda2\lib\site-packages (from -r requirements.txt (line 84))
Requirement already satisfied: navigator-updater==0.1.0 in c:\programdata\anaconda2\lib\site-packages (from -r requirements.txt (line 85))
Collecting nbconvert==5.1.1 (from -r requirements.txt (line 86))
  Using cached nbconvert-5.1.1-py2.py3-none-any.whl
Collecting nbformat==4.3.0 (from -r requirements.txt (line 87))
  Using cached nbformat-4.3.0-py2.py3-none-any.whl
Collecting networkx==1.11 (from -r requirements.txt (line 88))
  Using cached networkx-1.11-py2.py3-none-any.whl
Collecting nltk==3.2.3 (from -r requirements.txt (line 89))
  Using cached nltk-3.2.3.tar.gz
Requirement already satisfied: nose==1.3.7 in c:\programdata\anaconda2\lib\site-packages (from -r requirements.txt (line 90))
Requirement already satisfied: notebook==5.0.0 in c:\programdata\anaconda2\lib\site-packages (from -r requirements.txt (line 91))
Requirement already satisfied: numexpr==2.6.2 in c:\programdata\anaconda2\lib\site-packages (from -r requirements.txt (line 92))
Collecting numpy==1.12.1 (from -r requirements.txt (line 93))
  Using cached numpy-1.12.1-cp27-none-win_amd64.whl
Collecting numpydoc==0.6.0 (from -r requirements.txt (line 94))
  Using cached numpydoc-0.6.0.tar.gz
Collecting odo==0.5.0 (from -r requirements.txt (line 95))
  Using cached odo-0.5.0.tar.gz
Requirement already satisfied: olefile==0.44 in c:\programdata\anaconda2\lib\site-packages (from -r requirements.txt (line 96))
Collecting openpyxl==2.4.7 (from -r requirements.txt (line 97))
  Using cached openpyxl-2.4.7.tar.gz
Requirement already satisfied: packaging==16.8 in c:\programdata\anaconda2\lib\site-packages (from -r requirements.txt (line 98))
Collecting pandas==0.20.1 (from -r requirements.txt (line 99))
  Using cached pandas-0.20.1-cp27-cp27m-win_amd64.whl
Collecting pandocfilters==1.4.1 (from -r requirements.txt (line 100))
  Using cached pandocfilters-1.4.1.tar.gz
Requirement already satisfied: partd==0.3.8 in c:\programdata\anaconda2\lib\site-packages (from -r requirements.txt (line 101))
Requirement already satisfied: path.py==10.3.1 in c:\programdata\anaconda2\lib\site-packages (from -r requirements.txt (line 102))
Collecting pathlib2==2.2.1 (from -r requirements.txt (line 103))
  Using cached pathlib2-2.2.1-py2.py3-none-any.whl
Requirement already satisfied: patsy==0.4.1 in c:\programdata\anaconda2\lib\site-packages (from -r requirements.txt (line 104))
Requirement already satisfied: pep8==1.7.0 in c:\programdata\anaconda2\lib\site-packages (from -r requirements.txt (line 105))
Requirement already satisfied: pickleshare==0.7.4 in c:\programdata\anaconda2\lib\site-packages (from -r requirements.txt (line 106))
Collecting Pillow==4.1.1 (from -r requirements.txt (line 107))
  Using cached Pillow-4.1.1-cp27-cp27m-win_amd64.whl
Requirement already satisfied: ply==3.10 in c:\programdata\anaconda2\lib\site-packages (from -r requirements.txt (line 108))
Collecting prompt-toolkit==1.0.14 (from -r requirements.txt (line 109))
  Using cached prompt_toolkit-1.0.14-py2-none-any.whl
Collecting psutil==5.2.2 (from -r requirements.txt (line 110))
  Using cached psutil-5.2.2-cp27-none-win_amd64.whl
Collecting py==1.4.33 (from -r requirements.txt (line 111))
  Using cached py-1.4.33-py2.py3-none-any.whl
Collecting PyAutoGUI==0.9.36 (from -r requirements.txt (line 112))
  Using cached PyAutoGUI-0.9.36.tar.gz
Requirement already satisfied: pycosat==0.6.3 in c:\programdata\anaconda2\lib\site-packages (from -r requirements.txt (line 113))
Collecting pycparser==2.17 (from -r requirements.txt (line 114))
  Using cached pycparser-2.17.tar.gz
Requirement already satisfied: pycrypto==2.6.1 in c:\programdata\anaconda2\lib\site-packages (from -r requirements.txt (line 115))
Requirement already satisfied: pycurl==7.43.0 in c:\programdata\anaconda2\lib\site-packages (from -r requirements.txt (line 116))
Collecting pyflakes==1.5.0 (from -r requirements.txt (line 117))
  Using cached pyflakes-1.5.0-py2.py3-none-any.whl
Collecting pyglet==1.2.4 (from -r requirements.txt (line 118))
  Using cached pyglet-1.2.4-py2-none-any.whl
Requirement already satisfied: Pygments==2.2.0 in c:\programdata\anaconda2\lib\site-packages (from -r requirements.txt (line 119))
Collecting pylint==1.6.4 (from -r requirements.txt (line 120))
  Using cached pylint-1.6.4-py2.py3-none-any.whl
Collecting PyMsgBox==1.0.6 (from -r requirements.txt (line 121))
  Using cached PyMsgBox-1.0.6.zip
Collecting pyodbc==4.0.16 (from -r requirements.txt (line 122))
  Using cached pyodbc-4.0.16-cp27-cp27m-win_amd64.whl
Collecting pyOpenSSL==17.0.0 (from -r requirements.txt (line 123))
  Using cached pyOpenSSL-17.0.0-py2.py3-none-any.whl
Collecting pyparsing==2.1.4 (from -r requirements.txt (line 124))
  Using cached pyparsing-2.1.4-py2.py3-none-any.whl
Collecting PyScreeze==0.1.13 (from -r requirements.txt (line 125))
  Using cached PyScreeze-0.1.13.tar.gz
Collecting pytest==3.0.7 (from -r requirements.txt (line 126))
  Using cached pytest-3.0.7-py2.py3-none-any.whl
Collecting python-dateutil==2.6.0 (from -r requirements.txt (line 127))
  Using cached python_dateutil-2.6.0-py2.py3-none-any.whl
Collecting PyTweening==1.0.3 (from -r requirements.txt (line 128))
  Using cached PyTweening-1.0.3.zip
Requirement already satisfied: pytz==2017.2 in c:\programdata\anaconda2\lib\site-packages (from -r requirements.txt (line 129))
Requirement already satisfied: PyWavelets==0.5.2 in c:\programdata\anaconda2\lib\site-packages (from -r requirements.txt (line 130))
Requirement already satisfied: pywin32==221 in c:\programdata\anaconda2\lib\site-packages (from -r requirements.txt (line 131))
Requirement already satisfied: PyYAML==3.12 in c:\programdata\anaconda2\lib\site-packages (from -r requirements.txt (line 132))
Requirement already satisfied: pyzmq==16.0.2 in c:\programdata\anaconda2\lib\site-packages (from -r requirements.txt (line 133))
Requirement already satisfied: QtAwesome==0.4.4 in c:\programdata\anaconda2\lib\site-packages (from -r requirements.txt (line 134))
Collecting qtconsole==4.3.0 (from -r requirements.txt (line 135))
  Using cached qtconsole-4.3.0-py2.py3-none-any.whl
Collecting QtPy==1.2.1 (from -r requirements.txt (line 136))
  Using cached QtPy-1.2.1-py2.py3-none-any.whl
Collecting requests==2.14.2 (from -r requirements.txt (line 137))
  Using cached requests-2.14.2-py2.py3-none-any.whl
Collecting rope==0.9.4 (from -r requirements.txt (line 138))
  Using cached rope-0.9.4.tar.gz
Collecting Rtree==0.8.3 (from -r requirements.txt (line 139))
  Using cached Rtree-0.8.3-py2-none-any.whl
Collecting scandir==1.5 (from -r requirements.txt (line 140))
  Using cached scandir-1.5.tar.gz
Requirement already satisfied: scikit-image==0.13.0 in c:\programdata\anaconda2\lib\site-packages (from -r requirements.txt (line 141))
Collecting scikit-learn==0.18.1 (from -r requirements.txt (line 142))
  Using cached scikit_learn-0.18.1-cp27-cp27m-win_amd64.whl
Collecting seaborn==0.7.1 (from -r requirements.txt (line 143))
  Using cached seaborn-0.7.1.tar.gz
Collecting selenium==3.8.0 (from -r requirements.txt (line 144))
  Using cached selenium-3.8.0-py2.py3-none-any.whl
Requirement already satisfied: simplegeneric==0.8.1 in c:\programdata\anaconda2\lib\site-packages (from -r requirements.txt (line 145))
Requirement already satisfied: singledispatch==3.4.0.3 in c:\programdata\anaconda2\lib\site-packages (from -r requirements.txt (line 146))
Collecting six==1.10.0 (from -r requirements.txt (line 147))
  Using cached six-1.10.0-py2.py3-none-any.whl
Requirement already satisfied: snowballstemmer==1.2.1 in c:\programdata\anaconda2\lib\site-packages (from -r requirements.txt (line 148))
Requirement already satisfied: sortedcollections==0.5.3 in c:\programdata\anaconda2\lib\site-packages (from -r requirements.txt (line 149))
Requirement already satisfied: sortedcontainers==1.5.7 in c:\programdata\anaconda2\lib\site-packages (from -r requirements.txt (line 150))
Collecting svg.path==2.2 (from -r requirements.txt (line 151))
  Using cached svg.path-2.2.tar.gz
Collecting sympy==1.0 (from -r requirements.txt (line 152))
  Using cached sympy-1.0.tar.gz
Collecting tables==3.2.2 (from -r requirements.txt (line 153))
  Using cached tables-3.2.2.tar.gz
    Complete output from command python setup.py egg_info:
    * Using Python 2.7.14 |Anaconda custom (64-bit)| (default, Oct 15 2017, 03:34:40) [MSC v.1500 64 bit (AMD64)]
    * USE_PKGCONFIG: False
    Traceback (most recent call last):
      File "<string>", line 1, in <module>
      File "c:\users\faceb\appdata\local\temp\pip-build-vjrugm\tables\setup.py", line 553, in <module>
        libraries=(package.library_name,))
      File "C:\ProgramData\Anaconda2\lib\distutils\ccompiler.py", line 758, in has_function
        objects = self.compile([fname], include_dirs=include_dirs)
      File "C:\ProgramData\Anaconda2\lib\distutils\msvc9compiler.py", line 473, in compile
        self.initialize()
      File "C:\ProgramData\Anaconda2\lib\distutils\msvc9compiler.py", line 383, in initialize
        vc_env = query_vcvarsall(VERSION, plat_spec)
      File "C:\ProgramData\Anaconda2\lib\site-packages\setuptools\msvc.py", line 147, in msvc9_query_vcvarsall
        return EnvironmentInfo(arch, ver).return_env()
      File "C:\ProgramData\Anaconda2\lib\site-packages\setuptools\msvc.py", line 1228, in return_env
        [self.VCIncludes,
      File "C:\ProgramData\Anaconda2\lib\site-packages\setuptools\msvc.py", line 877, in VCIncludes
        return [os.path.join(self.si.VCInstallDir, 'Include'),
      File "C:\ProgramData\Anaconda2\lib\site-packages\setuptools\msvc.py", line 556, in VCInstallDir
        raise distutils.errors.DistutilsPlatformError(msg)
    distutils.errors.DistutilsPlatformError: Microsoft Visual C++ 9.0 is required. Get it from http://aka.ms/vcpython27

    ----------------------------------------
Command "python setup.py egg_info" failed with error code 1 in c:\users\faceb\appdata\local\temp\pip-build-vjrugm\tables\

(base) D:\FYP\3D_Virtualisation\packages>pip install tables-3.2.2.tar.gz
Processing d:\fyp\3d_virtualisation\packages\tables-3.2.2.tar.gz
    Complete output from command python setup.py egg_info:
    * Using Python 2.7.14 |Anaconda custom (64-bit)| (default, Oct 15 2017, 03:34:40) [MSC v.1500 64 bit (AMD64)]
    * USE_PKGCONFIG: False
    Traceback (most recent call last):
      File "<string>", line 1, in <module>
      File "c:\users\faceb\appdata\local\temp\pip-b7mukz-build\setup.py", line 553, in <module>
        libraries=(package.library_name,))
      File "C:\ProgramData\Anaconda2\lib\distutils\ccompiler.py", line 758, in has_function
        objects = self.compile([fname], include_dirs=include_dirs)
      File "C:\ProgramData\Anaconda2\lib\distutils\msvc9compiler.py", line 473, in compile
        self.initialize()
      File "C:\ProgramData\Anaconda2\lib\distutils\msvc9compiler.py", line 383, in initialize
        vc_env = query_vcvarsall(VERSION, plat_spec)
      File "C:\ProgramData\Anaconda2\lib\site-packages\setuptools\msvc.py", line 147, in msvc9_query_vcvarsall
        return EnvironmentInfo(arch, ver).return_env()
      File "C:\ProgramData\Anaconda2\lib\site-packages\setuptools\msvc.py", line 1228, in return_env
        [self.VCIncludes,
      File "C:\ProgramData\Anaconda2\lib\site-packages\setuptools\msvc.py", line 877, in VCIncludes
        return [os.path.join(self.si.VCInstallDir, 'Include'),
      File "C:\ProgramData\Anaconda2\lib\site-packages\setuptools\msvc.py", line 556, in VCInstallDir
        raise distutils.errors.DistutilsPlatformError(msg)
    distutils.errors.DistutilsPlatformError: Microsoft Visual C++ 9.0 is required. Get it from http://aka.ms/vcpython27

    ----------------------------------------
Command "python setup.py egg_info" failed with error code 1 in c:\users\faceb\appdata\local\temp\pip-b7mukz-build\

(base) D:\FYP\3D_Virtualisation\packages>pip install -r requirements.txt
Collecting trimesh==2.14.17 (from -r requirements.txt (line 1))
  Downloading trimesh-2.14.17.tar.gz (167kB)
    100% |################################| 174kB 2.6MB/s
Requirement already satisfied: unicodecsv==0.14.1 in c:\programdata\anaconda2\lib\site-packages (from -r requirements.txt (line 2))
Requirement already satisfied: wcwidth==0.1.7 in c:\programdata\anaconda2\lib\site-packages (from -r requirements.txt (line 3))
Requirement already satisfied: Werkzeug==0.12.2 in c:\programdata\anaconda2\lib\site-packages (from -r requirements.txt (line 4))
Collecting widgetsnbextension==2.0.0 (from -r requirements.txt (line 5))
  Downloading widgetsnbextension-2.0.0-py2.py3-none-any.whl (1.1MB)
    100% |################################| 1.1MB 3.3MB/s
Requirement already satisfied: win-unicode-console==0.5 in c:\programdata\anaconda2\lib\site-packages (from -r requirements.txt (line 6))
Collecting wrapt==1.10.10 (from -r requirements.txt (line 7))
  Downloading wrapt-1.10.10.tar.gz
Collecting xlrd==1.0.0 (from -r requirements.txt (line 8))
  Downloading xlrd-1.0.0.tar.gz (2.6MB)
    100% |################################| 2.6MB 2.8MB/s
Collecting XlsxWriter==0.9.6 (from -r requirements.txt (line 9))
  Downloading XlsxWriter-0.9.6-py2.py3-none-any.whl (137kB)
    100% |################################| 143kB 2.9MB/s
Collecting xlwings==0.10.4 (from -r requirements.txt (line 10))
  Downloading xlwings-0.10.4.tar.gz (1.5MB)
    100% |################################| 1.5MB 3.3MB/s
Collecting xlwt==1.2.0 (from -r requirements.txt (line 11))
  Downloading xlwt-1.2.0-py2.py3-none-any.whl (99kB)
    100% |################################| 102kB 4.1MB/s
Collecting zict==0.1.2 (from -r requirements.txt (line 12))
  Downloading zict-0.1.2-py2.py3-none-any.whl
Requirement already satisfied: numpy in c:\programdata\anaconda2\lib\site-packages (from trimesh==2.14.17->-r requirements.txt (line 1))
Requirement already satisfied: scipy in c:\programdata\anaconda2\lib\site-packages (from trimesh==2.14.17->-r requirements.txt (line 1))
Requirement already satisfied: networkx in c:\programdata\anaconda2\lib\site-packages (from trimesh==2.14.17->-r requirements.txt (line 1))
Requirement already satisfied: notebook>=4.4.1 in c:\programdata\anaconda2\lib\site-packages (from widgetsnbextension==2.0.0->-r requirements.txt (line 5))
Requirement already satisfied: comtypes in c:\programdata\anaconda2\lib\site-packages (from xlwings==0.10.4->-r requirements.txt (line 10))
Requirement already satisfied: heapdict in c:\programdata\anaconda2\lib\site-packages (from zict==0.1.2->-r requirements.txt (line 12))
Requirement already satisfied: decorator>=4.1.0 in c:\programdata\anaconda2\lib\site-packages (from networkx->trimesh==2.14.17->-r requirements.txt (line 1))
Building wheels for collected packages: trimesh, wrapt, xlrd, xlwings
  Running setup.py bdist_wheel for trimesh ... done
  Stored in directory: C:\Users\faceb\AppData\Local\pip\Cache\wheels\ad\d9\13\57accb2b3ee1aa1aa0b99116f4a1bf7a2dac363b26fc8e8d23
  Running setup.py bdist_wheel for wrapt ... done
  Stored in directory: C:\Users\faceb\AppData\Local\pip\Cache\wheels\22\a5\9f\ca577d0e7b917b681fdbb7b36a41a8a9ae76fb7fec146438dc
  Running setup.py bdist_wheel for xlrd ... done
  Stored in directory: C:\Users\faceb\AppData\Local\pip\Cache\wheels\40\d4\6c\df6603e86ef3183ba2ecc97c5c3f1bf92802d54aa939522235
  Running setup.py bdist_wheel for xlwings ... done
  Stored in directory: C:\Users\faceb\AppData\Local\pip\Cache\wheels\8e\7f\a1\84425848356f7983cf1cde040d994f82edc261d0cbfbdf4052
Successfully built trimesh wrapt xlrd xlwings
Installing collected packages: trimesh, widgetsnbextension, wrapt, xlrd, XlsxWriter, xlwings, xlwt, zict
  Found existing installation: widgetsnbextension 3.0.2
    Uninstalling widgetsnbextension-3.0.2:
      Successfully uninstalled widgetsnbextension-3.0.2
  Found existing installation: wrapt 1.10.11
    DEPRECATION: Uninstalling a distutils installed project (wrapt) has been deprecated and will be removed in a future version. This is due to the fact that uninstalling a distutils project will only partially uninstall the project.
    Uninstalling wrapt-1.10.11:
      Successfully uninstalled wrapt-1.10.11
  Found existing installation: xlrd 1.1.0
    Uninstalling xlrd-1.1.0:
      Successfully uninstalled xlrd-1.1.0
  Found existing installation: XlsxWriter 1.0.2
    Uninstalling XlsxWriter-1.0.2:
      Successfully uninstalled XlsxWriter-1.0.2
  Found existing installation: xlwings 0.11.4
    Uninstalling xlwings-0.11.4:
      Successfully uninstalled xlwings-0.11.4
  Found existing installation: xlwt 1.3.0
    Uninstalling xlwt-1.3.0:
      Successfully uninstalled xlwt-1.3.0
  Found existing installation: zict 0.1.3
    Uninstalling zict-0.1.3:
      Successfully uninstalled zict-0.1.3
Successfully installed XlsxWriter-0.9.6 trimesh-2.14.17 widgetsnbextension-2.0.0 wrapt-1.10.10 xlrd-1.0.0 xlwings-0.10.4 xlwt-1.2.0 zict-0.1.2

(base) D:\FYP\3D_Virtualisation\packages>pip install -r requirements.txt
Requirement already satisfied: xlwt==1.2.0 in c:\programdata\anaconda2\lib\site-packages (from -r requirements.txt (line 2))
Requirement already satisfied: zict==0.1.2 in c:\programdata\anaconda2\lib\site-packages (from -r requirements.txt (line 3))
Requirement already satisfied: heapdict in c:\programdata\anaconda2\lib\site-packages (from zict==0.1.2->-r requirements.txt (line 3))

(base) D:\FYP\3D_Virtualisation\packages>pip install -r requirements.txt
Requirement already satisfied: trimesh==2.14.17 in c:\programdata\anaconda2\lib\site-packages (from -r requirements.txt (line 1))
Requirement already satisfied: unicodecsv==0.14.1 in c:\programdata\anaconda2\lib\site-packages (from -r requirements.txt (line 2))
Requirement already satisfied: wcwidth==0.1.7 in c:\programdata\anaconda2\lib\site-packages (from -r requirements.txt (line 3))
Requirement already satisfied: Werkzeug==0.12.2 in c:\programdata\anaconda2\lib\site-packages (from -r requirements.txt (line 4))
Requirement already satisfied: widgetsnbextension==2.0.0 in c:\programdata\anaconda2\lib\site-packages (from -r requirements.txt (line 5))
Requirement already satisfied: win-unicode-console==0.5 in c:\programdata\anaconda2\lib\site-packages (from -r requirements.txt (line 6))
Requirement already satisfied: wrapt==1.10.10 in c:\programdata\anaconda2\lib\site-packages (from -r requirements.txt (line 7))
Requirement already satisfied: xlrd==1.0.0 in c:\programdata\anaconda2\lib\site-packages (from -r requirements.txt (line 8))
Requirement already satisfied: XlsxWriter==0.9.6 in c:\programdata\anaconda2\lib\site-packages (from -r requirements.txt (line 9))
Requirement already satisfied: xlwings==0.10.4 in c:\programdata\anaconda2\lib\site-packages (from -r requirements.txt (line 10))
Requirement already satisfied: xlwt==1.2.0 in c:\programdata\anaconda2\lib\site-packages (from -r requirements.txt (line 11))
Requirement already satisfied: zict==0.1.2 in c:\programdata\anaconda2\lib\site-packages (from -r requirements.txt (line 12))
Requirement already satisfied: numpy in c:\programdata\anaconda2\lib\site-packages (from trimesh==2.14.17->-r requirements.txt (line 1))
Requirement already satisfied: scipy in c:\programdata\anaconda2\lib\site-packages (from trimesh==2.14.17->-r requirements.txt (line 1))
Requirement already satisfied: networkx in c:\programdata\anaconda2\lib\site-packages (from trimesh==2.14.17->-r requirements.txt (line 1))
Requirement already satisfied: notebook>=4.4.1 in c:\programdata\anaconda2\lib\site-packages (from widgetsnbextension==2.0.0->-r requirements.txt (line 5))
Requirement already satisfied: comtypes in c:\programdata\anaconda2\lib\site-packages (from xlwings==0.10.4->-r requirements.txt (line 10))
Requirement already satisfied: heapdict in c:\programdata\anaconda2\lib\site-packages (from zict==0.1.2->-r requirements.txt (line 12))
Requirement already satisfied: decorator>=4.1.0 in c:\programdata\anaconda2\lib\site-packages (from networkx->trimesh==2.14.17->-r requirements.txt (line 1))
@@@@@@@@@@@@@@@@@@@@@@@@@@@@@@@@@@@@@@@@@@@@@@@@@@@@@@@@@@@@@@@@@@@@@@@@@@@@@@@@@@@@@@@@@@@@@@@@@@@@@@@@@@@@@@@@@@@@@@